[0.009s] Invoking command in '/home/alonso/Development/School/ros_dev/build/ros2_fundamentals_examples': CMAKE_PREFIX_PATH=${CMAKE_PREFIX_PATH}:/opt/ros/jazzy DEBUGINFOD_URLS=https://debuginfod.ubuntu.com /usr/bin/cmake --build /home/alonso/Development/School/ros_dev/build/ros2_fundamentals_examples -- -j16 -l16
[0.082s] [ 25%] [32mBuilding CXX object CMakeFiles/minimal_cpp_subscriber.dir/src/cpp_minimal_subscriber.cpp.o[0m
[0.085s] [ 50%] [32mBuilding CXX object CMakeFiles/minimal_cpp_publisher.dir/src/cpp_minimal_publisher.cpp.o[0m
[0.086s] [ 50%] Built target ament_cmake_python_copy_ros2_fundamentals_examples
[0.245s] running egg_info
[0.254s] writing ros2_fundamentals_examples.egg-info/PKG-INFO
[0.254s] writing dependency_links to ros2_fundamentals_examples.egg-info/dependency_links.txt
[0.254s] writing top-level names to ros2_fundamentals_examples.egg-info/top_level.txt
[0.275s] reading manifest file 'ros2_fundamentals_examples.egg-info/SOURCES.txt'
[0.276s] writing manifest file 'ros2_fundamentals_examples.egg-info/SOURCES.txt'
[0.308s] [ 50%] Built target ament_cmake_python_build_ros2_fundamentals_examples_egg
[2.781s] [ 75%] [32m[1mLinking CXX executable minimal_cpp_publisher[0m
[2.919s] [ 75%] Built target minimal_cpp_publisher
[4.584s] [100%] [32m[1mLinking CXX executable minimal_cpp_subscriber[0m
[4.751s] [100%] Built target minimal_cpp_subscriber
[4.762s] Invoked command in '/home/alonso/Development/School/ros_dev/build/ros2_fundamentals_examples' returned '0': CMAKE_PREFIX_PATH=${CMAKE_PREFIX_PATH}:/opt/ros/jazzy DEBUGINFOD_URLS=https://debuginfod.ubuntu.com /usr/bin/cmake --build /home/alonso/Development/School/ros_dev/build/ros2_fundamentals_examples -- -j16 -l16
[4.771s] Invoking command in '/home/alonso/Development/School/ros_dev/build/ros2_fundamentals_examples': CMAKE_PREFIX_PATH=${CMAKE_PREFIX_PATH}:/opt/ros/jazzy DEBUGINFOD_URLS=https://debuginfod.ubuntu.com /usr/bin/cmake --install /home/alonso/Development/School/ros_dev/build/ros2_fundamentals_examples
[4.778s] -- Install configuration: ""
[4.778s] -- Up-to-date: /home/alonso/Development/School/ros_dev/install/ros2_fundamentals_examples/share/ros2_fundamentals_examples/ros2_fundamentals_examples
[4.778s] -- Up-to-date: /home/alonso/Development/School/ros_dev/install/ros2_fundamentals_examples/share/ros2_fundamentals_examples/ros2_fundamentals_examples/py_minimal_publisher.py
[4.778s] -- Up-to-date: /home/alonso/Development/School/ros_dev/install/ros2_fundamentals_examples/share/ros2_fundamentals_examples/ros2_fundamentals_examples/py_minimal_subscriber.py
[4.778s] -- Up-to-date: /home/alonso/Development/School/ros_dev/install/ros2_fundamentals_examples/share/ros2_fundamentals_examples/ros2_fundamentals_examples/__init__.py
[4.778s] -- Up-to-date: /home/alonso/Development/School/ros_dev/install/ros2_fundamentals_examples/include
[4.779s] -- Up-to-date: /home/alonso/Development/School/ros_dev/install/ros2_fundamentals_examples/include/ros2_fundamentals_examples
[4.780s] -- Installing: /home/alonso/Development/School/ros_dev/install/ros2_fundamentals_examples/lib/ros2_fundamentals_examples/minimal_cpp_publisher
[4.780s] -- Set non-toolchain portion of runtime path of "/home/alonso/Development/School/ros_dev/install/ros2_fundamentals_examples/lib/ros2_fundamentals_examples/minimal_cpp_publisher" to ""
[4.780s] -- Installing: /home/alonso/Development/School/ros_dev/install/ros2_fundamentals_examples/lib/ros2_fundamentals_examples/minimal_cpp_subscriber
[4.783s] -- Set non-toolchain portion of runtime path of "/home/alonso/Development/School/ros_dev/install/ros2_fundamentals_examples/lib/ros2_fundamentals_examples/minimal_cpp_subscriber" to ""
[4.783s] -- Up-to-date: /home/alonso/Development/School/ros_dev/install/ros2_fundamentals_examples/share/ros2_fundamentals_examples/environment/pythonpath.sh
[4.783s] -- Up-to-date: /home/alonso/Development/School/ros_dev/install/ros2_fundamentals_examples/share/ros2_fundamentals_examples/environment/pythonpath.dsv
[4.783s] -- Up-to-date: /home/alonso/Development/School/ros_dev/install/ros2_fundamentals_examples/lib/python3.13/site-packages/ros2_fundamentals_examples-0.0.0-py3.13.egg-info
[4.783s] -- Installing: /home/alonso/Development/School/ros_dev/install/ros2_fundamentals_examples/lib/python3.13/site-packages/ros2_fundamentals_examples-0.0.0-py3.13.egg-info/dependency_links.txt
[4.783s] -- Installing: /home/alonso/Development/School/ros_dev/install/ros2_fundamentals_examples/lib/python3.13/site-packages/ros2_fundamentals_examples-0.0.0-py3.13.egg-info/SOURCES.txt
[4.783s] -- Installing: /home/alonso/Development/School/ros_dev/install/ros2_fundamentals_examples/lib/python3.13/site-packages/ros2_fundamentals_examples-0.0.0-py3.13.egg-info/top_level.txt
[4.783s] -- Installing: /home/alonso/Development/School/ros_dev/install/ros2_fundamentals_examples/lib/python3.13/site-packages/ros2_fundamentals_examples-0.0.0-py3.13.egg-info/PKG-INFO
[4.783s] -- Up-to-date: /home/alonso/Development/School/ros_dev/install/ros2_fundamentals_examples/lib/python3.13/site-packages/ros2_fundamentals_examples
[4.783s] -- Up-to-date: /home/alonso/Development/School/ros_dev/install/ros2_fundamentals_examples/lib/python3.13/site-packages/ros2_fundamentals_examples/py_minimal_publisher.py
[4.783s] -- Up-to-date: /home/alonso/Development/School/ros_dev/install/ros2_fundamentals_examples/lib/python3.13/site-packages/ros2_fundamentals_examples/py_minimal_subscriber.py
[4.783s] -- Up-to-date: /home/alonso/Development/School/ros_dev/install/ros2_fundamentals_examples/lib/python3.13/site-packages/ros2_fundamentals_examples/__init__.py
[4.816s] Listing '/home/alonso/Development/School/ros_dev/install/ros2_fundamentals_examples/lib/python3.13/site-packages/ros2_fundamentals_examples'...
[4.820s] -- Up-to-date: /home/alonso/Development/School/ros_dev/install/ros2_fundamentals_examples/lib/ros2_fundamentals_examples/py_minimal_publisher.py
[4.820s] -- Up-to-date: /home/alonso/Development/School/ros_dev/install/ros2_fundamentals_examples/lib/ros2_fundamentals_examples/py_minimal_subscriber.py
[4.820s] -- Up-to-date: /home/alonso/Development/School/ros_dev/install/ros2_fundamentals_examples/share/ament_index/resource_index/package_run_dependencies/ros2_fundamentals_examples
[4.820s] -- Up-to-date: /home/alonso/Development/School/ros_dev/install/ros2_fundamentals_examples/share/ament_index/resource_index/parent_prefix_path/ros2_fundamentals_examples
[4.820s] -- Up-to-date: /home/alonso/Development/School/ros_dev/install/ros2_fundamentals_examples/share/ros2_fundamentals_examples/environment/ament_prefix_path.sh
[4.820s] -- Up-to-date: /home/alonso/Development/School/ros_dev/install/ros2_fundamentals_examples/share/ros2_fundamentals_examples/environment/ament_prefix_path.dsv
[4.820s] -- Up-to-date: /home/alonso/Development/School/ros_dev/install/ros2_fundamentals_examples/share/ros2_fundamentals_examples/environment/path.sh
[4.820s] -- Up-to-date: /home/alonso/Development/School/ros_dev/install/ros2_fundamentals_examples/share/ros2_fundamentals_examples/environment/path.dsv
[4.820s] -- Up-to-date: /home/alonso/Development/School/ros_dev/install/ros2_fundamentals_examples/share/ros2_fundamentals_examples/local_setup.bash
[4.820s] -- Up-to-date: /home/alonso/Development/School/ros_dev/install/ros2_fundamentals_examples/share/ros2_fundamentals_examples/local_setup.sh
[4.820s] -- Up-to-date: /home/alonso/Development/School/ros_dev/install/ros2_fundamentals_examples/share/ros2_fundamentals_examples/local_setup.zsh
[4.820s] -- Up-to-date: /home/alonso/Development/School/ros_dev/install/ros2_fundamentals_examples/share/ros2_fundamentals_examples/local_setup.dsv
[4.820s] -- Installing: /home/alonso/Development/School/ros_dev/install/ros2_fundamentals_examples/share/ros2_fundamentals_examples/package.dsv
[4.820s] -- Up-to-date: /home/alonso/Development/School/ros_dev/install/ros2_fundamentals_examples/share/ament_index/resource_index/packages/ros2_fundamentals_examples
[4.820s] -- Up-to-date: /home/alonso/Development/School/ros_dev/install/ros2_fundamentals_examples/share/ros2_fundamentals_examples/cmake/ament_cmake_export_include_directories-extras.cmake
[4.820s] -- Up-to-date: /home/alonso/Development/School/ros_dev/install/ros2_fundamentals_examples/share/ros2_fundamentals_examples/cmake/ros2_fundamentals_examplesConfig.cmake
[4.820s] -- Up-to-date: /home/alonso/Development/School/ros_dev/install/ros2_fundamentals_examples/share/ros2_fundamentals_examples/cmake/ros2_fundamentals_examplesConfig-version.cmake
[4.820s] -- Up-to-date: /home/alonso/Development/School/ros_dev/install/ros2_fundamentals_examples/share/ros2_fundamentals_examples/package.xml
[4.822s] Invoked command in '/home/alonso/Development/School/ros_dev/build/ros2_fundamentals_examples' returned '0': CMAKE_PREFIX_PATH=${CMAKE_PREFIX_PATH}:/opt/ros/jazzy DEBUGINFOD_URLS=https://debuginfod.ubuntu.com /usr/bin/cmake --install /home/alonso/Development/School/ros_dev/build/ros2_fundamentals_examples
