[0.010s] Invoking command in '/home/alonso/Development/School/ros_dev/build/autonomous_robot_description': CMAKE_PREFIX_PATH=${CMAKE_PREFIX_PATH}:/opt/ros/jazzy DEBUGINFOD_URLS=https://debuginfod.ubuntu.com /usr/bin/cmake /home/alonso/Development/School/ros_dev/src/autonomous_robot/autonomous_robot_description -DCMAKE_INSTALL_PREFIX=/home/alonso/Development/School/ros_dev/install/autonomous_robot_description
[0.018s] -- Found ament_cmake: 2.5.4 (/opt/ros/jazzy/share/ament_cmake/cmake)
[0.140s] -- Found ament_lint_auto: 0.17.3 (/opt/ros/jazzy/share/ament_lint_auto/cmake)
[0.155s] Traceback (most recent call last):
[0.156s]   File "/opt/ros/jazzy/share/ament_cmake_core/cmake/core/package_xml_2_cmake.py", line 22, in <module>
[0.156s]     from catkin_pkg.package import parse_package_string
[0.156s] ModuleNotFoundError: No module named 'catkin_pkg'
[0.158s] [31mCMake Error at /opt/ros/jazzy/share/ament_cmake_core/cmake/core/ament_package_xml.cmake:95 (message):
[0.158s]   
[0.158s]   execute_process(/home/alonso/.local/share/mise/installs/python/3.12.11/bin/python3
[0.158s]   /opt/ros/jazzy/share/ament_cmake_core/cmake/core/package_xml_2_cmake.py
[0.158s]   /home/alonso/Development/School/ros_dev/src/autonomous_robot/autonomous_robot_description/package.xml
[0.158s]   /home/alonso/Development/School/ros_dev/build/autonomous_robot_description/ament_cmake_core/package.cmake)
[0.158s]   returned error code 1
[0.158s] Call Stack (most recent call first):
[0.158s]   /opt/ros/jazzy/share/ament_cmake_core/cmake/core/ament_package_xml.cmake:49 (_ament_package_xml)
[0.159s]   /opt/ros/jazzy/share/ament_lint_auto/cmake/ament_lint_auto_find_test_dependencies.cmake:31 (ament_package_xml)
[0.159s]   CMakeLists.txt:23 (ament_lint_auto_find_test_dependencies)
[0.159s] 
[0.159s] [0m
[0.159s] -- Configuring incomplete, errors occurred!
[0.161s] Invoked command in '/home/alonso/Development/School/ros_dev/build/autonomous_robot_description' returned '1': CMAKE_PREFIX_PATH=${CMAKE_PREFIX_PATH}:/opt/ros/jazzy DEBUGINFOD_URLS=https://debuginfod.ubuntu.com /usr/bin/cmake /home/alonso/Development/School/ros_dev/src/autonomous_robot/autonomous_robot_description -DCMAKE_INSTALL_PREFIX=/home/alonso/Development/School/ros_dev/install/autonomous_robot_description
