running egg_info
creating ../../../build/autonomous_robot_gazebo/autonomous_robot_gazebo.egg-info
writing ../../../build/autonomous_robot_gazebo/autonomous_robot_gazebo.egg-info/PKG-INFO
writing dependency_links to ../../../build/autonomous_robot_gazebo/autonomous_robot_gazebo.egg-info/dependency_links.txt
writing requirements to ../../../build/autonomous_robot_gazebo/autonomous_robot_gazebo.egg-info/requires.txt
writing top-level names to ../../../build/autonomous_robot_gazebo/autonomous_robot_gazebo.egg-info/top_level.txt
writing manifest file '../../../build/autonomous_robot_gazebo/autonomous_robot_gazebo.egg-info/SOURCES.txt'
reading manifest file '../../../build/autonomous_robot_gazebo/autonomous_robot_gazebo.egg-info/SOURCES.txt'
adding license file 'LICENSE'
writing manifest file '../../../build/autonomous_robot_gazebo/autonomous_robot_gazebo.egg-info/SOURCES.txt'
running build
running build_py
creating /home/alonso/Development/School/ros_dev/build/autonomous_robot_gazebo/build/lib/autonomous_robot_gazebo
copying autonomous_robot_gazebo/__init__.py -> /home/alonso/Development/School/ros_dev/build/autonomous_robot_gazebo/build/lib/autonomous_robot_gazebo
running install
running install_lib
creating /home/alonso/Development/School/ros_dev/install/autonomous_robot_gazebo/lib/python3.12/site-packages/autonomous_robot_gazebo
copying /home/alonso/Development/School/ros_dev/build/autonomous_robot_gazebo/build/lib/autonomous_robot_gazebo/__init__.py -> /home/alonso/Development/School/ros_dev/install/autonomous_robot_gazebo/lib/python3.12/site-packages/autonomous_robot_gazebo
byte-compiling /home/alonso/Development/School/ros_dev/install/autonomous_robot_gazebo/lib/python3.12/site-packages/autonomous_robot_gazebo/__init__.py to __init__.cpython-312.pyc
running install_data
creating /home/alonso/Development/School/ros_dev/install/autonomous_robot_gazebo/share/ament_index/resource_index/packages
copying resource/autonomous_robot_gazebo -> /home/alonso/Development/School/ros_dev/install/autonomous_robot_gazebo/share/ament_index/resource_index/packages
copying package.xml -> /home/alonso/Development/School/ros_dev/install/autonomous_robot_gazebo/share/autonomous_robot_gazebo
running install_egg_info
Copying ../../../build/autonomous_robot_gazebo/autonomous_robot_gazebo.egg-info to /home/alonso/Development/School/ros_dev/install/autonomous_robot_gazebo/lib/python3.12/site-packages/autonomous_robot_gazebo-0.0.0-py3.12.egg-info
running install_scripts
writing list of installed files to '/home/alonso/Development/School/ros_dev/build/autonomous_robot_gazebo/install.log'
