[0.607s] Invoking command in '/home/alonso/Development/School/ros_dev/src/autonomous_robot/autonomous_robot_gazebo': CONDA_PROMPT_MODIFIER=(base) DEBUGINFOD_URLS=https://debuginfod.ubuntu.com PYTHONPATH=/home/alonso/Development/School/ros_dev/build/autonomous_robot_gazebo/prefix_override:/home/alonso/.local/share/mise/installs/python/3.12.11/lib/python3.12/site-packages/colcon_core/task/python/colcon_distutils_commands:/home/alonso/Development/School/ros_dev/install/autonomous_robot_gazebo/lib/python3.12/site-packages:${PYTHONPATH} /home/alonso/.local/share/mise/installs/python/3.12.11/bin/python3.12 -W ignore:setup.py install is deprecated -W ignore:easy_install command is deprecated setup.py egg_info --egg-base ../../../build/autonomous_robot_gazebo build --build-base /home/alonso/Development/School/ros_dev/build/autonomous_robot_gazebo/build install --record /home/alonso/Development/School/ros_dev/build/autonomous_robot_gazebo/install.log --single-version-externally-managed install_data
[0.725s] running egg_info
[0.731s] creating ../../../build/autonomous_robot_gazebo/autonomous_robot_gazebo.egg-info
[0.732s] writing ../../../build/autonomous_robot_gazebo/autonomous_robot_gazebo.egg-info/PKG-INFO
[0.732s] writing dependency_links to ../../../build/autonomous_robot_gazebo/autonomous_robot_gazebo.egg-info/dependency_links.txt
[0.733s] writing requirements to ../../../build/autonomous_robot_gazebo/autonomous_robot_gazebo.egg-info/requires.txt
[0.733s] writing top-level names to ../../../build/autonomous_robot_gazebo/autonomous_robot_gazebo.egg-info/top_level.txt
[0.733s] writing manifest file '../../../build/autonomous_robot_gazebo/autonomous_robot_gazebo.egg-info/SOURCES.txt'
[0.746s] reading manifest file '../../../build/autonomous_robot_gazebo/autonomous_robot_gazebo.egg-info/SOURCES.txt'
[0.746s] adding license file 'LICENSE'
[0.747s] writing manifest file '../../../build/autonomous_robot_gazebo/autonomous_robot_gazebo.egg-info/SOURCES.txt'
[0.747s] running build
[0.747s] running build_py
[0.747s] creating /home/alonso/Development/School/ros_dev/build/autonomous_robot_gazebo/build/lib/autonomous_robot_gazebo
[0.747s] copying autonomous_robot_gazebo/__init__.py -> /home/alonso/Development/School/ros_dev/build/autonomous_robot_gazebo/build/lib/autonomous_robot_gazebo
[0.747s] running install
[0.750s] running install_lib
[0.756s] creating /home/alonso/Development/School/ros_dev/install/autonomous_robot_gazebo/lib/python3.12/site-packages/autonomous_robot_gazebo
[0.756s] copying /home/alonso/Development/School/ros_dev/build/autonomous_robot_gazebo/build/lib/autonomous_robot_gazebo/__init__.py -> /home/alonso/Development/School/ros_dev/install/autonomous_robot_gazebo/lib/python3.12/site-packages/autonomous_robot_gazebo
[0.756s] byte-compiling /home/alonso/Development/School/ros_dev/install/autonomous_robot_gazebo/lib/python3.12/site-packages/autonomous_robot_gazebo/__init__.py to __init__.cpython-312.pyc
[0.756s] running install_data
[0.756s] creating /home/alonso/Development/School/ros_dev/install/autonomous_robot_gazebo/share/ament_index/resource_index/packages
[0.756s] copying resource/autonomous_robot_gazebo -> /home/alonso/Development/School/ros_dev/install/autonomous_robot_gazebo/share/ament_index/resource_index/packages
[0.757s] copying package.xml -> /home/alonso/Development/School/ros_dev/install/autonomous_robot_gazebo/share/autonomous_robot_gazebo
[0.757s] running install_egg_info
[0.763s] Copying ../../../build/autonomous_robot_gazebo/autonomous_robot_gazebo.egg-info to /home/alonso/Development/School/ros_dev/install/autonomous_robot_gazebo/lib/python3.12/site-packages/autonomous_robot_gazebo-0.0.0-py3.12.egg-info
[0.763s] running install_scripts
[0.799s] writing list of installed files to '/home/alonso/Development/School/ros_dev/build/autonomous_robot_gazebo/install.log'
[0.825s] Invoked command in '/home/alonso/Development/School/ros_dev/src/autonomous_robot/autonomous_robot_gazebo' returned '0': CONDA_PROMPT_MODIFIER=(base) DEBUGINFOD_URLS=https://debuginfod.ubuntu.com PYTHONPATH=/home/alonso/Development/School/ros_dev/build/autonomous_robot_gazebo/prefix_override:/home/alonso/.local/share/mise/installs/python/3.12.11/lib/python3.12/site-packages/colcon_core/task/python/colcon_distutils_commands:/home/alonso/Development/School/ros_dev/install/autonomous_robot_gazebo/lib/python3.12/site-packages:${PYTHONPATH} /home/alonso/.local/share/mise/installs/python/3.12.11/bin/python3.12 -W ignore:setup.py install is deprecated -W ignore:easy_install command is deprecated setup.py egg_info --egg-base ../../../build/autonomous_robot_gazebo build --build-base /home/alonso/Development/School/ros_dev/build/autonomous_robot_gazebo/build install --record /home/alonso/Development/School/ros_dev/build/autonomous_robot_gazebo/install.log --single-version-externally-managed install_data
