-- Install configuration: ""
-- Up-to-date: /home/alonso/Development/School/ros_dev/install/autonomous_robot_description/share/autonomous_robot_description/config
-- Up-to-date: /home/alonso/Development/School/ros_dev/install/autonomous_robot_description/share/autonomous_robot_description/launch
-- Up-to-date: /home/alonso/Development/School/ros_dev/install/autonomous_robot_description/share/autonomous_robot_description/meshes
-- Up-to-date: /home/alonso/Development/School/ros_dev/install/autonomous_robot_description/share/autonomous_robot_description/meshes/rosmaster_x3
-- Up-to-date: /home/alonso/Development/School/ros_dev/install/autonomous_robot_description/share/autonomous_robot_description/meshes/rosmaster_x3/visual
-- Up-to-date: /home/alonso/Development/School/ros_dev/install/autonomous_robot_description/share/autonomous_robot_description/meshes/rosmaster_x3/visual/base_link_X3.STL
-- Up-to-date: /home/alonso/Development/School/ros_dev/install/autonomous_robot_description/share/autonomous_robot_description/meshes/rosmaster_x3/visual/back_left_wheel_X3.STL
-- Up-to-date: /home/alonso/Development/School/ros_dev/install/autonomous_robot_description/share/autonomous_robot_description/meshes/rosmaster_x3/visual/front_left_wheel_X3.STL
-- Up-to-date: /home/alonso/Development/School/ros_dev/install/autonomous_robot_description/share/autonomous_robot_description/meshes/rosmaster_x3/visual/back_right_wheel_X3.STL
-- Up-to-date: /home/alonso/Development/School/ros_dev/install/autonomous_robot_description/share/autonomous_robot_description/meshes/rosmaster_x3/visual/camera_link.STL
-- Up-to-date: /home/alonso/Development/School/ros_dev/install/autonomous_robot_description/share/autonomous_robot_description/meshes/rosmaster_x3/visual/laser_link.STL
-- Up-to-date: /home/alonso/Development/School/ros_dev/install/autonomous_robot_description/share/autonomous_robot_description/meshes/rosmaster_x3/visual/front_right_wheel_X3.STL
-- Up-to-date: /home/alonso/Development/School/ros_dev/install/autonomous_robot_description/share/autonomous_robot_description/meshes/rplidar
-- Up-to-date: /home/alonso/Development/School/ros_dev/install/autonomous_robot_description/share/autonomous_robot_description/meshes/rplidar/rplidar_s2.stl
-- Up-to-date: /home/alonso/Development/School/ros_dev/install/autonomous_robot_description/share/autonomous_robot_description/meshes/intel_realsense
-- Up-to-date: /home/alonso/Development/School/ros_dev/install/autonomous_robot_description/share/autonomous_robot_description/meshes/intel_realsense/visual
-- Up-to-date: /home/alonso/Development/School/ros_dev/install/autonomous_robot_description/share/autonomous_robot_description/meshes/intel_realsense/visual/d435.stl
-- Up-to-date: /home/alonso/Development/School/ros_dev/install/autonomous_robot_description/share/autonomous_robot_description/urdf
-- Up-to-date: /home/alonso/Development/School/ros_dev/install/autonomous_robot_description/share/autonomous_robot_description/urdf/robots
-- Up-to-date: /home/alonso/Development/School/ros_dev/install/autonomous_robot_description/share/autonomous_robot_description/urdf/robots/rosmaster_x3.urdf.xacro
-- Up-to-date: /home/alonso/Development/School/ros_dev/install/autonomous_robot_description/share/autonomous_robot_description/urdf/sensors
-- Up-to-date: /home/alonso/Development/School/ros_dev/install/autonomous_robot_description/share/autonomous_robot_description/urdf/sensors/imu.urdf.xacro
-- Installing: /home/alonso/Development/School/ros_dev/install/autonomous_robot_description/share/autonomous_robot_description/urdf/sensors/rgbd_camera.urdf.xacro
-- Installing: /home/alonso/Development/School/ros_dev/install/autonomous_robot_description/share/autonomous_robot_description/urdf/sensors/lidar.urdf.xacro
-- Up-to-date: /home/alonso/Development/School/ros_dev/install/autonomous_robot_description/share/autonomous_robot_description/urdf/mech
-- Installing: /home/alonso/Development/School/ros_dev/install/autonomous_robot_description/share/autonomous_robot_description/urdf/mech/rosmaster_x3_base.urdf.xacro
-- Installing: /home/alonso/Development/School/ros_dev/install/autonomous_robot_description/share/autonomous_robot_description/urdf/mech/mecanum_wheel.urdf.xacro
-- Up-to-date: /home/alonso/Development/School/ros_dev/install/autonomous_robot_description/share/autonomous_robot_description/urdf/control
-- Up-to-date: /home/alonso/Development/School/ros_dev/install/autonomous_robot_description/share/autonomous_robot_description/rviz
-- Up-to-date: /home/alonso/Development/School/ros_dev/install/autonomous_robot_description/share/ament_index/resource_index/package_run_dependencies/autonomous_robot_description
-- Up-to-date: /home/alonso/Development/School/ros_dev/install/autonomous_robot_description/share/ament_index/resource_index/parent_prefix_path/autonomous_robot_description
-- Up-to-date: /home/alonso/Development/School/ros_dev/install/autonomous_robot_description/share/autonomous_robot_description/environment/ament_prefix_path.sh
-- Up-to-date: /home/alonso/Development/School/ros_dev/install/autonomous_robot_description/share/autonomous_robot_description/environment/ament_prefix_path.dsv
-- Up-to-date: /home/alonso/Development/School/ros_dev/install/autonomous_robot_description/share/autonomous_robot_description/environment/path.sh
-- Up-to-date: /home/alonso/Development/School/ros_dev/install/autonomous_robot_description/share/autonomous_robot_description/environment/path.dsv
-- Up-to-date: /home/alonso/Development/School/ros_dev/install/autonomous_robot_description/share/autonomous_robot_description/local_setup.bash
-- Up-to-date: /home/alonso/Development/School/ros_dev/install/autonomous_robot_description/share/autonomous_robot_description/local_setup.sh
-- Up-to-date: /home/alonso/Development/School/ros_dev/install/autonomous_robot_description/share/autonomous_robot_description/local_setup.zsh
-- Up-to-date: /home/alonso/Development/School/ros_dev/install/autonomous_robot_description/share/autonomous_robot_description/local_setup.dsv
-- Installing: /home/alonso/Development/School/ros_dev/install/autonomous_robot_description/share/autonomous_robot_description/package.dsv
-- Up-to-date: /home/alonso/Development/School/ros_dev/install/autonomous_robot_description/share/ament_index/resource_index/packages/autonomous_robot_description
-- Up-to-date: /home/alonso/Development/School/ros_dev/install/autonomous_robot_description/share/autonomous_robot_description/cmake/autonomous_robot_descriptionConfig.cmake
-- Up-to-date: /home/alonso/Development/School/ros_dev/install/autonomous_robot_description/share/autonomous_robot_description/cmake/autonomous_robot_descriptionConfig-version.cmake
-- Up-to-date: /home/alonso/Development/School/ros_dev/install/autonomous_robot_description/share/autonomous_robot_description/package.xml
