running egg_info
writing ../../build/minibot/minibot.egg-info/PKG-INFO
writing dependency_links to ../../build/minibot/minibot.egg-info/dependency_links.txt
writing requirements to ../../build/minibot/minibot.egg-info/requires.txt
writing top-level names to ../../build/minibot/minibot.egg-info/top_level.txt
reading manifest file '../../build/minibot/minibot.egg-info/SOURCES.txt'
writing manifest file '../../build/minibot/minibot.egg-info/SOURCES.txt'
running build
running build_py
copying minibot/__init__.py -> /home/alonso/Development/School/ros_dev/build/minibot/build/lib/minibot
running install
running install_lib
running install_data
copying resource/minibot -> /home/alonso/Development/School/ros_dev/install/minibot/share/ament_index/resource_index/packages
copying package.xml -> /home/alonso/Development/School/ros_dev/install/minibot/share/minibot
running install_egg_info
removing '/home/alonso/Development/School/ros_dev/install/minibot/lib/python3.12/site-packages/minibot-0.0.0-py3.12.egg-info' (and everything under it)
Copying ../../build/minibot/minibot.egg-info to /home/alonso/Development/School/ros_dev/install/minibot/lib/python3.12/site-packages/minibot-0.0.0-py3.12.egg-info
running install_scripts
writing list of installed files to '/home/alonso/Development/School/ros_dev/build/minibot/install.log'
