[0.533s] Invoking command in '/home/alonso/Development/School/ros_dev/src/minibot': CONDA_PROMPT_MODIFIER=(base) DEBUGINFOD_URLS=https://debuginfod.ubuntu.com PYTHONPATH=/home/alonso/Development/School/ros_dev/build/minibot/prefix_override:/home/alonso/.local/share/mise/installs/python/3.12.11/lib/python3.12/site-packages/colcon_core/task/python/colcon_distutils_commands:/home/alonso/Development/School/ros_dev/install/minibot/lib/python3.12/site-packages:${PYTHONPATH} /home/alonso/.local/share/mise/installs/python/3.12.11/bin/python3.12 -W ignore:setup.py install is deprecated -W ignore:easy_install command is deprecated setup.py egg_info --egg-base ../../build/minibot build --build-base /home/alonso/Development/School/ros_dev/build/minibot/build install --record /home/alonso/Development/School/ros_dev/build/minibot/install.log --single-version-externally-managed install_data
[0.677s] running egg_info
[0.683s] writing ../../build/minibot/minibot.egg-info/PKG-INFO
[0.684s] writing dependency_links to ../../build/minibot/minibot.egg-info/dependency_links.txt
[0.684s] writing requirements to ../../build/minibot/minibot.egg-info/requires.txt
[0.684s] writing top-level names to ../../build/minibot/minibot.egg-info/top_level.txt
[0.698s] reading manifest file '../../build/minibot/minibot.egg-info/SOURCES.txt'
[0.699s] writing manifest file '../../build/minibot/minibot.egg-info/SOURCES.txt'
[0.699s] running build
[0.699s] running build_py
[0.699s] copying minibot/__init__.py -> /home/alonso/Development/School/ros_dev/build/minibot/build/lib/minibot
[0.699s] running install
[0.702s] running install_lib
[0.708s] running install_data
[0.708s] copying resource/minibot -> /home/alonso/Development/School/ros_dev/install/minibot/share/ament_index/resource_index/packages
[0.709s] copying package.xml -> /home/alonso/Development/School/ros_dev/install/minibot/share/minibot
[0.709s] running install_egg_info
[0.714s] removing '/home/alonso/Development/School/ros_dev/install/minibot/lib/python3.12/site-packages/minibot-0.0.0-py3.12.egg-info' (and everything under it)
[0.715s] Copying ../../build/minibot/minibot.egg-info to /home/alonso/Development/School/ros_dev/install/minibot/lib/python3.12/site-packages/minibot-0.0.0-py3.12.egg-info
[0.715s] running install_scripts
[0.748s] writing list of installed files to '/home/alonso/Development/School/ros_dev/build/minibot/install.log'
[0.771s] Invoked command in '/home/alonso/Development/School/ros_dev/src/minibot' returned '0': CONDA_PROMPT_MODIFIER=(base) DEBUGINFOD_URLS=https://debuginfod.ubuntu.com PYTHONPATH=/home/alonso/Development/School/ros_dev/build/minibot/prefix_override:/home/alonso/.local/share/mise/installs/python/3.12.11/lib/python3.12/site-packages/colcon_core/task/python/colcon_distutils_commands:/home/alonso/Development/School/ros_dev/install/minibot/lib/python3.12/site-packages:${PYTHONPATH} /home/alonso/.local/share/mise/installs/python/3.12.11/bin/python3.12 -W ignore:setup.py install is deprecated -W ignore:easy_install command is deprecated setup.py egg_info --egg-base ../../build/minibot build --build-base /home/alonso/Development/School/ros_dev/build/minibot/build install --record /home/alonso/Development/School/ros_dev/build/minibot/install.log --single-version-externally-managed install_data
