-- The C compiler identification is GNU 13.3.0
-- The CXX compiler identification is GNU 13.3.0
-- Detecting C compiler ABI info
-- Detecting C compiler ABI info - done
-- Check for working C compiler: /usr/bin/cc - skipped
-- Detecting C compile features
-- Detecting C compile features - done
-- Detecting CXX compiler ABI info
-- Detecting CXX compiler ABI info - done
-- Check for working CXX compiler: /usr/bin/c++ - skipped
-- Detecting CXX compile features
-- Detecting CXX compile features - done
-- Found ament_cmake: 2.5.4 (/opt/ros/jazzy/share/ament_cmake/cmake)
-- Found Python3: /home/alonso/anaconda3/bin/python3 (found version "3.13.7") found components: Interpreter 
-- Found rclcpp: 28.1.12 (/opt/ros/jazzy/share/rclcpp/cmake)
-- Found rosidl_generator_c: 4.6.6 (/opt/ros/jazzy/share/rosidl_generator_c/cmake)
-- Found rosidl_generator_cpp: 4.6.6 (/opt/ros/jazzy/share/rosidl_generator_cpp/cmake)
-- Using all available rosidl_typesupport_c: rosidl_typesupport_fastrtps_c;rosidl_typesupport_introspection_c
-- Using all available rosidl_typesupport_cpp: rosidl_typesupport_fastrtps_cpp;rosidl_typesupport_introspection_cpp
-- Found rmw_implementation_cmake: 7.3.2 (/opt/ros/jazzy/share/rmw_implementation_cmake/cmake)
-- Found rmw_fastrtps_cpp: 8.4.3 (/opt/ros/jazzy/share/rmw_fastrtps_cpp/cmake)
-- Found OpenSSL: /usr/lib/x86_64-linux-gnu/libcrypto.so (found version "3.0.13")  
-- Found FastRTPS: /opt/ros/jazzy/include (Required is at least version "2.13") 
-- Using RMW implementation 'rmw_fastrtps_cpp' as default
-- Found rclpy: 7.1.5 (/opt/ros/jazzy/share/rclpy/cmake)
-- Found std_msgs: 5.3.6 (/opt/ros/jazzy/share/std_msgs/cmake)
-- Found ament_lint_auto: 0.17.3 (/opt/ros/jazzy/share/ament_lint_auto/cmake)
-- Added test 'cppcheck' to perform static code analysis on C / C++ code
-- Configured cppcheck include dirs: /home/alonso/Development/School/ros_dev/src/ros2_fundamentals_examples/include
-- Configured cppcheck exclude dirs and/or files: 
-- Added test 'flake8' to check Python code syntax and style conventions
-- Configured 'flake8' exclude dirs and/or files: 
-- Added test 'lint_cmake' to check CMake code style
-- Added test 'pep257' to check Python code against some of the docstring style conventions in PEP 257
-- Added test 'uncrustify' to check C / C++ code style
-- Configured uncrustify additional arguments: 
-- Added test 'xmllint' to check XML markup files
-- Configuring done (1.1s)
-- Generating done (0.0s)
-- Build files have been written to: /home/alonso/Development/School/ros_dev/build/ros2_fundamentals_examples
[ 25%] [32mBuilding CXX object CMakeFiles/minimal_cpp_subscriber.dir/src/cpp_minimal_subscriber.cpp.o[0m
[ 50%] [32mBuilding CXX object CMakeFiles/minimal_cpp_publisher.dir/src/cpp_minimal_publisher.cpp.o[0m
[ 50%] Built target ament_cmake_python_copy_ros2_fundamentals_examples
running egg_info
creating ros2_fundamentals_examples.egg-info
writing ros2_fundamentals_examples.egg-info/PKG-INFO
writing dependency_links to ros2_fundamentals_examples.egg-info/dependency_links.txt
writing top-level names to ros2_fundamentals_examples.egg-info/top_level.txt
writing manifest file 'ros2_fundamentals_examples.egg-info/SOURCES.txt'
reading manifest file 'ros2_fundamentals_examples.egg-info/SOURCES.txt'
writing manifest file 'ros2_fundamentals_examples.egg-info/SOURCES.txt'
[ 50%] Built target ament_cmake_python_build_ros2_fundamentals_examples_egg
[ 75%] [32m[1mLinking CXX executable minimal_cpp_publisher[0m
[ 75%] Built target minimal_cpp_publisher
[100%] [32m[1mLinking CXX executable minimal_cpp_subscriber[0m
[100%] Built target minimal_cpp_subscriber
-- Install configuration: ""
-- Installing: /home/alonso/Development/School/ros_dev/install/ros2_fundamentals_examples/share/ros2_fundamentals_examples/ros2_fundamentals_examples
-- Installing: /home/alonso/Development/School/ros_dev/install/ros2_fundamentals_examples/share/ros2_fundamentals_examples/ros2_fundamentals_examples/py_minimal_publisher.py
-- Installing: /home/alonso/Development/School/ros_dev/install/ros2_fundamentals_examples/share/ros2_fundamentals_examples/ros2_fundamentals_examples/py_minimal_subscriber.py
-- Installing: /home/alonso/Development/School/ros_dev/install/ros2_fundamentals_examples/share/ros2_fundamentals_examples/ros2_fundamentals_examples/__init__.py
-- Installing: /home/alonso/Development/School/ros_dev/install/ros2_fundamentals_examples/include
-- Installing: /home/alonso/Development/School/ros_dev/install/ros2_fundamentals_examples/include/ros2_fundamentals_examples
-- Installing: /home/alonso/Development/School/ros_dev/install/ros2_fundamentals_examples/lib/ros2_fundamentals_examples/minimal_cpp_publisher
-- Set non-toolchain portion of runtime path of "/home/alonso/Development/School/ros_dev/install/ros2_fundamentals_examples/lib/ros2_fundamentals_examples/minimal_cpp_publisher" to ""
-- Installing: /home/alonso/Development/School/ros_dev/install/ros2_fundamentals_examples/lib/ros2_fundamentals_examples/minimal_cpp_subscriber
-- Set non-toolchain portion of runtime path of "/home/alonso/Development/School/ros_dev/install/ros2_fundamentals_examples/lib/ros2_fundamentals_examples/minimal_cpp_subscriber" to ""
-- Installing: /home/alonso/Development/School/ros_dev/install/ros2_fundamentals_examples/share/ros2_fundamentals_examples/environment/pythonpath.sh
-- Installing: /home/alonso/Development/School/ros_dev/install/ros2_fundamentals_examples/share/ros2_fundamentals_examples/environment/pythonpath.dsv
-- Installing: /home/alonso/Development/School/ros_dev/install/ros2_fundamentals_examples/lib/python3.13/site-packages/ros2_fundamentals_examples-0.0.0-py3.13.egg-info
-- Installing: /home/alonso/Development/School/ros_dev/install/ros2_fundamentals_examples/lib/python3.13/site-packages/ros2_fundamentals_examples-0.0.0-py3.13.egg-info/dependency_links.txt
-- Installing: /home/alonso/Development/School/ros_dev/install/ros2_fundamentals_examples/lib/python3.13/site-packages/ros2_fundamentals_examples-0.0.0-py3.13.egg-info/SOURCES.txt
-- Installing: /home/alonso/Development/School/ros_dev/install/ros2_fundamentals_examples/lib/python3.13/site-packages/ros2_fundamentals_examples-0.0.0-py3.13.egg-info/top_level.txt
-- Installing: /home/alonso/Development/School/ros_dev/install/ros2_fundamentals_examples/lib/python3.13/site-packages/ros2_fundamentals_examples-0.0.0-py3.13.egg-info/PKG-INFO
-- Installing: /home/alonso/Development/School/ros_dev/install/ros2_fundamentals_examples/lib/python3.13/site-packages/ros2_fundamentals_examples
-- Installing: /home/alonso/Development/School/ros_dev/install/ros2_fundamentals_examples/lib/python3.13/site-packages/ros2_fundamentals_examples/py_minimal_publisher.py
-- Installing: /home/alonso/Development/School/ros_dev/install/ros2_fundamentals_examples/lib/python3.13/site-packages/ros2_fundamentals_examples/py_minimal_subscriber.py
-- Installing: /home/alonso/Development/School/ros_dev/install/ros2_fundamentals_examples/lib/python3.13/site-packages/ros2_fundamentals_examples/__init__.py
Listing '/home/alonso/Development/School/ros_dev/install/ros2_fundamentals_examples/lib/python3.13/site-packages/ros2_fundamentals_examples'...
Compiling '/home/alonso/Development/School/ros_dev/install/ros2_fundamentals_examples/lib/python3.13/site-packages/ros2_fundamentals_examples/__init__.py'...
Compiling '/home/alonso/Development/School/ros_dev/install/ros2_fundamentals_examples/lib/python3.13/site-packages/ros2_fundamentals_examples/py_minimal_publisher.py'...
Compiling '/home/alonso/Development/School/ros_dev/install/ros2_fundamentals_examples/lib/python3.13/site-packages/ros2_fundamentals_examples/py_minimal_subscriber.py'...
-- Installing: /home/alonso/Development/School/ros_dev/install/ros2_fundamentals_examples/lib/ros2_fundamentals_examples/py_minimal_publisher.py
-- Installing: /home/alonso/Development/School/ros_dev/install/ros2_fundamentals_examples/lib/ros2_fundamentals_examples/py_minimal_subscriber.py
-- Installing: /home/alonso/Development/School/ros_dev/install/ros2_fundamentals_examples/share/ament_index/resource_index/package_run_dependencies/ros2_fundamentals_examples
-- Installing: /home/alonso/Development/School/ros_dev/install/ros2_fundamentals_examples/share/ament_index/resource_index/parent_prefix_path/ros2_fundamentals_examples
-- Installing: /home/alonso/Development/School/ros_dev/install/ros2_fundamentals_examples/share/ros2_fundamentals_examples/environment/ament_prefix_path.sh
-- Installing: /home/alonso/Development/School/ros_dev/install/ros2_fundamentals_examples/share/ros2_fundamentals_examples/environment/ament_prefix_path.dsv
-- Installing: /home/alonso/Development/School/ros_dev/install/ros2_fundamentals_examples/share/ros2_fundamentals_examples/environment/path.sh
-- Installing: /home/alonso/Development/School/ros_dev/install/ros2_fundamentals_examples/share/ros2_fundamentals_examples/environment/path.dsv
-- Installing: /home/alonso/Development/School/ros_dev/install/ros2_fundamentals_examples/share/ros2_fundamentals_examples/local_setup.bash
-- Installing: /home/alonso/Development/School/ros_dev/install/ros2_fundamentals_examples/share/ros2_fundamentals_examples/local_setup.sh
-- Installing: /home/alonso/Development/School/ros_dev/install/ros2_fundamentals_examples/share/ros2_fundamentals_examples/local_setup.zsh
-- Installing: /home/alonso/Development/School/ros_dev/install/ros2_fundamentals_examples/share/ros2_fundamentals_examples/local_setup.dsv
-- Installing: /home/alonso/Development/School/ros_dev/install/ros2_fundamentals_examples/share/ros2_fundamentals_examples/package.dsv
-- Installing: /home/alonso/Development/School/ros_dev/install/ros2_fundamentals_examples/share/ament_index/resource_index/packages/ros2_fundamentals_examples
-- Installing: /home/alonso/Development/School/ros_dev/install/ros2_fundamentals_examples/share/ros2_fundamentals_examples/cmake/ament_cmake_export_include_directories-extras.cmake
-- Installing: /home/alonso/Development/School/ros_dev/install/ros2_fundamentals_examples/share/ros2_fundamentals_examples/cmake/ros2_fundamentals_examplesConfig.cmake
-- Installing: /home/alonso/Development/School/ros_dev/install/ros2_fundamentals_examples/share/ros2_fundamentals_examples/cmake/ros2_fundamentals_examplesConfig-version.cmake
-- Installing: /home/alonso/Development/School/ros_dev/install/ros2_fundamentals_examples/share/ros2_fundamentals_examples/package.xml
