[0.103s] DEBUG:colcon:Command line arguments: ['/usr/bin/colcon', 'build']
[0.103s] DEBUG:colcon:Parsed command line arguments: Namespace(log_base=None, log_level=None, verb_name='build', build_base='build', install_base='install', merge_install=False, symlink_install=False, test_result_base=None, continue_on_error=False, executor='parallel', parallel_workers=16, event_handlers=None, ignore_user_meta=False, metas=['./colcon.meta'], base_paths=['.'], packages_ignore=None, packages_ignore_regex=None, paths=None, packages_up_to=None, packages_up_to_regex=None, packages_above=None, packages_above_and_dependencies=None, packages_above_depth=None, packages_select_by_dep=None, packages_skip_by_dep=None, packages_skip_up_to=None, packages_select_build_failed=False, packages_skip_build_finished=False, packages_select_test_failures=False, packages_skip_test_passed=False, packages_select=None, packages_skip=None, packages_select_regex=None, packages_skip_regex=None, packages_start=None, packages_end=None, allow_overriding=[], cmake_args=None, cmake_target=None, cmake_target_skip_unavailable=False, cmake_clean_cache=False, cmake_clean_first=False, cmake_force_configure=False, ament_cmake_args=None, catkin_cmake_args=None, catkin_skip_building_tests=False, mixin_files=None, mixin=None, verb_parser=<colcon_mixin.mixin.mixin_argument.MixinArgumentDecorator object at 0x7b686eba8ce0>, verb_extension=<colcon_core.verb.build.BuildVerb object at 0x7b686ed57830>, main=<bound method BuildVerb.main of <colcon_core.verb.build.BuildVerb object at 0x7b686ed57830>>, mixin_verb=('build',))
[0.145s] Level 1:colcon.colcon_core.package_discovery:discover_packages(colcon_meta) check parameters
[0.145s] Level 1:colcon.colcon_core.package_discovery:discover_packages(recursive) check parameters
[0.145s] Level 1:colcon.colcon_core.package_discovery:discover_packages(ignore) check parameters
[0.145s] Level 1:colcon.colcon_core.package_discovery:discover_packages(path) check parameters
[0.145s] Level 1:colcon.colcon_core.package_discovery:discover_packages(colcon_meta) discover
[0.145s] Level 1:colcon.colcon_core.package_discovery:discover_packages(recursive) discover
[0.145s] INFO:colcon.colcon_core.package_discovery:Crawling recursively for packages in '/home/alonso/Development/School/ros_dev'
[0.145s] Level 1:colcon.colcon_core.package_identification:_identify(.) by extensions ['ignore', 'ignore_ament_install']
[0.145s] Level 1:colcon.colcon_core.package_identification:_identify(.) by extension 'ignore'
[0.145s] Level 1:colcon.colcon_core.package_identification:_identify(.) by extension 'ignore_ament_install'
[0.145s] Level 1:colcon.colcon_core.package_identification:_identify(.) by extensions ['colcon_pkg']
[0.145s] Level 1:colcon.colcon_core.package_identification:_identify(.) by extension 'colcon_pkg'
[0.145s] Level 1:colcon.colcon_core.package_identification:_identify(.) by extensions ['colcon_meta']
[0.145s] Level 1:colcon.colcon_core.package_identification:_identify(.) by extension 'colcon_meta'
[0.145s] Level 1:colcon.colcon_core.package_identification:_identify(.) by extensions ['ros']
[0.145s] Level 1:colcon.colcon_core.package_identification:_identify(.) by extension 'ros'
[0.163s] Level 1:colcon.colcon_core.package_identification:_identify(.) by extensions ['cmake', 'python']
[0.163s] Level 1:colcon.colcon_core.package_identification:_identify(.) by extension 'cmake'
[0.163s] Level 1:colcon.colcon_core.package_identification:_identify(.) by extension 'python'
[0.163s] Level 1:colcon.colcon_core.package_identification:_identify(.) by extensions ['python_setup_py']
[0.163s] Level 1:colcon.colcon_core.package_identification:_identify(.) by extension 'python_setup_py'
[0.163s] Level 1:colcon.colcon_core.package_identification:_identify(build) by extensions ['ignore', 'ignore_ament_install']
[0.163s] Level 1:colcon.colcon_core.package_identification:_identify(build) by extension 'ignore'
[0.163s] Level 1:colcon.colcon_core.package_identification:_identify(build) ignored
[0.163s] Level 1:colcon.colcon_core.package_identification:_identify(install) by extensions ['ignore', 'ignore_ament_install']
[0.163s] Level 1:colcon.colcon_core.package_identification:_identify(install) by extension 'ignore'
[0.163s] Level 1:colcon.colcon_core.package_identification:_identify(install) ignored
[0.163s] Level 1:colcon.colcon_core.package_identification:_identify(log) by extensions ['ignore', 'ignore_ament_install']
[0.163s] Level 1:colcon.colcon_core.package_identification:_identify(log) by extension 'ignore'
[0.163s] Level 1:colcon.colcon_core.package_identification:_identify(log) ignored
[0.163s] Level 1:colcon.colcon_core.package_identification:_identify(src) by extensions ['ignore', 'ignore_ament_install']
[0.163s] Level 1:colcon.colcon_core.package_identification:_identify(src) by extension 'ignore'
[0.163s] Level 1:colcon.colcon_core.package_identification:_identify(src) by extension 'ignore_ament_install'
[0.163s] Level 1:colcon.colcon_core.package_identification:_identify(src) by extensions ['colcon_pkg']
[0.163s] Level 1:colcon.colcon_core.package_identification:_identify(src) by extension 'colcon_pkg'
[0.163s] Level 1:colcon.colcon_core.package_identification:_identify(src) by extensions ['colcon_meta']
[0.163s] Level 1:colcon.colcon_core.package_identification:_identify(src) by extension 'colcon_meta'
[0.163s] Level 1:colcon.colcon_core.package_identification:_identify(src) by extensions ['ros']
[0.163s] Level 1:colcon.colcon_core.package_identification:_identify(src) by extension 'ros'
[0.163s] Level 1:colcon.colcon_core.package_identification:_identify(src) by extensions ['cmake', 'python']
[0.163s] Level 1:colcon.colcon_core.package_identification:_identify(src) by extension 'cmake'
[0.163s] Level 1:colcon.colcon_core.package_identification:_identify(src) by extension 'python'
[0.163s] Level 1:colcon.colcon_core.package_identification:_identify(src) by extensions ['python_setup_py']
[0.163s] Level 1:colcon.colcon_core.package_identification:_identify(src) by extension 'python_setup_py'
[0.163s] Level 1:colcon.colcon_core.package_identification:_identify(src/autonomous_robot) by extensions ['ignore', 'ignore_ament_install']
[0.163s] Level 1:colcon.colcon_core.package_identification:_identify(src/autonomous_robot) by extension 'ignore'
[0.164s] Level 1:colcon.colcon_core.package_identification:_identify(src/autonomous_robot) by extension 'ignore_ament_install'
[0.164s] Level 1:colcon.colcon_core.package_identification:_identify(src/autonomous_robot) by extensions ['colcon_pkg']
[0.164s] Level 1:colcon.colcon_core.package_identification:_identify(src/autonomous_robot) by extension 'colcon_pkg'
[0.164s] Level 1:colcon.colcon_core.package_identification:_identify(src/autonomous_robot) by extensions ['colcon_meta']
[0.164s] Level 1:colcon.colcon_core.package_identification:_identify(src/autonomous_robot) by extension 'colcon_meta'
[0.164s] Level 1:colcon.colcon_core.package_identification:_identify(src/autonomous_robot) by extensions ['ros']
[0.164s] Level 1:colcon.colcon_core.package_identification:_identify(src/autonomous_robot) by extension 'ros'
[0.164s] Level 1:colcon.colcon_core.package_identification:_identify(src/autonomous_robot) by extensions ['cmake', 'python']
[0.164s] Level 1:colcon.colcon_core.package_identification:_identify(src/autonomous_robot) by extension 'cmake'
[0.164s] Level 1:colcon.colcon_core.package_identification:_identify(src/autonomous_robot) by extension 'python'
[0.164s] Level 1:colcon.colcon_core.package_identification:_identify(src/autonomous_robot) by extensions ['python_setup_py']
[0.164s] Level 1:colcon.colcon_core.package_identification:_identify(src/autonomous_robot) by extension 'python_setup_py'
[0.164s] Level 1:colcon.colcon_core.package_identification:_identify(src/autonomous_robot/autonomous_robot) by extensions ['ignore', 'ignore_ament_install']
[0.164s] Level 1:colcon.colcon_core.package_identification:_identify(src/autonomous_robot/autonomous_robot) by extension 'ignore'
[0.164s] Level 1:colcon.colcon_core.package_identification:_identify(src/autonomous_robot/autonomous_robot) by extension 'ignore_ament_install'
[0.164s] Level 1:colcon.colcon_core.package_identification:_identify(src/autonomous_robot/autonomous_robot) by extensions ['colcon_pkg']
[0.164s] Level 1:colcon.colcon_core.package_identification:_identify(src/autonomous_robot/autonomous_robot) by extension 'colcon_pkg'
[0.164s] Level 1:colcon.colcon_core.package_identification:_identify(src/autonomous_robot/autonomous_robot) by extensions ['colcon_meta']
[0.164s] Level 1:colcon.colcon_core.package_identification:_identify(src/autonomous_robot/autonomous_robot) by extension 'colcon_meta'
[0.164s] Level 1:colcon.colcon_core.package_identification:_identify(src/autonomous_robot/autonomous_robot) by extensions ['ros']
[0.164s] Level 1:colcon.colcon_core.package_identification:_identify(src/autonomous_robot/autonomous_robot) by extension 'ros'
[0.166s] DEBUG:colcon.colcon_core.package_identification:Package 'src/autonomous_robot/autonomous_robot' with type 'ros.ament_cmake' and name 'autonomous_robot'
[0.166s] Level 1:colcon.colcon_core.package_identification:_identify(src/autonomous_robot/autonomous_robot_bringup) by extensions ['ignore', 'ignore_ament_install']
[0.166s] Level 1:colcon.colcon_core.package_identification:_identify(src/autonomous_robot/autonomous_robot_bringup) by extension 'ignore'
[0.166s] Level 1:colcon.colcon_core.package_identification:_identify(src/autonomous_robot/autonomous_robot_bringup) by extension 'ignore_ament_install'
[0.166s] Level 1:colcon.colcon_core.package_identification:_identify(src/autonomous_robot/autonomous_robot_bringup) by extensions ['colcon_pkg']
[0.166s] Level 1:colcon.colcon_core.package_identification:_identify(src/autonomous_robot/autonomous_robot_bringup) by extension 'colcon_pkg'
[0.166s] Level 1:colcon.colcon_core.package_identification:_identify(src/autonomous_robot/autonomous_robot_bringup) by extensions ['colcon_meta']
[0.166s] Level 1:colcon.colcon_core.package_identification:_identify(src/autonomous_robot/autonomous_robot_bringup) by extension 'colcon_meta'
[0.166s] Level 1:colcon.colcon_core.package_identification:_identify(src/autonomous_robot/autonomous_robot_bringup) by extensions ['ros']
[0.166s] Level 1:colcon.colcon_core.package_identification:_identify(src/autonomous_robot/autonomous_robot_bringup) by extension 'ros'
[0.166s] DEBUG:colcon.colcon_core.package_identification:Package 'src/autonomous_robot/autonomous_robot_bringup' with type 'ros.ament_python' and name 'autonomous_robot_bringup'
[0.166s] Level 1:colcon.colcon_core.package_identification:_identify(src/autonomous_robot/autonomous_robot_description) by extensions ['ignore', 'ignore_ament_install']
[0.166s] Level 1:colcon.colcon_core.package_identification:_identify(src/autonomous_robot/autonomous_robot_description) by extension 'ignore'
[0.166s] Level 1:colcon.colcon_core.package_identification:_identify(src/autonomous_robot/autonomous_robot_description) by extension 'ignore_ament_install'
[0.166s] Level 1:colcon.colcon_core.package_identification:_identify(src/autonomous_robot/autonomous_robot_description) by extensions ['colcon_pkg']
[0.166s] Level 1:colcon.colcon_core.package_identification:_identify(src/autonomous_robot/autonomous_robot_description) by extension 'colcon_pkg'
[0.166s] Level 1:colcon.colcon_core.package_identification:_identify(src/autonomous_robot/autonomous_robot_description) by extensions ['colcon_meta']
[0.166s] Level 1:colcon.colcon_core.package_identification:_identify(src/autonomous_robot/autonomous_robot_description) by extension 'colcon_meta'
[0.166s] Level 1:colcon.colcon_core.package_identification:_identify(src/autonomous_robot/autonomous_robot_description) by extensions ['ros']
[0.166s] Level 1:colcon.colcon_core.package_identification:_identify(src/autonomous_robot/autonomous_robot_description) by extension 'ros'
[0.167s] DEBUG:colcon.colcon_core.package_identification:Package 'src/autonomous_robot/autonomous_robot_description' with type 'ros.ament_cmake' and name 'autonomous_robot_description'
[0.167s] Level 1:colcon.colcon_core.package_identification:_identify(src/autonomous_robot/autonomous_robot_gazebo) by extensions ['ignore', 'ignore_ament_install']
[0.167s] Level 1:colcon.colcon_core.package_identification:_identify(src/autonomous_robot/autonomous_robot_gazebo) by extension 'ignore'
[0.167s] Level 1:colcon.colcon_core.package_identification:_identify(src/autonomous_robot/autonomous_robot_gazebo) by extension 'ignore_ament_install'
[0.167s] Level 1:colcon.colcon_core.package_identification:_identify(src/autonomous_robot/autonomous_robot_gazebo) by extensions ['colcon_pkg']
[0.167s] Level 1:colcon.colcon_core.package_identification:_identify(src/autonomous_robot/autonomous_robot_gazebo) by extension 'colcon_pkg'
[0.167s] Level 1:colcon.colcon_core.package_identification:_identify(src/autonomous_robot/autonomous_robot_gazebo) by extensions ['colcon_meta']
[0.167s] Level 1:colcon.colcon_core.package_identification:_identify(src/autonomous_robot/autonomous_robot_gazebo) by extension 'colcon_meta'
[0.167s] Level 1:colcon.colcon_core.package_identification:_identify(src/autonomous_robot/autonomous_robot_gazebo) by extensions ['ros']
[0.167s] Level 1:colcon.colcon_core.package_identification:_identify(src/autonomous_robot/autonomous_robot_gazebo) by extension 'ros'
[0.168s] DEBUG:colcon.colcon_core.package_identification:Package 'src/autonomous_robot/autonomous_robot_gazebo' with type 'ros.ament_python' and name 'autonomous_robot_gazebo'
[0.168s] Level 1:colcon.colcon_core.package_identification:_identify(src/autonomous_robot/autonomous_robot_system_tests) by extensions ['ignore', 'ignore_ament_install']
[0.168s] Level 1:colcon.colcon_core.package_identification:_identify(src/autonomous_robot/autonomous_robot_system_tests) by extension 'ignore'
[0.168s] Level 1:colcon.colcon_core.package_identification:_identify(src/autonomous_robot/autonomous_robot_system_tests) by extension 'ignore_ament_install'
[0.168s] Level 1:colcon.colcon_core.package_identification:_identify(src/autonomous_robot/autonomous_robot_system_tests) by extensions ['colcon_pkg']
[0.168s] Level 1:colcon.colcon_core.package_identification:_identify(src/autonomous_robot/autonomous_robot_system_tests) by extension 'colcon_pkg'
[0.168s] Level 1:colcon.colcon_core.package_identification:_identify(src/autonomous_robot/autonomous_robot_system_tests) by extensions ['colcon_meta']
[0.168s] Level 1:colcon.colcon_core.package_identification:_identify(src/autonomous_robot/autonomous_robot_system_tests) by extension 'colcon_meta'
[0.168s] Level 1:colcon.colcon_core.package_identification:_identify(src/autonomous_robot/autonomous_robot_system_tests) by extensions ['ros']
[0.168s] Level 1:colcon.colcon_core.package_identification:_identify(src/autonomous_robot/autonomous_robot_system_tests) by extension 'ros'
[0.168s] DEBUG:colcon.colcon_core.package_identification:Package 'src/autonomous_robot/autonomous_robot_system_tests' with type 'ros.ament_python' and name 'autonomous_robot_system_tests'
[0.168s] Level 1:colcon.colcon_core.package_identification:_identify(src/ros2_fundamentals_examples) by extensions ['ignore', 'ignore_ament_install']
[0.168s] Level 1:colcon.colcon_core.package_identification:_identify(src/ros2_fundamentals_examples) by extension 'ignore'
[0.168s] Level 1:colcon.colcon_core.package_identification:_identify(src/ros2_fundamentals_examples) by extension 'ignore_ament_install'
[0.168s] Level 1:colcon.colcon_core.package_identification:_identify(src/ros2_fundamentals_examples) by extensions ['colcon_pkg']
[0.168s] Level 1:colcon.colcon_core.package_identification:_identify(src/ros2_fundamentals_examples) by extension 'colcon_pkg'
[0.168s] Level 1:colcon.colcon_core.package_identification:_identify(src/ros2_fundamentals_examples) by extensions ['colcon_meta']
[0.168s] Level 1:colcon.colcon_core.package_identification:_identify(src/ros2_fundamentals_examples) by extension 'colcon_meta'
[0.168s] Level 1:colcon.colcon_core.package_identification:_identify(src/ros2_fundamentals_examples) by extensions ['ros']
[0.168s] Level 1:colcon.colcon_core.package_identification:_identify(src/ros2_fundamentals_examples) by extension 'ros'
[0.169s] DEBUG:colcon.colcon_core.package_identification:Package 'src/ros2_fundamentals_examples' with type 'ros.ament_cmake' and name 'ros2_fundamentals_examples'
[0.169s] Level 1:colcon.colcon_core.package_discovery:discover_packages(recursive) using defaults
[0.169s] Level 1:colcon.colcon_core.package_discovery:discover_packages(ignore) discover
[0.169s] Level 1:colcon.colcon_core.package_discovery:discover_packages(ignore) using defaults
[0.169s] Level 1:colcon.colcon_core.package_discovery:discover_packages(path) discover
[0.169s] Level 1:colcon.colcon_core.package_discovery:discover_packages(path) using defaults
[0.189s] Level 1:colcon.colcon_core.package_discovery:discover_packages(prefix_path) check parameters
[0.189s] Level 1:colcon.colcon_core.package_discovery:discover_packages(prefix_path) discover
[0.193s] DEBUG:colcon.colcon_installed_package_information.package_discovery:Found 6 installed packages in /home/alonso/Development/School/ros_dev/install
[0.194s] DEBUG:colcon.colcon_installed_package_information.package_discovery:Found 302 installed packages in /opt/ros/jazzy
[0.195s] Level 1:colcon.colcon_core.package_discovery:discover_packages(prefix_path) using defaults
[0.249s] Level 5:colcon.colcon_core.verb:set package 'autonomous_robot_bringup' build argument 'cmake_args' from command line to 'None'
[0.249s] Level 5:colcon.colcon_core.verb:set package 'autonomous_robot_bringup' build argument 'cmake_target' from command line to 'None'
[0.249s] Level 5:colcon.colcon_core.verb:set package 'autonomous_robot_bringup' build argument 'cmake_target_skip_unavailable' from command line to 'False'
[0.249s] Level 5:colcon.colcon_core.verb:set package 'autonomous_robot_bringup' build argument 'cmake_clean_cache' from command line to 'False'
[0.249s] Level 5:colcon.colcon_core.verb:set package 'autonomous_robot_bringup' build argument 'cmake_clean_first' from command line to 'False'
[0.249s] Level 5:colcon.colcon_core.verb:set package 'autonomous_robot_bringup' build argument 'cmake_force_configure' from command line to 'False'
[0.249s] Level 5:colcon.colcon_core.verb:set package 'autonomous_robot_bringup' build argument 'ament_cmake_args' from command line to 'None'
[0.249s] Level 5:colcon.colcon_core.verb:set package 'autonomous_robot_bringup' build argument 'catkin_cmake_args' from command line to 'None'
[0.249s] Level 5:colcon.colcon_core.verb:set package 'autonomous_robot_bringup' build argument 'catkin_skip_building_tests' from command line to 'False'
[0.249s] DEBUG:colcon.colcon_core.verb:Building package 'autonomous_robot_bringup' with the following arguments: {'ament_cmake_args': None, 'build_base': '/home/alonso/Development/School/ros_dev/build/autonomous_robot_bringup', 'catkin_cmake_args': None, 'catkin_skip_building_tests': False, 'cmake_args': None, 'cmake_clean_cache': False, 'cmake_clean_first': False, 'cmake_force_configure': False, 'cmake_target': None, 'cmake_target_skip_unavailable': False, 'install_base': '/home/alonso/Development/School/ros_dev/install/autonomous_robot_bringup', 'merge_install': False, 'path': '/home/alonso/Development/School/ros_dev/src/autonomous_robot/autonomous_robot_bringup', 'symlink_install': False, 'test_result_base': None}
[0.249s] Level 5:colcon.colcon_core.verb:set package 'autonomous_robot_description' build argument 'cmake_args' from command line to 'None'
[0.249s] Level 5:colcon.colcon_core.verb:set package 'autonomous_robot_description' build argument 'cmake_target' from command line to 'None'
[0.249s] Level 5:colcon.colcon_core.verb:set package 'autonomous_robot_description' build argument 'cmake_target_skip_unavailable' from command line to 'False'
[0.249s] Level 5:colcon.colcon_core.verb:set package 'autonomous_robot_description' build argument 'cmake_clean_cache' from command line to 'False'
[0.249s] Level 5:colcon.colcon_core.verb:set package 'autonomous_robot_description' build argument 'cmake_clean_first' from command line to 'False'
[0.249s] Level 5:colcon.colcon_core.verb:set package 'autonomous_robot_description' build argument 'cmake_force_configure' from command line to 'False'
[0.249s] Level 5:colcon.colcon_core.verb:set package 'autonomous_robot_description' build argument 'ament_cmake_args' from command line to 'None'
[0.249s] Level 5:colcon.colcon_core.verb:set package 'autonomous_robot_description' build argument 'catkin_cmake_args' from command line to 'None'
[0.249s] Level 5:colcon.colcon_core.verb:set package 'autonomous_robot_description' build argument 'catkin_skip_building_tests' from command line to 'False'
[0.249s] DEBUG:colcon.colcon_core.verb:Building package 'autonomous_robot_description' with the following arguments: {'ament_cmake_args': None, 'build_base': '/home/alonso/Development/School/ros_dev/build/autonomous_robot_description', 'catkin_cmake_args': None, 'catkin_skip_building_tests': False, 'cmake_args': None, 'cmake_clean_cache': False, 'cmake_clean_first': False, 'cmake_force_configure': False, 'cmake_target': None, 'cmake_target_skip_unavailable': False, 'install_base': '/home/alonso/Development/School/ros_dev/install/autonomous_robot_description', 'merge_install': False, 'path': '/home/alonso/Development/School/ros_dev/src/autonomous_robot/autonomous_robot_description', 'symlink_install': False, 'test_result_base': None}
[0.249s] Level 5:colcon.colcon_core.verb:set package 'autonomous_robot_gazebo' build argument 'cmake_args' from command line to 'None'
[0.249s] Level 5:colcon.colcon_core.verb:set package 'autonomous_robot_gazebo' build argument 'cmake_target' from command line to 'None'
[0.249s] Level 5:colcon.colcon_core.verb:set package 'autonomous_robot_gazebo' build argument 'cmake_target_skip_unavailable' from command line to 'False'
[0.249s] Level 5:colcon.colcon_core.verb:set package 'autonomous_robot_gazebo' build argument 'cmake_clean_cache' from command line to 'False'
[0.249s] Level 5:colcon.colcon_core.verb:set package 'autonomous_robot_gazebo' build argument 'cmake_clean_first' from command line to 'False'
[0.249s] Level 5:colcon.colcon_core.verb:set package 'autonomous_robot_gazebo' build argument 'cmake_force_configure' from command line to 'False'
[0.249s] Level 5:colcon.colcon_core.verb:set package 'autonomous_robot_gazebo' build argument 'ament_cmake_args' from command line to 'None'
[0.249s] Level 5:colcon.colcon_core.verb:set package 'autonomous_robot_gazebo' build argument 'catkin_cmake_args' from command line to 'None'
[0.249s] Level 5:colcon.colcon_core.verb:set package 'autonomous_robot_gazebo' build argument 'catkin_skip_building_tests' from command line to 'False'
[0.249s] DEBUG:colcon.colcon_core.verb:Building package 'autonomous_robot_gazebo' with the following arguments: {'ament_cmake_args': None, 'build_base': '/home/alonso/Development/School/ros_dev/build/autonomous_robot_gazebo', 'catkin_cmake_args': None, 'catkin_skip_building_tests': False, 'cmake_args': None, 'cmake_clean_cache': False, 'cmake_clean_first': False, 'cmake_force_configure': False, 'cmake_target': None, 'cmake_target_skip_unavailable': False, 'install_base': '/home/alonso/Development/School/ros_dev/install/autonomous_robot_gazebo', 'merge_install': False, 'path': '/home/alonso/Development/School/ros_dev/src/autonomous_robot/autonomous_robot_gazebo', 'symlink_install': False, 'test_result_base': None}
[0.249s] Level 5:colcon.colcon_core.verb:set package 'autonomous_robot_system_tests' build argument 'cmake_args' from command line to 'None'
[0.249s] Level 5:colcon.colcon_core.verb:set package 'autonomous_robot_system_tests' build argument 'cmake_target' from command line to 'None'
[0.249s] Level 5:colcon.colcon_core.verb:set package 'autonomous_robot_system_tests' build argument 'cmake_target_skip_unavailable' from command line to 'False'
[0.250s] Level 5:colcon.colcon_core.verb:set package 'autonomous_robot_system_tests' build argument 'cmake_clean_cache' from command line to 'False'
[0.250s] Level 5:colcon.colcon_core.verb:set package 'autonomous_robot_system_tests' build argument 'cmake_clean_first' from command line to 'False'
[0.250s] Level 5:colcon.colcon_core.verb:set package 'autonomous_robot_system_tests' build argument 'cmake_force_configure' from command line to 'False'
[0.250s] Level 5:colcon.colcon_core.verb:set package 'autonomous_robot_system_tests' build argument 'ament_cmake_args' from command line to 'None'
[0.250s] Level 5:colcon.colcon_core.verb:set package 'autonomous_robot_system_tests' build argument 'catkin_cmake_args' from command line to 'None'
[0.250s] Level 5:colcon.colcon_core.verb:set package 'autonomous_robot_system_tests' build argument 'catkin_skip_building_tests' from command line to 'False'
[0.250s] DEBUG:colcon.colcon_core.verb:Building package 'autonomous_robot_system_tests' with the following arguments: {'ament_cmake_args': None, 'build_base': '/home/alonso/Development/School/ros_dev/build/autonomous_robot_system_tests', 'catkin_cmake_args': None, 'catkin_skip_building_tests': False, 'cmake_args': None, 'cmake_clean_cache': False, 'cmake_clean_first': False, 'cmake_force_configure': False, 'cmake_target': None, 'cmake_target_skip_unavailable': False, 'install_base': '/home/alonso/Development/School/ros_dev/install/autonomous_robot_system_tests', 'merge_install': False, 'path': '/home/alonso/Development/School/ros_dev/src/autonomous_robot/autonomous_robot_system_tests', 'symlink_install': False, 'test_result_base': None}
[0.250s] Level 5:colcon.colcon_core.verb:set package 'ros2_fundamentals_examples' build argument 'cmake_args' from command line to 'None'
[0.250s] Level 5:colcon.colcon_core.verb:set package 'ros2_fundamentals_examples' build argument 'cmake_target' from command line to 'None'
[0.250s] Level 5:colcon.colcon_core.verb:set package 'ros2_fundamentals_examples' build argument 'cmake_target_skip_unavailable' from command line to 'False'
[0.250s] Level 5:colcon.colcon_core.verb:set package 'ros2_fundamentals_examples' build argument 'cmake_clean_cache' from command line to 'False'
[0.250s] Level 5:colcon.colcon_core.verb:set package 'ros2_fundamentals_examples' build argument 'cmake_clean_first' from command line to 'False'
[0.250s] Level 5:colcon.colcon_core.verb:set package 'ros2_fundamentals_examples' build argument 'cmake_force_configure' from command line to 'False'
[0.250s] Level 5:colcon.colcon_core.verb:set package 'ros2_fundamentals_examples' build argument 'ament_cmake_args' from command line to 'None'
[0.250s] Level 5:colcon.colcon_core.verb:set package 'ros2_fundamentals_examples' build argument 'catkin_cmake_args' from command line to 'None'
[0.250s] Level 5:colcon.colcon_core.verb:set package 'ros2_fundamentals_examples' build argument 'catkin_skip_building_tests' from command line to 'False'
[0.250s] DEBUG:colcon.colcon_core.verb:Building package 'ros2_fundamentals_examples' with the following arguments: {'ament_cmake_args': None, 'build_base': '/home/alonso/Development/School/ros_dev/build/ros2_fundamentals_examples', 'catkin_cmake_args': None, 'catkin_skip_building_tests': False, 'cmake_args': None, 'cmake_clean_cache': False, 'cmake_clean_first': False, 'cmake_force_configure': False, 'cmake_target': None, 'cmake_target_skip_unavailable': False, 'install_base': '/home/alonso/Development/School/ros_dev/install/ros2_fundamentals_examples', 'merge_install': False, 'path': '/home/alonso/Development/School/ros_dev/src/ros2_fundamentals_examples', 'symlink_install': False, 'test_result_base': None}
[0.250s] Level 5:colcon.colcon_core.verb:set package 'autonomous_robot' build argument 'cmake_args' from command line to 'None'
[0.250s] Level 5:colcon.colcon_core.verb:set package 'autonomous_robot' build argument 'cmake_target' from command line to 'None'
[0.250s] Level 5:colcon.colcon_core.verb:set package 'autonomous_robot' build argument 'cmake_target_skip_unavailable' from command line to 'False'
[0.250s] Level 5:colcon.colcon_core.verb:set package 'autonomous_robot' build argument 'cmake_clean_cache' from command line to 'False'
[0.250s] Level 5:colcon.colcon_core.verb:set package 'autonomous_robot' build argument 'cmake_clean_first' from command line to 'False'
[0.250s] Level 5:colcon.colcon_core.verb:set package 'autonomous_robot' build argument 'cmake_force_configure' from command line to 'False'
[0.250s] Level 5:colcon.colcon_core.verb:set package 'autonomous_robot' build argument 'ament_cmake_args' from command line to 'None'
[0.250s] Level 5:colcon.colcon_core.verb:set package 'autonomous_robot' build argument 'catkin_cmake_args' from command line to 'None'
[0.250s] Level 5:colcon.colcon_core.verb:set package 'autonomous_robot' build argument 'catkin_skip_building_tests' from command line to 'False'
[0.250s] DEBUG:colcon.colcon_core.verb:Building package 'autonomous_robot' with the following arguments: {'ament_cmake_args': None, 'build_base': '/home/alonso/Development/School/ros_dev/build/autonomous_robot', 'catkin_cmake_args': None, 'catkin_skip_building_tests': False, 'cmake_args': None, 'cmake_clean_cache': False, 'cmake_clean_first': False, 'cmake_force_configure': False, 'cmake_target': None, 'cmake_target_skip_unavailable': False, 'install_base': '/home/alonso/Development/School/ros_dev/install/autonomous_robot', 'merge_install': False, 'path': '/home/alonso/Development/School/ros_dev/src/autonomous_robot/autonomous_robot', 'symlink_install': False, 'test_result_base': None}
[0.250s] INFO:colcon.colcon_core.executor:Executing jobs using 'parallel' executor
[0.251s] DEBUG:colcon.colcon_parallel_executor.executor.parallel:run_until_complete
[0.251s] INFO:colcon.colcon_ros.task.ament_python.build:Building ROS package in '/home/alonso/Development/School/ros_dev/src/autonomous_robot/autonomous_robot_bringup' with build type 'ament_python'
[0.251s] Level 1:colcon.colcon_core.shell:create_environment_hook('autonomous_robot_bringup', 'ament_prefix_path')
[0.254s] INFO:colcon.colcon_core.plugin_system:Skipping extension 'colcon_core.shell.bat': Not used on non-Windows systems
[0.254s] INFO:colcon.colcon_core.shell:Creating environment hook '/home/alonso/Development/School/ros_dev/install/autonomous_robot_bringup/share/autonomous_robot_bringup/hook/ament_prefix_path.ps1'
[0.255s] INFO:colcon.colcon_core.shell:Creating environment descriptor '/home/alonso/Development/School/ros_dev/install/autonomous_robot_bringup/share/autonomous_robot_bringup/hook/ament_prefix_path.dsv'
[0.256s] INFO:colcon.colcon_core.shell:Creating environment hook '/home/alonso/Development/School/ros_dev/install/autonomous_robot_bringup/share/autonomous_robot_bringup/hook/ament_prefix_path.sh'
[0.257s] INFO:colcon.colcon_core.shell:Skip shell extension 'powershell' for command environment: Not usable outside of PowerShell
[0.257s] DEBUG:colcon.colcon_core.shell:Skip shell extension 'dsv' for command environment
[0.259s] INFO:colcon.colcon_ros.task.ament_cmake.build:Building ROS package in '/home/alonso/Development/School/ros_dev/src/autonomous_robot/autonomous_robot_description' with build type 'ament_cmake'
[0.259s] INFO:colcon.colcon_cmake.task.cmake.build:Building CMake package in '/home/alonso/Development/School/ros_dev/src/autonomous_robot/autonomous_robot_description'
[0.259s] INFO:colcon.colcon_core.shell:Skip shell extension 'powershell' for command environment: Not usable outside of PowerShell
[0.259s] DEBUG:colcon.colcon_core.shell:Skip shell extension 'dsv' for command environment
[0.262s] INFO:colcon.colcon_ros.task.ament_python.build:Building ROS package in '/home/alonso/Development/School/ros_dev/src/autonomous_robot/autonomous_robot_gazebo' with build type 'ament_python'
[0.262s] Level 1:colcon.colcon_core.shell:create_environment_hook('autonomous_robot_gazebo', 'ament_prefix_path')
[0.262s] INFO:colcon.colcon_core.shell:Creating environment hook '/home/alonso/Development/School/ros_dev/install/autonomous_robot_gazebo/share/autonomous_robot_gazebo/hook/ament_prefix_path.ps1'
[0.262s] INFO:colcon.colcon_core.shell:Creating environment descriptor '/home/alonso/Development/School/ros_dev/install/autonomous_robot_gazebo/share/autonomous_robot_gazebo/hook/ament_prefix_path.dsv'
[0.262s] INFO:colcon.colcon_core.shell:Creating environment hook '/home/alonso/Development/School/ros_dev/install/autonomous_robot_gazebo/share/autonomous_robot_gazebo/hook/ament_prefix_path.sh'
[0.262s] INFO:colcon.colcon_core.shell:Skip shell extension 'powershell' for command environment: Not usable outside of PowerShell
[0.262s] DEBUG:colcon.colcon_core.shell:Skip shell extension 'dsv' for command environment
[0.264s] INFO:colcon.colcon_ros.task.ament_python.build:Building ROS package in '/home/alonso/Development/School/ros_dev/src/autonomous_robot/autonomous_robot_system_tests' with build type 'ament_python'
[0.264s] Level 1:colcon.colcon_core.shell:create_environment_hook('autonomous_robot_system_tests', 'ament_prefix_path')
[0.264s] INFO:colcon.colcon_core.shell:Creating environment hook '/home/alonso/Development/School/ros_dev/install/autonomous_robot_system_tests/share/autonomous_robot_system_tests/hook/ament_prefix_path.ps1'
[0.264s] INFO:colcon.colcon_core.shell:Creating environment descriptor '/home/alonso/Development/School/ros_dev/install/autonomous_robot_system_tests/share/autonomous_robot_system_tests/hook/ament_prefix_path.dsv'
[0.265s] INFO:colcon.colcon_core.shell:Creating environment hook '/home/alonso/Development/School/ros_dev/install/autonomous_robot_system_tests/share/autonomous_robot_system_tests/hook/ament_prefix_path.sh'
[0.265s] INFO:colcon.colcon_core.shell:Skip shell extension 'powershell' for command environment: Not usable outside of PowerShell
[0.265s] DEBUG:colcon.colcon_core.shell:Skip shell extension 'dsv' for command environment
[0.266s] INFO:colcon.colcon_ros.task.ament_cmake.build:Building ROS package in '/home/alonso/Development/School/ros_dev/src/ros2_fundamentals_examples' with build type 'ament_cmake'
[0.266s] INFO:colcon.colcon_cmake.task.cmake.build:Building CMake package in '/home/alonso/Development/School/ros_dev/src/ros2_fundamentals_examples'
[0.266s] INFO:colcon.colcon_core.shell:Skip shell extension 'powershell' for command environment: Not usable outside of PowerShell
[0.267s] DEBUG:colcon.colcon_core.shell:Skip shell extension 'dsv' for command environment
[0.391s] INFO:colcon.colcon_core.task.python.build:Building Python package in '/home/alonso/Development/School/ros_dev/src/autonomous_robot/autonomous_robot_bringup'
[0.391s] INFO:colcon.colcon_core.shell:Skip shell extension 'powershell' for command environment: Not usable outside of PowerShell
[0.391s] DEBUG:colcon.colcon_core.shell:Skip shell extension 'dsv' for command environment
[0.395s] DEBUG:colcon.colcon_core.event_handler.log_command:Invoking command in '/home/alonso/Development/School/ros_dev/build/autonomous_robot_description': CMAKE_PREFIX_PATH=${CMAKE_PREFIX_PATH}:/home/alonso/Development/School/ros_dev/install/autonomous_robot_system_tests:/home/alonso/Development/School/ros_dev/install/autonomous_robot_gazebo:/home/alonso/Development/School/ros_dev/install/autonomous_robot_bringup:/opt/ros/jazzy CONDA_PROMPT_MODIFIER=(base) DEBUGINFOD_URLS=https://debuginfod.ubuntu.com /usr/bin/cmake --build /home/alonso/Development/School/ros_dev/build/autonomous_robot_description -- -j16 -l16
[0.512s] INFO:colcon.colcon_core.task.python.build:Building Python package in '/home/alonso/Development/School/ros_dev/src/autonomous_robot/autonomous_robot_gazebo'
[0.513s] INFO:colcon.colcon_core.shell:Skip shell extension 'powershell' for command environment: Not usable outside of PowerShell
[0.513s] DEBUG:colcon.colcon_core.shell:Skip shell extension 'dsv' for command environment
[0.629s] INFO:colcon.colcon_core.task.python.build:Building Python package in '/home/alonso/Development/School/ros_dev/src/autonomous_robot/autonomous_robot_system_tests'
[0.630s] INFO:colcon.colcon_core.shell:Skip shell extension 'powershell' for command environment: Not usable outside of PowerShell
[0.630s] DEBUG:colcon.colcon_core.shell:Skip shell extension 'dsv' for command environment
[0.635s] DEBUG:colcon.colcon_core.event_handler.log_command:Invoking command in '/home/alonso/Development/School/ros_dev/build/ros2_fundamentals_examples': CMAKE_PREFIX_PATH=${CMAKE_PREFIX_PATH}:/home/alonso/Development/School/ros_dev/install/autonomous_robot_system_tests:/home/alonso/Development/School/ros_dev/install/autonomous_robot_gazebo:/home/alonso/Development/School/ros_dev/install/autonomous_robot_bringup:/opt/ros/jazzy CONDA_PROMPT_MODIFIER=(base) DEBUGINFOD_URLS=https://debuginfod.ubuntu.com /usr/bin/cmake --build /home/alonso/Development/School/ros_dev/build/ros2_fundamentals_examples -- -j16 -l16
[0.643s] DEBUG:colcon.colcon_core.event_handler.log_command:Invoked command in '/home/alonso/Development/School/ros_dev/build/autonomous_robot_description' returned '2': CMAKE_PREFIX_PATH=${CMAKE_PREFIX_PATH}:/home/alonso/Development/School/ros_dev/install/autonomous_robot_system_tests:/home/alonso/Development/School/ros_dev/install/autonomous_robot_gazebo:/home/alonso/Development/School/ros_dev/install/autonomous_robot_bringup:/opt/ros/jazzy CONDA_PROMPT_MODIFIER=(base) DEBUGINFOD_URLS=https://debuginfod.ubuntu.com /usr/bin/cmake --build /home/alonso/Development/School/ros_dev/build/autonomous_robot_description -- -j16 -l16
[0.644s] Level 1:colcon.colcon_core.environment:create_environment_scripts_only(autonomous_robot_description)
[0.649s] Level 1:colcon.colcon_core.environment:checking '/home/alonso/Development/School/ros_dev/install/autonomous_robot_description' for CMake module files
[0.650s] Level 1:colcon.colcon_core.environment:checking '/home/alonso/Development/School/ros_dev/install/autonomous_robot_description' for CMake config files
[0.650s] Level 1:colcon.colcon_core.shell:create_environment_hook('autonomous_robot_description', 'cmake_prefix_path')
[0.650s] INFO:colcon.colcon_core.shell:Creating environment hook '/home/alonso/Development/School/ros_dev/install/autonomous_robot_description/share/autonomous_robot_description/hook/cmake_prefix_path.ps1'
[0.651s] INFO:colcon.colcon_core.shell:Creating environment descriptor '/home/alonso/Development/School/ros_dev/install/autonomous_robot_description/share/autonomous_robot_description/hook/cmake_prefix_path.dsv'
[0.651s] INFO:colcon.colcon_core.shell:Creating environment hook '/home/alonso/Development/School/ros_dev/install/autonomous_robot_description/share/autonomous_robot_description/hook/cmake_prefix_path.sh'
[0.652s] Level 1:colcon.colcon_core.environment:checking '/home/alonso/Development/School/ros_dev/install/autonomous_robot_description/bin'
[0.652s] Level 1:colcon.colcon_core.environment:checking '/home/alonso/Development/School/ros_dev/install/autonomous_robot_description/lib/pkgconfig/autonomous_robot_description.pc'
[0.652s] Level 1:colcon.colcon_core.environment:checking '/home/alonso/Development/School/ros_dev/install/autonomous_robot_description/lib/python3.12/site-packages'
[0.653s] Level 1:colcon.colcon_core.environment:checking '/home/alonso/Development/School/ros_dev/install/autonomous_robot_description/bin'
[0.653s] INFO:colcon.colcon_core.shell:Creating package script '/home/alonso/Development/School/ros_dev/install/autonomous_robot_description/share/autonomous_robot_description/package.ps1'
[0.654s] INFO:colcon.colcon_core.shell:Creating package descriptor '/home/alonso/Development/School/ros_dev/install/autonomous_robot_description/share/autonomous_robot_description/package.dsv'
[0.655s] INFO:colcon.colcon_core.shell:Creating package script '/home/alonso/Development/School/ros_dev/install/autonomous_robot_description/share/autonomous_robot_description/package.sh'
[0.655s] INFO:colcon.colcon_core.shell:Creating package script '/home/alonso/Development/School/ros_dev/install/autonomous_robot_description/share/autonomous_robot_description/package.bash'
[0.657s] INFO:colcon.colcon_core.shell:Creating package script '/home/alonso/Development/School/ros_dev/install/autonomous_robot_description/share/autonomous_robot_description/package.zsh'
[0.658s] Level 1:colcon.colcon_core.environment:create_file_with_runtime_dependencies(/home/alonso/Development/School/ros_dev/install/autonomous_robot_description/share/colcon-core/packages/autonomous_robot_description)
[1.246s] DEBUG:colcon.colcon_parallel_executor.executor.parallel:closing loop
[1.246s] DEBUG:colcon.colcon_parallel_executor.executor.parallel:loop closed
[1.246s] DEBUG:colcon.colcon_parallel_executor.executor.parallel:run_until_complete finished with '2'
[1.246s] DEBUG:colcon.colcon_core.event_reactor:joining thread
[1.252s] INFO:colcon.colcon_core.plugin_system:Skipping extension 'colcon_notification.desktop_notification.terminal_notifier': Not used on non-Darwin systems
[1.252s] INFO:colcon.colcon_core.plugin_system:Skipping extension 'colcon_notification.desktop_notification.win32': Not used on non-Windows systems
[1.252s] INFO:colcon.colcon_notification.desktop_notification:Sending desktop notification using 'notify2'
[1.304s] DEBUG:colcon.colcon_core.event_reactor:joined thread
[1.304s] INFO:colcon.colcon_core.shell:Creating prefix script '/home/alonso/Development/School/ros_dev/install/local_setup.ps1'
[1.305s] INFO:colcon.colcon_core.shell:Creating prefix util module '/home/alonso/Development/School/ros_dev/install/_local_setup_util_ps1.py'
[1.306s] INFO:colcon.colcon_core.shell:Creating prefix chain script '/home/alonso/Development/School/ros_dev/install/setup.ps1'
[1.307s] INFO:colcon.colcon_core.shell:Creating prefix script '/home/alonso/Development/School/ros_dev/install/local_setup.sh'
[1.307s] INFO:colcon.colcon_core.shell:Creating prefix util module '/home/alonso/Development/School/ros_dev/install/_local_setup_util_sh.py'
[1.308s] INFO:colcon.colcon_core.shell:Creating prefix chain script '/home/alonso/Development/School/ros_dev/install/setup.sh'
[1.309s] INFO:colcon.colcon_core.shell:Creating prefix script '/home/alonso/Development/School/ros_dev/install/local_setup.bash'
[1.309s] INFO:colcon.colcon_core.shell:Creating prefix chain script '/home/alonso/Development/School/ros_dev/install/setup.bash'
[1.310s] INFO:colcon.colcon_core.shell:Creating prefix script '/home/alonso/Development/School/ros_dev/install/local_setup.zsh'
[1.311s] INFO:colcon.colcon_core.shell:Creating prefix chain script '/home/alonso/Development/School/ros_dev/install/setup.zsh'
