[0.608s] Invoking command in '/home/alonso/Development/School/ros_dev/src/autonomous_robot/autonomous_robot_bringup': CONDA_PROMPT_MODIFIER=(base) DEBUGINFOD_URLS=https://debuginfod.ubuntu.com PYTHONPATH=/home/alonso/Development/School/ros_dev/build/autonomous_robot_bringup/prefix_override:/home/alonso/.local/share/mise/installs/python/3.12.11/lib/python3.12/site-packages/colcon_core/task/python/colcon_distutils_commands:/home/alonso/Development/School/ros_dev/install/autonomous_robot_bringup/lib/python3.12/site-packages:${PYTHONPATH} /home/alonso/.local/share/mise/installs/python/3.12.11/bin/python3.12 -W ignore:setup.py install is deprecated -W ignore:easy_install command is deprecated setup.py egg_info --egg-base ../../../build/autonomous_robot_bringup build --build-base /home/alonso/Development/School/ros_dev/build/autonomous_robot_bringup/build install --record /home/alonso/Development/School/ros_dev/build/autonomous_robot_bringup/install.log --single-version-externally-managed install_data
[0.719s] running egg_info
[0.724s] creating ../../../build/autonomous_robot_bringup/autonomous_robot_bringup.egg-info
[0.724s] writing ../../../build/autonomous_robot_bringup/autonomous_robot_bringup.egg-info/PKG-INFO
[0.724s] writing dependency_links to ../../../build/autonomous_robot_bringup/autonomous_robot_bringup.egg-info/dependency_links.txt
[0.725s] writing entry points to ../../../build/autonomous_robot_bringup/autonomous_robot_bringup.egg-info/entry_points.txt
[0.725s] writing requirements to ../../../build/autonomous_robot_bringup/autonomous_robot_bringup.egg-info/requires.txt
[0.725s] writing top-level names to ../../../build/autonomous_robot_bringup/autonomous_robot_bringup.egg-info/top_level.txt
[0.725s] writing manifest file '../../../build/autonomous_robot_bringup/autonomous_robot_bringup.egg-info/SOURCES.txt'
[0.736s] reading manifest file '../../../build/autonomous_robot_bringup/autonomous_robot_bringup.egg-info/SOURCES.txt'
[0.736s] adding license file 'LICENSE'
[0.736s] writing manifest file '../../../build/autonomous_robot_bringup/autonomous_robot_bringup.egg-info/SOURCES.txt'
[0.736s] running build
[0.736s] running build_py
[0.737s] creating /home/alonso/Development/School/ros_dev/build/autonomous_robot_bringup/build/lib/autonomous_robot_bringup
[0.737s] copying autonomous_robot_bringup/twist_stamper.py -> /home/alonso/Development/School/ros_dev/build/autonomous_robot_bringup/build/lib/autonomous_robot_bringup
[0.737s] copying autonomous_robot_bringup/simple_teleop.py -> /home/alonso/Development/School/ros_dev/build/autonomous_robot_bringup/build/lib/autonomous_robot_bringup
[0.737s] copying autonomous_robot_bringup/__init__.py -> /home/alonso/Development/School/ros_dev/build/autonomous_robot_bringup/build/lib/autonomous_robot_bringup
[0.737s] running install
[0.740s] running install_lib
[0.745s] creating /home/alonso/Development/School/ros_dev/install/autonomous_robot_bringup/lib/python3.12/site-packages/autonomous_robot_bringup
[0.745s] copying /home/alonso/Development/School/ros_dev/build/autonomous_robot_bringup/build/lib/autonomous_robot_bringup/twist_stamper.py -> /home/alonso/Development/School/ros_dev/install/autonomous_robot_bringup/lib/python3.12/site-packages/autonomous_robot_bringup
[0.745s] copying /home/alonso/Development/School/ros_dev/build/autonomous_robot_bringup/build/lib/autonomous_robot_bringup/simple_teleop.py -> /home/alonso/Development/School/ros_dev/install/autonomous_robot_bringup/lib/python3.12/site-packages/autonomous_robot_bringup
[0.745s] copying /home/alonso/Development/School/ros_dev/build/autonomous_robot_bringup/build/lib/autonomous_robot_bringup/__init__.py -> /home/alonso/Development/School/ros_dev/install/autonomous_robot_bringup/lib/python3.12/site-packages/autonomous_robot_bringup
[0.745s] byte-compiling /home/alonso/Development/School/ros_dev/install/autonomous_robot_bringup/lib/python3.12/site-packages/autonomous_robot_bringup/twist_stamper.py to twist_stamper.cpython-312.pyc
[0.746s] byte-compiling /home/alonso/Development/School/ros_dev/install/autonomous_robot_bringup/lib/python3.12/site-packages/autonomous_robot_bringup/simple_teleop.py to simple_teleop.cpython-312.pyc
[0.746s] byte-compiling /home/alonso/Development/School/ros_dev/install/autonomous_robot_bringup/lib/python3.12/site-packages/autonomous_robot_bringup/__init__.py to __init__.cpython-312.pyc
[0.746s] running install_data
[0.746s] creating /home/alonso/Development/School/ros_dev/install/autonomous_robot_bringup/share/ament_index/resource_index/packages
[0.746s] copying resource/autonomous_robot_bringup -> /home/alonso/Development/School/ros_dev/install/autonomous_robot_bringup/share/ament_index/resource_index/packages
[0.746s] copying package.xml -> /home/alonso/Development/School/ros_dev/install/autonomous_robot_bringup/share/autonomous_robot_bringup
[0.746s] running install_egg_info
[0.752s] Copying ../../../build/autonomous_robot_bringup/autonomous_robot_bringup.egg-info to /home/alonso/Development/School/ros_dev/install/autonomous_robot_bringup/lib/python3.12/site-packages/autonomous_robot_bringup-0.0.0-py3.12.egg-info
[0.752s] running install_scripts
[0.784s] Installing simple_teleop script to /home/alonso/Development/School/ros_dev/install/autonomous_robot_bringup/lib/autonomous_robot_bringup
[0.784s] Installing twist_stamper script to /home/alonso/Development/School/ros_dev/install/autonomous_robot_bringup/lib/autonomous_robot_bringup
[0.784s] writing list of installed files to '/home/alonso/Development/School/ros_dev/build/autonomous_robot_bringup/install.log'
[0.819s] Invoked command in '/home/alonso/Development/School/ros_dev/src/autonomous_robot/autonomous_robot_bringup' returned '0': CONDA_PROMPT_MODIFIER=(base) DEBUGINFOD_URLS=https://debuginfod.ubuntu.com PYTHONPATH=/home/alonso/Development/School/ros_dev/build/autonomous_robot_bringup/prefix_override:/home/alonso/.local/share/mise/installs/python/3.12.11/lib/python3.12/site-packages/colcon_core/task/python/colcon_distutils_commands:/home/alonso/Development/School/ros_dev/install/autonomous_robot_bringup/lib/python3.12/site-packages:${PYTHONPATH} /home/alonso/.local/share/mise/installs/python/3.12.11/bin/python3.12 -W ignore:setup.py install is deprecated -W ignore:easy_install command is deprecated setup.py egg_info --egg-base ../../../build/autonomous_robot_bringup build --build-base /home/alonso/Development/School/ros_dev/build/autonomous_robot_bringup/build install --record /home/alonso/Development/School/ros_dev/build/autonomous_robot_bringup/install.log --single-version-externally-managed install_data
