[0.598s] Invoking command in '/home/alonso/Development/School/ros_dev/src/minibot': CONDA_PROMPT_MODIFIER=(base) DEBUGINFOD_URLS=https://debuginfod.ubuntu.com PYTHONPATH=/home/alonso/Development/School/ros_dev/build/minibot/prefix_override:/home/alonso/.local/share/mise/installs/python/3.12.11/lib/python3.12/site-packages/colcon_core/task/python/colcon_distutils_commands:/home/alonso/Development/School/ros_dev/install/minibot/lib/python3.12/site-packages:${PYTHONPATH} /home/alonso/.local/share/mise/installs/python/3.12.11/bin/python3.12 -W ignore:setup.py install is deprecated -W ignore:easy_install command is deprecated setup.py egg_info --egg-base ../../build/minibot build --build-base /home/alonso/Development/School/ros_dev/build/minibot/build install --record /home/alonso/Development/School/ros_dev/build/minibot/install.log --single-version-externally-managed install_data
[0.727s] running egg_info
[0.732s] creating ../../build/minibot/minibot.egg-info
[0.732s] writing ../../build/minibot/minibot.egg-info/PKG-INFO
[0.733s] writing dependency_links to ../../build/minibot/minibot.egg-info/dependency_links.txt
[0.733s] writing requirements to ../../build/minibot/minibot.egg-info/requires.txt
[0.733s] writing top-level names to ../../build/minibot/minibot.egg-info/top_level.txt
[0.733s] writing manifest file '../../build/minibot/minibot.egg-info/SOURCES.txt'
[0.751s] reading manifest file '../../build/minibot/minibot.egg-info/SOURCES.txt'
[0.752s] writing manifest file '../../build/minibot/minibot.egg-info/SOURCES.txt'
[0.752s] running build
[0.752s] running build_py
[0.752s] creating /home/alonso/Development/School/ros_dev/build/minibot/build/lib/minibot
[0.753s] copying minibot/__init__.py -> /home/alonso/Development/School/ros_dev/build/minibot/build/lib/minibot
[0.753s] running install
[0.757s] running install_lib
[0.762s] creating /home/alonso/Development/School/ros_dev/install/minibot/lib/python3.12/site-packages/minibot
[0.762s] copying /home/alonso/Development/School/ros_dev/build/minibot/build/lib/minibot/__init__.py -> /home/alonso/Development/School/ros_dev/install/minibot/lib/python3.12/site-packages/minibot
[0.763s] byte-compiling /home/alonso/Development/School/ros_dev/install/minibot/lib/python3.12/site-packages/minibot/__init__.py to __init__.cpython-312.pyc
[0.763s] running install_data
[0.763s] creating /home/alonso/Development/School/ros_dev/install/minibot/share/ament_index/resource_index/packages
[0.763s] copying resource/minibot -> /home/alonso/Development/School/ros_dev/install/minibot/share/ament_index/resource_index/packages
[0.763s] copying package.xml -> /home/alonso/Development/School/ros_dev/install/minibot/share/minibot
[0.763s] running install_egg_info
[0.770s] Copying ../../build/minibot/minibot.egg-info to /home/alonso/Development/School/ros_dev/install/minibot/lib/python3.12/site-packages/minibot-0.0.0-py3.12.egg-info
[0.771s] running install_scripts
[0.812s] writing list of installed files to '/home/alonso/Development/School/ros_dev/build/minibot/install.log'
[0.926s] Invoked command in '/home/alonso/Development/School/ros_dev/src/minibot' returned '0': CONDA_PROMPT_MODIFIER=(base) DEBUGINFOD_URLS=https://debuginfod.ubuntu.com PYTHONPATH=/home/alonso/Development/School/ros_dev/build/minibot/prefix_override:/home/alonso/.local/share/mise/installs/python/3.12.11/lib/python3.12/site-packages/colcon_core/task/python/colcon_distutils_commands:/home/alonso/Development/School/ros_dev/install/minibot/lib/python3.12/site-packages:${PYTHONPATH} /home/alonso/.local/share/mise/installs/python/3.12.11/bin/python3.12 -W ignore:setup.py install is deprecated -W ignore:easy_install command is deprecated setup.py egg_info --egg-base ../../build/minibot build --build-base /home/alonso/Development/School/ros_dev/build/minibot/build install --record /home/alonso/Development/School/ros_dev/build/minibot/install.log --single-version-externally-managed install_data
