[0.544s] Invoking command in '/home/alonso/Development/School/ros_dev/src/minibot': CONDA_PROMPT_MODIFIER=(base) DEBUGINFOD_URLS=https://debuginfod.ubuntu.com PYTHONPATH=/home/alonso/Development/School/ros_dev/build/minibot/prefix_override:/usr/lib/python3/dist-packages/colcon_core/task/python/colcon_distutils_commands:/home/alonso/Development/School/ros_dev/install/minibot/lib/python3.12/site-packages:${PYTHONPATH} /usr/bin/python3 -W ignore:setup.py install is deprecated -W ignore:easy_install command is deprecated setup.py egg_info --egg-base ../../build/minibot build --build-base /home/alonso/Development/School/ros_dev/build/minibot/build install --record /home/alonso/Development/School/ros_dev/build/minibot/install.log --single-version-externally-managed install_data
[0.712s] running egg_info
[0.723s] writing ../../build/minibot/minibot.egg-info/PKG-INFO
[0.723s] writing dependency_links to ../../build/minibot/minibot.egg-info/dependency_links.txt
[0.723s] writing requirements to ../../build/minibot/minibot.egg-info/requires.txt
[0.723s] writing top-level names to ../../build/minibot/minibot.egg-info/top_level.txt
[0.743s] reading manifest file '../../build/minibot/minibot.egg-info/SOURCES.txt'
[0.744s] writing manifest file '../../build/minibot/minibot.egg-info/SOURCES.txt'
[0.744s] running build
[0.744s] running build_py
[0.744s] running install
[0.748s] running install_lib
[0.759s] running install_data
[0.759s] copying launch/display.launch.py -> /home/alonso/Development/School/ros_dev/install/minibot/share/minibot/launch
[0.759s] running install_egg_info
[0.770s] removing '/home/alonso/Development/School/ros_dev/install/minibot/lib/python3.12/site-packages/minibot-0.0.0-py3.12.egg-info' (and everything under it)
[0.771s] Copying ../../build/minibot/minibot.egg-info to /home/alonso/Development/School/ros_dev/install/minibot/lib/python3.12/site-packages/minibot-0.0.0-py3.12.egg-info
[0.771s] running install_scripts
[0.848s] writing list of installed files to '/home/alonso/Development/School/ros_dev/build/minibot/install.log'
[0.869s] Invoked command in '/home/alonso/Development/School/ros_dev/src/minibot' returned '0': CONDA_PROMPT_MODIFIER=(base) DEBUGINFOD_URLS=https://debuginfod.ubuntu.com PYTHONPATH=/home/alonso/Development/School/ros_dev/build/minibot/prefix_override:/usr/lib/python3/dist-packages/colcon_core/task/python/colcon_distutils_commands:/home/alonso/Development/School/ros_dev/install/minibot/lib/python3.12/site-packages:${PYTHONPATH} /usr/bin/python3 -W ignore:setup.py install is deprecated -W ignore:easy_install command is deprecated setup.py egg_info --egg-base ../../build/minibot build --build-base /home/alonso/Development/School/ros_dev/build/minibot/build install --record /home/alonso/Development/School/ros_dev/build/minibot/install.log --single-version-externally-managed install_data
