[0.675s] Invoking command in '/home/alonso/Development/School/ros_dev/src/minibot': CONDA_PROMPT_MODIFIER=(base) DEBUGINFOD_URLS=https://debuginfod.ubuntu.com PYTHONPATH=/home/alonso/Development/School/ros_dev/build/minibot/prefix_override:/usr/lib/python3/dist-packages/colcon_core/task/python/colcon_distutils_commands:/home/alonso/Development/School/ros_dev/install/minibot/lib/python3.12/site-packages:${PYTHONPATH} /usr/bin/python3 -W ignore:setup.py install is deprecated -W ignore:easy_install command is deprecated setup.py egg_info --egg-base ../../build/minibot build --build-base /home/alonso/Development/School/ros_dev/build/minibot/build install --record /home/alonso/Development/School/ros_dev/build/minibot/install.log --single-version-externally-managed install_data
[0.831s] running egg_info
[0.841s] writing ../../build/minibot/minibot.egg-info/PKG-INFO
[0.841s] writing dependency_links to ../../build/minibot/minibot.egg-info/dependency_links.txt
[0.841s] writing requirements to ../../build/minibot/minibot.egg-info/requires.txt
[0.841s] writing top-level names to ../../build/minibot/minibot.egg-info/top_level.txt
[0.862s] reading manifest file '../../build/minibot/minibot.egg-info/SOURCES.txt'
[0.862s] writing manifest file '../../build/minibot/minibot.egg-info/SOURCES.txt'
[0.862s] running build
[0.862s] running build_py
[0.863s] running install
[0.867s] running install_lib
[0.878s] running install_data
[0.878s] copying package.xml -> /home/alonso/Development/School/ros_dev/install/minibot/share/minibot
[0.878s] creating /home/alonso/Development/School/ros_dev/install/minibot/share/minibot/launch
[0.878s] copying launch/display.launch.py -> /home/alonso/Development/School/ros_dev/install/minibot/share/minibot/launch
[0.878s] creating /home/alonso/Development/School/ros_dev/install/minibot/share/minibot/description
[0.878s] copying description/lidar.xacro -> /home/alonso/Development/School/ros_dev/install/minibot/share/minibot/description
[0.878s] copying description/robot_main.xacro -> /home/alonso/Development/School/ros_dev/install/minibot/share/minibot/description
[0.878s] copying description/camera.xacro -> /home/alonso/Development/School/ros_dev/install/minibot/share/minibot/description
[0.878s] copying description/inertial_macros.xacro -> /home/alonso/Development/School/ros_dev/install/minibot/share/minibot/description
[0.879s] copying description/robot.urdf.xacro -> /home/alonso/Development/School/ros_dev/install/minibot/share/minibot/description
[0.879s] creating /home/alonso/Development/School/ros_dev/install/minibot/share/minibot/rviz
[0.879s] copying rviz/display.rviz -> /home/alonso/Development/School/ros_dev/install/minibot/share/minibot/rviz
[0.879s] running install_egg_info
[0.890s] removing '/home/alonso/Development/School/ros_dev/install/minibot/lib/python3.12/site-packages/minibot-0.0.0-py3.12.egg-info' (and everything under it)
[0.890s] Copying ../../build/minibot/minibot.egg-info to /home/alonso/Development/School/ros_dev/install/minibot/lib/python3.12/site-packages/minibot-0.0.0-py3.12.egg-info
[0.891s] running install_scripts
[0.966s] writing list of installed files to '/home/alonso/Development/School/ros_dev/build/minibot/install.log'
[0.987s] Invoked command in '/home/alonso/Development/School/ros_dev/src/minibot' returned '0': CONDA_PROMPT_MODIFIER=(base) DEBUGINFOD_URLS=https://debuginfod.ubuntu.com PYTHONPATH=/home/alonso/Development/School/ros_dev/build/minibot/prefix_override:/usr/lib/python3/dist-packages/colcon_core/task/python/colcon_distutils_commands:/home/alonso/Development/School/ros_dev/install/minibot/lib/python3.12/site-packages:${PYTHONPATH} /usr/bin/python3 -W ignore:setup.py install is deprecated -W ignore:easy_install command is deprecated setup.py egg_info --egg-base ../../build/minibot build --build-base /home/alonso/Development/School/ros_dev/build/minibot/build install --record /home/alonso/Development/School/ros_dev/build/minibot/install.log --single-version-externally-managed install_data
