[0.083s] DEBUG:colcon:Command line arguments: ['/home/alonso/.local/share/mise/installs/python/3.12.11/bin/colcon', 'build']
[0.083s] DEBUG:colcon:Parsed command line arguments: Namespace(log_base=None, log_level=None, verb_name='build', build_base='build', install_base='install', merge_install=False, symlink_install=False, test_result_base=None, continue_on_error=False, executor='parallel', parallel_workers=16, event_handlers=None, ignore_user_meta=False, metas=['./colcon.meta'], base_paths=['.'], packages_ignore=None, packages_ignore_regex=None, paths=None, packages_up_to=None, packages_up_to_regex=None, packages_above=None, packages_above_and_dependencies=None, packages_above_depth=None, packages_select_by_dep=None, packages_skip_by_dep=None, packages_skip_up_to=None, packages_select_build_failed=False, packages_skip_build_finished=False, packages_select_test_failures=False, packages_skip_test_passed=False, packages_select=None, packages_skip=None, packages_select_regex=None, packages_skip_regex=None, packages_start=None, packages_end=None, cmake_args=None, cmake_target=None, cmake_target_skip_unavailable=False, cmake_clean_cache=False, cmake_clean_first=False, cmake_force_configure=False, ament_cmake_args=None, catkin_cmake_args=None, catkin_skip_building_tests=False, verb_parser=<colcon_defaults.argument_parser.defaults.DefaultArgumentsDecorator object at 0x7062c00771d0>, verb_extension=<colcon_core.verb.build.BuildVerb object at 0x7062c0076f30>, main=<bound method BuildVerb.main of <colcon_core.verb.build.BuildVerb object at 0x7062c0076f30>>)
[0.103s] Level 1:colcon.colcon_core.package_discovery:discover_packages(colcon_meta) check parameters
[0.104s] Level 1:colcon.colcon_core.package_discovery:discover_packages(recursive) check parameters
[0.104s] Level 1:colcon.colcon_core.package_discovery:discover_packages(ignore) check parameters
[0.104s] Level 1:colcon.colcon_core.package_discovery:discover_packages(path) check parameters
[0.104s] Level 1:colcon.colcon_core.package_discovery:discover_packages(colcon_meta) discover
[0.104s] Level 1:colcon.colcon_core.package_discovery:discover_packages(recursive) discover
[0.104s] INFO:colcon.colcon_core.package_discovery:Crawling recursively for packages in '/home/alonso/Development/School/ros_dev'
[0.104s] Level 1:colcon.colcon_core.package_identification:_identify(.) by extensions ['ignore', 'ignore_ament_install']
[0.104s] Level 1:colcon.colcon_core.package_identification:_identify(.) by extension 'ignore'
[0.104s] Level 1:colcon.colcon_core.package_identification:_identify(.) by extension 'ignore_ament_install'
[0.104s] Level 1:colcon.colcon_core.package_identification:_identify(.) by extensions ['colcon_pkg']
[0.104s] Level 1:colcon.colcon_core.package_identification:_identify(.) by extension 'colcon_pkg'
[0.104s] Level 1:colcon.colcon_core.package_identification:_identify(.) by extensions ['colcon_meta']
[0.104s] Level 1:colcon.colcon_core.package_identification:_identify(.) by extension 'colcon_meta'
[0.104s] Level 1:colcon.colcon_core.package_identification:_identify(.) by extensions ['ros']
[0.104s] Level 1:colcon.colcon_core.package_identification:_identify(.) by extension 'ros'
[0.121s] Level 1:colcon.colcon_core.package_identification:_identify(.) by extensions ['cmake', 'python']
[0.121s] Level 1:colcon.colcon_core.package_identification:_identify(.) by extension 'cmake'
[0.121s] Level 1:colcon.colcon_core.package_identification:_identify(.) by extension 'python'
[0.121s] Level 1:colcon.colcon_core.package_identification:_identify(.) by extensions ['python_setup_py']
[0.121s] Level 1:colcon.colcon_core.package_identification:_identify(.) by extension 'python_setup_py'
[0.121s] Level 1:colcon.colcon_core.package_identification:_identify(build) by extensions ['ignore', 'ignore_ament_install']
[0.121s] Level 1:colcon.colcon_core.package_identification:_identify(build) by extension 'ignore'
[0.121s] Level 1:colcon.colcon_core.package_identification:_identify(build) ignored
[0.122s] Level 1:colcon.colcon_core.package_identification:_identify(install) by extensions ['ignore', 'ignore_ament_install']
[0.122s] Level 1:colcon.colcon_core.package_identification:_identify(install) by extension 'ignore'
[0.122s] Level 1:colcon.colcon_core.package_identification:_identify(install) ignored
[0.122s] Level 1:colcon.colcon_core.package_identification:_identify(log) by extensions ['ignore', 'ignore_ament_install']
[0.122s] Level 1:colcon.colcon_core.package_identification:_identify(log) by extension 'ignore'
[0.122s] Level 1:colcon.colcon_core.package_identification:_identify(log) ignored
[0.122s] Level 1:colcon.colcon_core.package_identification:_identify(src) by extensions ['ignore', 'ignore_ament_install']
[0.122s] Level 1:colcon.colcon_core.package_identification:_identify(src) by extension 'ignore'
[0.122s] Level 1:colcon.colcon_core.package_identification:_identify(src) by extension 'ignore_ament_install'
[0.122s] Level 1:colcon.colcon_core.package_identification:_identify(src) by extensions ['colcon_pkg']
[0.122s] Level 1:colcon.colcon_core.package_identification:_identify(src) by extension 'colcon_pkg'
[0.122s] Level 1:colcon.colcon_core.package_identification:_identify(src) by extensions ['colcon_meta']
[0.122s] Level 1:colcon.colcon_core.package_identification:_identify(src) by extension 'colcon_meta'
[0.122s] Level 1:colcon.colcon_core.package_identification:_identify(src) by extensions ['ros']
[0.122s] Level 1:colcon.colcon_core.package_identification:_identify(src) by extension 'ros'
[0.122s] Level 1:colcon.colcon_core.package_identification:_identify(src) by extensions ['cmake', 'python']
[0.122s] Level 1:colcon.colcon_core.package_identification:_identify(src) by extension 'cmake'
[0.122s] Level 1:colcon.colcon_core.package_identification:_identify(src) by extension 'python'
[0.122s] Level 1:colcon.colcon_core.package_identification:_identify(src) by extensions ['python_setup_py']
[0.122s] Level 1:colcon.colcon_core.package_identification:_identify(src) by extension 'python_setup_py'
[0.122s] Level 1:colcon.colcon_core.package_identification:_identify(src/autonomous_robot) by extensions ['ignore', 'ignore_ament_install']
[0.122s] Level 1:colcon.colcon_core.package_identification:_identify(src/autonomous_robot) by extension 'ignore'
[0.122s] Level 1:colcon.colcon_core.package_identification:_identify(src/autonomous_robot) by extension 'ignore_ament_install'
[0.122s] Level 1:colcon.colcon_core.package_identification:_identify(src/autonomous_robot) by extensions ['colcon_pkg']
[0.122s] Level 1:colcon.colcon_core.package_identification:_identify(src/autonomous_robot) by extension 'colcon_pkg'
[0.122s] Level 1:colcon.colcon_core.package_identification:_identify(src/autonomous_robot) by extensions ['colcon_meta']
[0.122s] Level 1:colcon.colcon_core.package_identification:_identify(src/autonomous_robot) by extension 'colcon_meta'
[0.122s] Level 1:colcon.colcon_core.package_identification:_identify(src/autonomous_robot) by extensions ['ros']
[0.122s] Level 1:colcon.colcon_core.package_identification:_identify(src/autonomous_robot) by extension 'ros'
[0.122s] Level 1:colcon.colcon_core.package_identification:_identify(src/autonomous_robot) by extensions ['cmake', 'python']
[0.122s] Level 1:colcon.colcon_core.package_identification:_identify(src/autonomous_robot) by extension 'cmake'
[0.122s] Level 1:colcon.colcon_core.package_identification:_identify(src/autonomous_robot) by extension 'python'
[0.122s] Level 1:colcon.colcon_core.package_identification:_identify(src/autonomous_robot) by extensions ['python_setup_py']
[0.122s] Level 1:colcon.colcon_core.package_identification:_identify(src/autonomous_robot) by extension 'python_setup_py'
[0.122s] Level 1:colcon.colcon_core.package_identification:_identify(src/autonomous_robot/autonomous_robot) by extensions ['ignore', 'ignore_ament_install']
[0.122s] Level 1:colcon.colcon_core.package_identification:_identify(src/autonomous_robot/autonomous_robot) by extension 'ignore'
[0.122s] Level 1:colcon.colcon_core.package_identification:_identify(src/autonomous_robot/autonomous_robot) by extension 'ignore_ament_install'
[0.122s] Level 1:colcon.colcon_core.package_identification:_identify(src/autonomous_robot/autonomous_robot) by extensions ['colcon_pkg']
[0.122s] Level 1:colcon.colcon_core.package_identification:_identify(src/autonomous_robot/autonomous_robot) by extension 'colcon_pkg'
[0.122s] Level 1:colcon.colcon_core.package_identification:_identify(src/autonomous_robot/autonomous_robot) by extensions ['colcon_meta']
[0.122s] Level 1:colcon.colcon_core.package_identification:_identify(src/autonomous_robot/autonomous_robot) by extension 'colcon_meta'
[0.122s] Level 1:colcon.colcon_core.package_identification:_identify(src/autonomous_robot/autonomous_robot) by extensions ['ros']
[0.122s] Level 1:colcon.colcon_core.package_identification:_identify(src/autonomous_robot/autonomous_robot) by extension 'ros'
[0.124s] DEBUG:colcon.colcon_core.package_identification:Package 'src/autonomous_robot/autonomous_robot' with type 'ros.ament_cmake' and name 'autonomous_robot'
[0.124s] Level 1:colcon.colcon_core.package_identification:_identify(src/autonomous_robot/autonomous_robot_bringup) by extensions ['ignore', 'ignore_ament_install']
[0.124s] Level 1:colcon.colcon_core.package_identification:_identify(src/autonomous_robot/autonomous_robot_bringup) by extension 'ignore'
[0.124s] Level 1:colcon.colcon_core.package_identification:_identify(src/autonomous_robot/autonomous_robot_bringup) by extension 'ignore_ament_install'
[0.124s] Level 1:colcon.colcon_core.package_identification:_identify(src/autonomous_robot/autonomous_robot_bringup) by extensions ['colcon_pkg']
[0.124s] Level 1:colcon.colcon_core.package_identification:_identify(src/autonomous_robot/autonomous_robot_bringup) by extension 'colcon_pkg'
[0.124s] Level 1:colcon.colcon_core.package_identification:_identify(src/autonomous_robot/autonomous_robot_bringup) by extensions ['colcon_meta']
[0.124s] Level 1:colcon.colcon_core.package_identification:_identify(src/autonomous_robot/autonomous_robot_bringup) by extension 'colcon_meta'
[0.124s] Level 1:colcon.colcon_core.package_identification:_identify(src/autonomous_robot/autonomous_robot_bringup) by extensions ['ros']
[0.124s] Level 1:colcon.colcon_core.package_identification:_identify(src/autonomous_robot/autonomous_robot_bringup) by extension 'ros'
[0.125s] DEBUG:colcon.colcon_core.package_identification:Package 'src/autonomous_robot/autonomous_robot_bringup' with type 'ros.ament_python' and name 'autonomous_robot_bringup'
[0.125s] Level 1:colcon.colcon_core.package_identification:_identify(src/autonomous_robot/autonomous_robot_description) by extensions ['ignore', 'ignore_ament_install']
[0.125s] Level 1:colcon.colcon_core.package_identification:_identify(src/autonomous_robot/autonomous_robot_description) by extension 'ignore'
[0.125s] Level 1:colcon.colcon_core.package_identification:_identify(src/autonomous_robot/autonomous_robot_description) by extension 'ignore_ament_install'
[0.125s] Level 1:colcon.colcon_core.package_identification:_identify(src/autonomous_robot/autonomous_robot_description) by extensions ['colcon_pkg']
[0.125s] Level 1:colcon.colcon_core.package_identification:_identify(src/autonomous_robot/autonomous_robot_description) by extension 'colcon_pkg'
[0.125s] Level 1:colcon.colcon_core.package_identification:_identify(src/autonomous_robot/autonomous_robot_description) by extensions ['colcon_meta']
[0.125s] Level 1:colcon.colcon_core.package_identification:_identify(src/autonomous_robot/autonomous_robot_description) by extension 'colcon_meta'
[0.125s] Level 1:colcon.colcon_core.package_identification:_identify(src/autonomous_robot/autonomous_robot_description) by extensions ['ros']
[0.125s] Level 1:colcon.colcon_core.package_identification:_identify(src/autonomous_robot/autonomous_robot_description) by extension 'ros'
[0.126s] DEBUG:colcon.colcon_core.package_identification:Package 'src/autonomous_robot/autonomous_robot_description' with type 'ros.ament_cmake' and name 'autonomous_robot_description'
[0.126s] Level 1:colcon.colcon_core.package_identification:_identify(src/autonomous_robot/autonomous_robot_gazebo) by extensions ['ignore', 'ignore_ament_install']
[0.126s] Level 1:colcon.colcon_core.package_identification:_identify(src/autonomous_robot/autonomous_robot_gazebo) by extension 'ignore'
[0.126s] Level 1:colcon.colcon_core.package_identification:_identify(src/autonomous_robot/autonomous_robot_gazebo) by extension 'ignore_ament_install'
[0.126s] Level 1:colcon.colcon_core.package_identification:_identify(src/autonomous_robot/autonomous_robot_gazebo) by extensions ['colcon_pkg']
[0.126s] Level 1:colcon.colcon_core.package_identification:_identify(src/autonomous_robot/autonomous_robot_gazebo) by extension 'colcon_pkg'
[0.126s] Level 1:colcon.colcon_core.package_identification:_identify(src/autonomous_robot/autonomous_robot_gazebo) by extensions ['colcon_meta']
[0.126s] Level 1:colcon.colcon_core.package_identification:_identify(src/autonomous_robot/autonomous_robot_gazebo) by extension 'colcon_meta'
[0.126s] Level 1:colcon.colcon_core.package_identification:_identify(src/autonomous_robot/autonomous_robot_gazebo) by extensions ['ros']
[0.126s] Level 1:colcon.colcon_core.package_identification:_identify(src/autonomous_robot/autonomous_robot_gazebo) by extension 'ros'
[0.126s] DEBUG:colcon.colcon_core.package_identification:Package 'src/autonomous_robot/autonomous_robot_gazebo' with type 'ros.ament_python' and name 'autonomous_robot_gazebo'
[0.126s] Level 1:colcon.colcon_core.package_identification:_identify(src/autonomous_robot/autonomous_robot_system_tests) by extensions ['ignore', 'ignore_ament_install']
[0.126s] Level 1:colcon.colcon_core.package_identification:_identify(src/autonomous_robot/autonomous_robot_system_tests) by extension 'ignore'
[0.126s] Level 1:colcon.colcon_core.package_identification:_identify(src/autonomous_robot/autonomous_robot_system_tests) by extension 'ignore_ament_install'
[0.127s] Level 1:colcon.colcon_core.package_identification:_identify(src/autonomous_robot/autonomous_robot_system_tests) by extensions ['colcon_pkg']
[0.127s] Level 1:colcon.colcon_core.package_identification:_identify(src/autonomous_robot/autonomous_robot_system_tests) by extension 'colcon_pkg'
[0.127s] Level 1:colcon.colcon_core.package_identification:_identify(src/autonomous_robot/autonomous_robot_system_tests) by extensions ['colcon_meta']
[0.127s] Level 1:colcon.colcon_core.package_identification:_identify(src/autonomous_robot/autonomous_robot_system_tests) by extension 'colcon_meta'
[0.127s] Level 1:colcon.colcon_core.package_identification:_identify(src/autonomous_robot/autonomous_robot_system_tests) by extensions ['ros']
[0.127s] Level 1:colcon.colcon_core.package_identification:_identify(src/autonomous_robot/autonomous_robot_system_tests) by extension 'ros'
[0.127s] DEBUG:colcon.colcon_core.package_identification:Package 'src/autonomous_robot/autonomous_robot_system_tests' with type 'ros.ament_python' and name 'autonomous_robot_system_tests'
[0.127s] Level 1:colcon.colcon_core.package_identification:_identify(src/minibot) by extensions ['ignore', 'ignore_ament_install']
[0.127s] Level 1:colcon.colcon_core.package_identification:_identify(src/minibot) by extension 'ignore'
[0.127s] Level 1:colcon.colcon_core.package_identification:_identify(src/minibot) by extension 'ignore_ament_install'
[0.127s] Level 1:colcon.colcon_core.package_identification:_identify(src/minibot) by extensions ['colcon_pkg']
[0.127s] Level 1:colcon.colcon_core.package_identification:_identify(src/minibot) by extension 'colcon_pkg'
[0.127s] Level 1:colcon.colcon_core.package_identification:_identify(src/minibot) by extensions ['colcon_meta']
[0.127s] Level 1:colcon.colcon_core.package_identification:_identify(src/minibot) by extension 'colcon_meta'
[0.127s] Level 1:colcon.colcon_core.package_identification:_identify(src/minibot) by extensions ['ros']
[0.127s] Level 1:colcon.colcon_core.package_identification:_identify(src/minibot) by extension 'ros'
[0.127s] DEBUG:colcon.colcon_core.package_identification:Package 'src/minibot' with type 'ros.ament_python' and name 'minibot'
[0.128s] Level 1:colcon.colcon_core.package_identification:_identify(src/ros2_fundamentals_examples) by extensions ['ignore', 'ignore_ament_install']
[0.128s] Level 1:colcon.colcon_core.package_identification:_identify(src/ros2_fundamentals_examples) by extension 'ignore'
[0.128s] Level 1:colcon.colcon_core.package_identification:_identify(src/ros2_fundamentals_examples) by extension 'ignore_ament_install'
[0.128s] Level 1:colcon.colcon_core.package_identification:_identify(src/ros2_fundamentals_examples) by extensions ['colcon_pkg']
[0.128s] Level 1:colcon.colcon_core.package_identification:_identify(src/ros2_fundamentals_examples) by extension 'colcon_pkg'
[0.128s] Level 1:colcon.colcon_core.package_identification:_identify(src/ros2_fundamentals_examples) by extensions ['colcon_meta']
[0.128s] Level 1:colcon.colcon_core.package_identification:_identify(src/ros2_fundamentals_examples) by extension 'colcon_meta'
[0.128s] Level 1:colcon.colcon_core.package_identification:_identify(src/ros2_fundamentals_examples) by extensions ['ros']
[0.128s] Level 1:colcon.colcon_core.package_identification:_identify(src/ros2_fundamentals_examples) by extension 'ros'
[0.128s] DEBUG:colcon.colcon_core.package_identification:Package 'src/ros2_fundamentals_examples' with type 'ros.ament_cmake' and name 'ros2_fundamentals_examples'
[0.128s] Level 1:colcon.colcon_core.package_discovery:discover_packages(recursive) using defaults
[0.128s] Level 1:colcon.colcon_core.package_discovery:discover_packages(ignore) discover
[0.128s] Level 1:colcon.colcon_core.package_discovery:discover_packages(ignore) using defaults
[0.128s] Level 1:colcon.colcon_core.package_discovery:discover_packages(path) discover
[0.128s] Level 1:colcon.colcon_core.package_discovery:discover_packages(path) using defaults
[0.140s] Level 5:colcon.colcon_core.verb:set package 'autonomous_robot_bringup' build argument 'cmake_args' from command line to 'None'
[0.140s] Level 5:colcon.colcon_core.verb:set package 'autonomous_robot_bringup' build argument 'cmake_target' from command line to 'None'
[0.140s] Level 5:colcon.colcon_core.verb:set package 'autonomous_robot_bringup' build argument 'cmake_target_skip_unavailable' from command line to 'False'
[0.140s] Level 5:colcon.colcon_core.verb:set package 'autonomous_robot_bringup' build argument 'cmake_clean_cache' from command line to 'False'
[0.140s] Level 5:colcon.colcon_core.verb:set package 'autonomous_robot_bringup' build argument 'cmake_clean_first' from command line to 'False'
[0.140s] Level 5:colcon.colcon_core.verb:set package 'autonomous_robot_bringup' build argument 'cmake_force_configure' from command line to 'False'
[0.140s] Level 5:colcon.colcon_core.verb:set package 'autonomous_robot_bringup' build argument 'ament_cmake_args' from command line to 'None'
[0.140s] Level 5:colcon.colcon_core.verb:set package 'autonomous_robot_bringup' build argument 'catkin_cmake_args' from command line to 'None'
[0.140s] Level 5:colcon.colcon_core.verb:set package 'autonomous_robot_bringup' build argument 'catkin_skip_building_tests' from command line to 'False'
[0.140s] DEBUG:colcon.colcon_core.verb:Building package 'autonomous_robot_bringup' with the following arguments: {'ament_cmake_args': None, 'build_base': '/home/alonso/Development/School/ros_dev/build/autonomous_robot_bringup', 'catkin_cmake_args': None, 'catkin_skip_building_tests': False, 'cmake_args': None, 'cmake_clean_cache': False, 'cmake_clean_first': False, 'cmake_force_configure': False, 'cmake_target': None, 'cmake_target_skip_unavailable': False, 'install_base': '/home/alonso/Development/School/ros_dev/install/autonomous_robot_bringup', 'merge_install': False, 'path': '/home/alonso/Development/School/ros_dev/src/autonomous_robot/autonomous_robot_bringup', 'symlink_install': False, 'test_result_base': None}
[0.140s] Level 5:colcon.colcon_core.verb:set package 'autonomous_robot_description' build argument 'cmake_args' from command line to 'None'
[0.140s] Level 5:colcon.colcon_core.verb:set package 'autonomous_robot_description' build argument 'cmake_target' from command line to 'None'
[0.140s] Level 5:colcon.colcon_core.verb:set package 'autonomous_robot_description' build argument 'cmake_target_skip_unavailable' from command line to 'False'
[0.140s] Level 5:colcon.colcon_core.verb:set package 'autonomous_robot_description' build argument 'cmake_clean_cache' from command line to 'False'
[0.141s] Level 5:colcon.colcon_core.verb:set package 'autonomous_robot_description' build argument 'cmake_clean_first' from command line to 'False'
[0.141s] Level 5:colcon.colcon_core.verb:set package 'autonomous_robot_description' build argument 'cmake_force_configure' from command line to 'False'
[0.141s] Level 5:colcon.colcon_core.verb:set package 'autonomous_robot_description' build argument 'ament_cmake_args' from command line to 'None'
[0.141s] Level 5:colcon.colcon_core.verb:set package 'autonomous_robot_description' build argument 'catkin_cmake_args' from command line to 'None'
[0.141s] Level 5:colcon.colcon_core.verb:set package 'autonomous_robot_description' build argument 'catkin_skip_building_tests' from command line to 'False'
[0.141s] DEBUG:colcon.colcon_core.verb:Building package 'autonomous_robot_description' with the following arguments: {'ament_cmake_args': None, 'build_base': '/home/alonso/Development/School/ros_dev/build/autonomous_robot_description', 'catkin_cmake_args': None, 'catkin_skip_building_tests': False, 'cmake_args': None, 'cmake_clean_cache': False, 'cmake_clean_first': False, 'cmake_force_configure': False, 'cmake_target': None, 'cmake_target_skip_unavailable': False, 'install_base': '/home/alonso/Development/School/ros_dev/install/autonomous_robot_description', 'merge_install': False, 'path': '/home/alonso/Development/School/ros_dev/src/autonomous_robot/autonomous_robot_description', 'symlink_install': False, 'test_result_base': None}
[0.141s] Level 5:colcon.colcon_core.verb:set package 'autonomous_robot_system_tests' build argument 'cmake_args' from command line to 'None'
[0.141s] Level 5:colcon.colcon_core.verb:set package 'autonomous_robot_system_tests' build argument 'cmake_target' from command line to 'None'
[0.141s] Level 5:colcon.colcon_core.verb:set package 'autonomous_robot_system_tests' build argument 'cmake_target_skip_unavailable' from command line to 'False'
[0.141s] Level 5:colcon.colcon_core.verb:set package 'autonomous_robot_system_tests' build argument 'cmake_clean_cache' from command line to 'False'
[0.141s] Level 5:colcon.colcon_core.verb:set package 'autonomous_robot_system_tests' build argument 'cmake_clean_first' from command line to 'False'
[0.141s] Level 5:colcon.colcon_core.verb:set package 'autonomous_robot_system_tests' build argument 'cmake_force_configure' from command line to 'False'
[0.141s] Level 5:colcon.colcon_core.verb:set package 'autonomous_robot_system_tests' build argument 'ament_cmake_args' from command line to 'None'
[0.141s] Level 5:colcon.colcon_core.verb:set package 'autonomous_robot_system_tests' build argument 'catkin_cmake_args' from command line to 'None'
[0.141s] Level 5:colcon.colcon_core.verb:set package 'autonomous_robot_system_tests' build argument 'catkin_skip_building_tests' from command line to 'False'
[0.141s] DEBUG:colcon.colcon_core.verb:Building package 'autonomous_robot_system_tests' with the following arguments: {'ament_cmake_args': None, 'build_base': '/home/alonso/Development/School/ros_dev/build/autonomous_robot_system_tests', 'catkin_cmake_args': None, 'catkin_skip_building_tests': False, 'cmake_args': None, 'cmake_clean_cache': False, 'cmake_clean_first': False, 'cmake_force_configure': False, 'cmake_target': None, 'cmake_target_skip_unavailable': False, 'install_base': '/home/alonso/Development/School/ros_dev/install/autonomous_robot_system_tests', 'merge_install': False, 'path': '/home/alonso/Development/School/ros_dev/src/autonomous_robot/autonomous_robot_system_tests', 'symlink_install': False, 'test_result_base': None}
[0.141s] Level 5:colcon.colcon_core.verb:set package 'minibot' build argument 'cmake_args' from command line to 'None'
[0.141s] Level 5:colcon.colcon_core.verb:set package 'minibot' build argument 'cmake_target' from command line to 'None'
[0.141s] Level 5:colcon.colcon_core.verb:set package 'minibot' build argument 'cmake_target_skip_unavailable' from command line to 'False'
[0.141s] Level 5:colcon.colcon_core.verb:set package 'minibot' build argument 'cmake_clean_cache' from command line to 'False'
[0.141s] Level 5:colcon.colcon_core.verb:set package 'minibot' build argument 'cmake_clean_first' from command line to 'False'
[0.141s] Level 5:colcon.colcon_core.verb:set package 'minibot' build argument 'cmake_force_configure' from command line to 'False'
[0.141s] Level 5:colcon.colcon_core.verb:set package 'minibot' build argument 'ament_cmake_args' from command line to 'None'
[0.141s] Level 5:colcon.colcon_core.verb:set package 'minibot' build argument 'catkin_cmake_args' from command line to 'None'
[0.141s] Level 5:colcon.colcon_core.verb:set package 'minibot' build argument 'catkin_skip_building_tests' from command line to 'False'
[0.141s] DEBUG:colcon.colcon_core.verb:Building package 'minibot' with the following arguments: {'ament_cmake_args': None, 'build_base': '/home/alonso/Development/School/ros_dev/build/minibot', 'catkin_cmake_args': None, 'catkin_skip_building_tests': False, 'cmake_args': None, 'cmake_clean_cache': False, 'cmake_clean_first': False, 'cmake_force_configure': False, 'cmake_target': None, 'cmake_target_skip_unavailable': False, 'install_base': '/home/alonso/Development/School/ros_dev/install/minibot', 'merge_install': False, 'path': '/home/alonso/Development/School/ros_dev/src/minibot', 'symlink_install': False, 'test_result_base': None}
[0.141s] Level 5:colcon.colcon_core.verb:set package 'ros2_fundamentals_examples' build argument 'cmake_args' from command line to 'None'
[0.141s] Level 5:colcon.colcon_core.verb:set package 'ros2_fundamentals_examples' build argument 'cmake_target' from command line to 'None'
[0.141s] Level 5:colcon.colcon_core.verb:set package 'ros2_fundamentals_examples' build argument 'cmake_target_skip_unavailable' from command line to 'False'
[0.141s] Level 5:colcon.colcon_core.verb:set package 'ros2_fundamentals_examples' build argument 'cmake_clean_cache' from command line to 'False'
[0.141s] Level 5:colcon.colcon_core.verb:set package 'ros2_fundamentals_examples' build argument 'cmake_clean_first' from command line to 'False'
[0.141s] Level 5:colcon.colcon_core.verb:set package 'ros2_fundamentals_examples' build argument 'cmake_force_configure' from command line to 'False'
[0.141s] Level 5:colcon.colcon_core.verb:set package 'ros2_fundamentals_examples' build argument 'ament_cmake_args' from command line to 'None'
[0.141s] Level 5:colcon.colcon_core.verb:set package 'ros2_fundamentals_examples' build argument 'catkin_cmake_args' from command line to 'None'
[0.141s] Level 5:colcon.colcon_core.verb:set package 'ros2_fundamentals_examples' build argument 'catkin_skip_building_tests' from command line to 'False'
[0.141s] DEBUG:colcon.colcon_core.verb:Building package 'ros2_fundamentals_examples' with the following arguments: {'ament_cmake_args': None, 'build_base': '/home/alonso/Development/School/ros_dev/build/ros2_fundamentals_examples', 'catkin_cmake_args': None, 'catkin_skip_building_tests': False, 'cmake_args': None, 'cmake_clean_cache': False, 'cmake_clean_first': False, 'cmake_force_configure': False, 'cmake_target': None, 'cmake_target_skip_unavailable': False, 'install_base': '/home/alonso/Development/School/ros_dev/install/ros2_fundamentals_examples', 'merge_install': False, 'path': '/home/alonso/Development/School/ros_dev/src/ros2_fundamentals_examples', 'symlink_install': False, 'test_result_base': None}
[0.141s] Level 5:colcon.colcon_core.verb:set package 'autonomous_robot_gazebo' build argument 'cmake_args' from command line to 'None'
[0.141s] Level 5:colcon.colcon_core.verb:set package 'autonomous_robot_gazebo' build argument 'cmake_target' from command line to 'None'
[0.141s] Level 5:colcon.colcon_core.verb:set package 'autonomous_robot_gazebo' build argument 'cmake_target_skip_unavailable' from command line to 'False'
[0.141s] Level 5:colcon.colcon_core.verb:set package 'autonomous_robot_gazebo' build argument 'cmake_clean_cache' from command line to 'False'
[0.141s] Level 5:colcon.colcon_core.verb:set package 'autonomous_robot_gazebo' build argument 'cmake_clean_first' from command line to 'False'
[0.141s] Level 5:colcon.colcon_core.verb:set package 'autonomous_robot_gazebo' build argument 'cmake_force_configure' from command line to 'False'
[0.141s] Level 5:colcon.colcon_core.verb:set package 'autonomous_robot_gazebo' build argument 'ament_cmake_args' from command line to 'None'
[0.141s] Level 5:colcon.colcon_core.verb:set package 'autonomous_robot_gazebo' build argument 'catkin_cmake_args' from command line to 'None'
[0.141s] Level 5:colcon.colcon_core.verb:set package 'autonomous_robot_gazebo' build argument 'catkin_skip_building_tests' from command line to 'False'
[0.141s] DEBUG:colcon.colcon_core.verb:Building package 'autonomous_robot_gazebo' with the following arguments: {'ament_cmake_args': None, 'build_base': '/home/alonso/Development/School/ros_dev/build/autonomous_robot_gazebo', 'catkin_cmake_args': None, 'catkin_skip_building_tests': False, 'cmake_args': None, 'cmake_clean_cache': False, 'cmake_clean_first': False, 'cmake_force_configure': False, 'cmake_target': None, 'cmake_target_skip_unavailable': False, 'install_base': '/home/alonso/Development/School/ros_dev/install/autonomous_robot_gazebo', 'merge_install': False, 'path': '/home/alonso/Development/School/ros_dev/src/autonomous_robot/autonomous_robot_gazebo', 'symlink_install': False, 'test_result_base': None}
[0.141s] Level 5:colcon.colcon_core.verb:set package 'autonomous_robot' build argument 'cmake_args' from command line to 'None'
[0.141s] Level 5:colcon.colcon_core.verb:set package 'autonomous_robot' build argument 'cmake_target' from command line to 'None'
[0.141s] Level 5:colcon.colcon_core.verb:set package 'autonomous_robot' build argument 'cmake_target_skip_unavailable' from command line to 'False'
[0.141s] Level 5:colcon.colcon_core.verb:set package 'autonomous_robot' build argument 'cmake_clean_cache' from command line to 'False'
[0.141s] Level 5:colcon.colcon_core.verb:set package 'autonomous_robot' build argument 'cmake_clean_first' from command line to 'False'
[0.141s] Level 5:colcon.colcon_core.verb:set package 'autonomous_robot' build argument 'cmake_force_configure' from command line to 'False'
[0.141s] Level 5:colcon.colcon_core.verb:set package 'autonomous_robot' build argument 'ament_cmake_args' from command line to 'None'
[0.141s] Level 5:colcon.colcon_core.verb:set package 'autonomous_robot' build argument 'catkin_cmake_args' from command line to 'None'
[0.141s] Level 5:colcon.colcon_core.verb:set package 'autonomous_robot' build argument 'catkin_skip_building_tests' from command line to 'False'
[0.141s] DEBUG:colcon.colcon_core.verb:Building package 'autonomous_robot' with the following arguments: {'ament_cmake_args': None, 'build_base': '/home/alonso/Development/School/ros_dev/build/autonomous_robot', 'catkin_cmake_args': None, 'catkin_skip_building_tests': False, 'cmake_args': None, 'cmake_clean_cache': False, 'cmake_clean_first': False, 'cmake_force_configure': False, 'cmake_target': None, 'cmake_target_skip_unavailable': False, 'install_base': '/home/alonso/Development/School/ros_dev/install/autonomous_robot', 'merge_install': False, 'path': '/home/alonso/Development/School/ros_dev/src/autonomous_robot/autonomous_robot', 'symlink_install': False, 'test_result_base': None}
[0.141s] INFO:colcon.colcon_core.executor:Executing jobs using 'parallel' executor
[0.142s] DEBUG:colcon.colcon_parallel_executor.executor.parallel:run_until_complete
[0.142s] INFO:colcon.colcon_ros.task.ament_python.build:Building ROS package in '/home/alonso/Development/School/ros_dev/src/autonomous_robot/autonomous_robot_bringup' with build type 'ament_python'
[0.142s] Level 1:colcon.colcon_core.shell:create_environment_hook('autonomous_robot_bringup', 'ament_prefix_path')
[0.144s] INFO:colcon.colcon_core.plugin_system:Skipping extension 'colcon_core.shell.bat': Not used on non-Windows systems
[0.144s] INFO:colcon.colcon_core.shell:Creating environment hook '/home/alonso/Development/School/ros_dev/install/autonomous_robot_bringup/share/autonomous_robot_bringup/hook/ament_prefix_path.ps1'
[0.145s] INFO:colcon.colcon_core.shell:Creating environment descriptor '/home/alonso/Development/School/ros_dev/install/autonomous_robot_bringup/share/autonomous_robot_bringup/hook/ament_prefix_path.dsv'
[0.145s] INFO:colcon.colcon_core.shell:Creating environment hook '/home/alonso/Development/School/ros_dev/install/autonomous_robot_bringup/share/autonomous_robot_bringup/hook/ament_prefix_path.sh'
[0.145s] INFO:colcon.colcon_core.shell:Skip shell extension 'powershell' for command environment: Not usable outside of PowerShell
[0.145s] DEBUG:colcon.colcon_core.shell:Skip shell extension 'dsv' for command environment
[0.147s] WARNING:colcon.colcon_ros.prefix_path.ament:The path '/home/alonso/Development/School/ros_dev/install/mecanum_drive_controller' in the environment variable AMENT_PREFIX_PATH doesn't exist
[0.147s] WARNING:colcon.colcon_ros.prefix_path.catkin:The path '/home/alonso/Development/School/ros_dev/install/mecanum_drive_controller' in the environment variable CMAKE_PREFIX_PATH doesn't exist
[0.149s] INFO:colcon.colcon_ros.task.ament_cmake.build:Building ROS package in '/home/alonso/Development/School/ros_dev/src/autonomous_robot/autonomous_robot_description' with build type 'ament_cmake'
[0.149s] INFO:colcon.colcon_cmake.task.cmake.build:Building CMake package in '/home/alonso/Development/School/ros_dev/src/autonomous_robot/autonomous_robot_description'
[0.149s] INFO:colcon.colcon_core.shell:Skip shell extension 'powershell' for command environment: Not usable outside of PowerShell
[0.149s] DEBUG:colcon.colcon_core.shell:Skip shell extension 'dsv' for command environment
[0.151s] INFO:colcon.colcon_ros.task.ament_python.build:Building ROS package in '/home/alonso/Development/School/ros_dev/src/autonomous_robot/autonomous_robot_system_tests' with build type 'ament_python'
[0.151s] Level 1:colcon.colcon_core.shell:create_environment_hook('autonomous_robot_system_tests', 'ament_prefix_path')
[0.151s] INFO:colcon.colcon_core.shell:Creating environment hook '/home/alonso/Development/School/ros_dev/install/autonomous_robot_system_tests/share/autonomous_robot_system_tests/hook/ament_prefix_path.ps1'
[0.152s] INFO:colcon.colcon_core.shell:Creating environment descriptor '/home/alonso/Development/School/ros_dev/install/autonomous_robot_system_tests/share/autonomous_robot_system_tests/hook/ament_prefix_path.dsv'
[0.152s] INFO:colcon.colcon_core.shell:Creating environment hook '/home/alonso/Development/School/ros_dev/install/autonomous_robot_system_tests/share/autonomous_robot_system_tests/hook/ament_prefix_path.sh'
[0.152s] INFO:colcon.colcon_core.shell:Skip shell extension 'powershell' for command environment: Not usable outside of PowerShell
[0.152s] DEBUG:colcon.colcon_core.shell:Skip shell extension 'dsv' for command environment
[0.154s] INFO:colcon.colcon_ros.task.ament_python.build:Building ROS package in '/home/alonso/Development/School/ros_dev/src/minibot' with build type 'ament_python'
[0.154s] Level 1:colcon.colcon_core.shell:create_environment_hook('minibot', 'ament_prefix_path')
[0.154s] INFO:colcon.colcon_core.shell:Creating environment hook '/home/alonso/Development/School/ros_dev/install/minibot/share/minibot/hook/ament_prefix_path.ps1'
[0.154s] INFO:colcon.colcon_core.shell:Creating environment descriptor '/home/alonso/Development/School/ros_dev/install/minibot/share/minibot/hook/ament_prefix_path.dsv'
[0.154s] INFO:colcon.colcon_core.shell:Creating environment hook '/home/alonso/Development/School/ros_dev/install/minibot/share/minibot/hook/ament_prefix_path.sh'
[0.155s] INFO:colcon.colcon_core.shell:Skip shell extension 'powershell' for command environment: Not usable outside of PowerShell
[0.155s] DEBUG:colcon.colcon_core.shell:Skip shell extension 'dsv' for command environment
[0.156s] INFO:colcon.colcon_ros.task.ament_cmake.build:Building ROS package in '/home/alonso/Development/School/ros_dev/src/ros2_fundamentals_examples' with build type 'ament_cmake'
[0.157s] INFO:colcon.colcon_cmake.task.cmake.build:Building CMake package in '/home/alonso/Development/School/ros_dev/src/ros2_fundamentals_examples'
[0.157s] INFO:colcon.colcon_core.shell:Skip shell extension 'powershell' for command environment: Not usable outside of PowerShell
[0.157s] DEBUG:colcon.colcon_core.shell:Skip shell extension 'dsv' for command environment
[0.252s] INFO:colcon.colcon_core.task.python.build:Building Python package in '/home/alonso/Development/School/ros_dev/src/autonomous_robot/autonomous_robot_bringup'
[0.253s] INFO:colcon.colcon_core.shell:Skip shell extension 'powershell' for command environment: Not usable outside of PowerShell
[0.253s] DEBUG:colcon.colcon_core.shell:Skip shell extension 'dsv' for command environment
[0.256s] DEBUG:colcon.colcon_core.event_handler.log_command:Invoking command in '/home/alonso/Development/School/ros_dev/build/autonomous_robot_description': CMAKE_PREFIX_PATH=${CMAKE_PREFIX_PATH}:/home/alonso/Development/School/ros_dev/install/autonomous_robot_system_tests:/home/alonso/Development/School/ros_dev/install/autonomous_robot_gazebo:/home/alonso/Development/School/ros_dev/install/autonomous_robot_bringup:/opt/ros/jazzy CONDA_PROMPT_MODIFIER=(base) DEBUGINFOD_URLS=https://debuginfod.ubuntu.com /usr/bin/cmake --build /home/alonso/Development/School/ros_dev/build/autonomous_robot_description -- -j16 -l16
[0.354s] INFO:colcon.colcon_core.task.python.build:Building Python package in '/home/alonso/Development/School/ros_dev/src/autonomous_robot/autonomous_robot_system_tests'
[0.354s] INFO:colcon.colcon_core.shell:Skip shell extension 'powershell' for command environment: Not usable outside of PowerShell
[0.354s] DEBUG:colcon.colcon_core.shell:Skip shell extension 'dsv' for command environment
[0.451s] INFO:colcon.colcon_core.task.python.build:Building Python package in '/home/alonso/Development/School/ros_dev/src/minibot'
[0.451s] INFO:colcon.colcon_core.shell:Skip shell extension 'powershell' for command environment: Not usable outside of PowerShell
[0.451s] DEBUG:colcon.colcon_core.shell:Skip shell extension 'dsv' for command environment
[0.456s] DEBUG:colcon.colcon_core.event_handler.log_command:Invoking command in '/home/alonso/Development/School/ros_dev/build/ros2_fundamentals_examples': CMAKE_PREFIX_PATH=${CMAKE_PREFIX_PATH}:/home/alonso/Development/School/ros_dev/install/autonomous_robot_system_tests:/home/alonso/Development/School/ros_dev/install/autonomous_robot_gazebo:/home/alonso/Development/School/ros_dev/install/autonomous_robot_bringup:/opt/ros/jazzy CONDA_PROMPT_MODIFIER=(base) DEBUGINFOD_URLS=https://debuginfod.ubuntu.com /usr/bin/cmake --build /home/alonso/Development/School/ros_dev/build/ros2_fundamentals_examples -- -j16 -l16
[0.457s] DEBUG:colcon.colcon_core.event_handler.log_command:Invoked command in '/home/alonso/Development/School/ros_dev/build/autonomous_robot_description' returned '0': CMAKE_PREFIX_PATH=${CMAKE_PREFIX_PATH}:/home/alonso/Development/School/ros_dev/install/autonomous_robot_system_tests:/home/alonso/Development/School/ros_dev/install/autonomous_robot_gazebo:/home/alonso/Development/School/ros_dev/install/autonomous_robot_bringup:/opt/ros/jazzy CONDA_PROMPT_MODIFIER=(base) DEBUGINFOD_URLS=https://debuginfod.ubuntu.com /usr/bin/cmake --build /home/alonso/Development/School/ros_dev/build/autonomous_robot_description -- -j16 -l16
[0.464s] DEBUG:colcon.colcon_core.event_handler.log_command:Invoking command in '/home/alonso/Development/School/ros_dev/build/autonomous_robot_description': CMAKE_PREFIX_PATH=${CMAKE_PREFIX_PATH}:/home/alonso/Development/School/ros_dev/install/autonomous_robot_system_tests:/home/alonso/Development/School/ros_dev/install/autonomous_robot_gazebo:/home/alonso/Development/School/ros_dev/install/autonomous_robot_bringup:/opt/ros/jazzy CONDA_PROMPT_MODIFIER=(base) DEBUGINFOD_URLS=https://debuginfod.ubuntu.com /usr/bin/cmake --install /home/alonso/Development/School/ros_dev/build/autonomous_robot_description
[0.475s] Level 1:colcon.colcon_core.environment:create_environment_scripts_only(autonomous_robot_description)
[0.480s] DEBUG:colcon.colcon_core.event_handler.log_command:Invoked command in '/home/alonso/Development/School/ros_dev/build/autonomous_robot_description' returned '0': CMAKE_PREFIX_PATH=${CMAKE_PREFIX_PATH}:/home/alonso/Development/School/ros_dev/install/autonomous_robot_system_tests:/home/alonso/Development/School/ros_dev/install/autonomous_robot_gazebo:/home/alonso/Development/School/ros_dev/install/autonomous_robot_bringup:/opt/ros/jazzy CONDA_PROMPT_MODIFIER=(base) DEBUGINFOD_URLS=https://debuginfod.ubuntu.com /usr/bin/cmake --install /home/alonso/Development/School/ros_dev/build/autonomous_robot_description
[0.481s] Level 1:colcon.colcon_core.environment:checking '/home/alonso/Development/School/ros_dev/install/autonomous_robot_description' for CMake module files
[0.482s] Level 1:colcon.colcon_core.environment:checking '/home/alonso/Development/School/ros_dev/install/autonomous_robot_description' for CMake config files
[0.482s] Level 1:colcon.colcon_core.shell:create_environment_hook('autonomous_robot_description', 'cmake_prefix_path')
[0.482s] INFO:colcon.colcon_core.shell:Creating environment hook '/home/alonso/Development/School/ros_dev/install/autonomous_robot_description/share/autonomous_robot_description/hook/cmake_prefix_path.ps1'
[0.483s] INFO:colcon.colcon_core.shell:Creating environment descriptor '/home/alonso/Development/School/ros_dev/install/autonomous_robot_description/share/autonomous_robot_description/hook/cmake_prefix_path.dsv'
[0.484s] INFO:colcon.colcon_core.shell:Creating environment hook '/home/alonso/Development/School/ros_dev/install/autonomous_robot_description/share/autonomous_robot_description/hook/cmake_prefix_path.sh'
[0.484s] Level 1:colcon.colcon_core.environment:checking '/home/alonso/Development/School/ros_dev/install/autonomous_robot_description/bin'
[0.484s] Level 1:colcon.colcon_core.environment:checking '/home/alonso/Development/School/ros_dev/install/autonomous_robot_description/lib/pkgconfig/autonomous_robot_description.pc'
[0.485s] Level 1:colcon.colcon_core.environment:checking '/home/alonso/Development/School/ros_dev/install/autonomous_robot_description/lib/python3.12/site-packages'
[0.485s] Level 1:colcon.colcon_core.environment:checking '/home/alonso/Development/School/ros_dev/install/autonomous_robot_description/bin'
[0.485s] INFO:colcon.colcon_core.shell:Creating package script '/home/alonso/Development/School/ros_dev/install/autonomous_robot_description/share/autonomous_robot_description/package.ps1'
[0.486s] INFO:colcon.colcon_core.shell:Creating package descriptor '/home/alonso/Development/School/ros_dev/install/autonomous_robot_description/share/autonomous_robot_description/package.dsv'
[0.487s] INFO:colcon.colcon_core.shell:Creating package script '/home/alonso/Development/School/ros_dev/install/autonomous_robot_description/share/autonomous_robot_description/package.sh'
[0.488s] INFO:colcon.colcon_core.shell:Creating package script '/home/alonso/Development/School/ros_dev/install/autonomous_robot_description/share/autonomous_robot_description/package.bash'
[0.488s] INFO:colcon.colcon_core.shell:Creating package script '/home/alonso/Development/School/ros_dev/install/autonomous_robot_description/share/autonomous_robot_description/package.zsh'
[0.489s] Level 1:colcon.colcon_core.environment:create_file_with_runtime_dependencies(/home/alonso/Development/School/ros_dev/install/autonomous_robot_description/share/colcon-core/packages/autonomous_robot_description)
[0.490s] Level 1:colcon.colcon_core.environment:create_environment_scripts_only(autonomous_robot_description)
[0.490s] Level 1:colcon.colcon_core.environment:checking '/home/alonso/Development/School/ros_dev/install/autonomous_robot_description' for CMake module files
[0.490s] Level 1:colcon.colcon_core.environment:checking '/home/alonso/Development/School/ros_dev/install/autonomous_robot_description' for CMake config files
[0.491s] Level 1:colcon.colcon_core.shell:create_environment_hook('autonomous_robot_description', 'cmake_prefix_path')
[0.491s] INFO:colcon.colcon_core.shell:Creating environment hook '/home/alonso/Development/School/ros_dev/install/autonomous_robot_description/share/autonomous_robot_description/hook/cmake_prefix_path.ps1'
[0.492s] INFO:colcon.colcon_core.shell:Creating environment descriptor '/home/alonso/Development/School/ros_dev/install/autonomous_robot_description/share/autonomous_robot_description/hook/cmake_prefix_path.dsv'
[0.492s] INFO:colcon.colcon_core.shell:Creating environment hook '/home/alonso/Development/School/ros_dev/install/autonomous_robot_description/share/autonomous_robot_description/hook/cmake_prefix_path.sh'
[0.493s] Level 1:colcon.colcon_core.environment:checking '/home/alonso/Development/School/ros_dev/install/autonomous_robot_description/bin'
[0.493s] Level 1:colcon.colcon_core.environment:checking '/home/alonso/Development/School/ros_dev/install/autonomous_robot_description/lib/pkgconfig/autonomous_robot_description.pc'
[0.493s] Level 1:colcon.colcon_core.environment:checking '/home/alonso/Development/School/ros_dev/install/autonomous_robot_description/lib/python3.12/site-packages'
[0.493s] Level 1:colcon.colcon_core.environment:checking '/home/alonso/Development/School/ros_dev/install/autonomous_robot_description/bin'
[0.493s] INFO:colcon.colcon_core.shell:Creating package script '/home/alonso/Development/School/ros_dev/install/autonomous_robot_description/share/autonomous_robot_description/package.ps1'
[0.494s] INFO:colcon.colcon_core.shell:Creating package descriptor '/home/alonso/Development/School/ros_dev/install/autonomous_robot_description/share/autonomous_robot_description/package.dsv'
[0.494s] INFO:colcon.colcon_core.shell:Creating package script '/home/alonso/Development/School/ros_dev/install/autonomous_robot_description/share/autonomous_robot_description/package.sh'
[0.495s] INFO:colcon.colcon_core.shell:Creating package script '/home/alonso/Development/School/ros_dev/install/autonomous_robot_description/share/autonomous_robot_description/package.bash'
[0.495s] INFO:colcon.colcon_core.shell:Creating package script '/home/alonso/Development/School/ros_dev/install/autonomous_robot_description/share/autonomous_robot_description/package.zsh'
[0.496s] Level 1:colcon.colcon_core.environment:create_file_with_runtime_dependencies(/home/alonso/Development/School/ros_dev/install/autonomous_robot_description/share/colcon-core/packages/autonomous_robot_description)
[0.687s] DEBUG:colcon.colcon_core.event_handler.log_command:Invoking command in '/home/alonso/Development/School/ros_dev/src/minibot': CONDA_PROMPT_MODIFIER=(base) DEBUGINFOD_URLS=https://debuginfod.ubuntu.com PYTHONPATH=/home/alonso/Development/School/ros_dev/build/minibot/prefix_override:/home/alonso/.local/share/mise/installs/python/3.12.11/lib/python3.12/site-packages/colcon_core/task/python/colcon_distutils_commands:/home/alonso/Development/School/ros_dev/install/minibot/lib/python3.12/site-packages:${PYTHONPATH} /home/alonso/.local/share/mise/installs/python/3.12.11/bin/python3.12 -W ignore:setup.py install is deprecated -W ignore:easy_install command is deprecated setup.py egg_info --egg-base ../../build/minibot build --build-base /home/alonso/Development/School/ros_dev/build/minibot/build install --record /home/alonso/Development/School/ros_dev/build/minibot/install.log --single-version-externally-managed install_data
[0.688s] DEBUG:colcon.colcon_core.event_handler.log_command:Invoking command in '/home/alonso/Development/School/ros_dev/src/autonomous_robot/autonomous_robot_system_tests': CONDA_PROMPT_MODIFIER=(base) DEBUGINFOD_URLS=https://debuginfod.ubuntu.com PYTHONPATH=/home/alonso/Development/School/ros_dev/build/autonomous_robot_system_tests/prefix_override:/home/alonso/.local/share/mise/installs/python/3.12.11/lib/python3.12/site-packages/colcon_core/task/python/colcon_distutils_commands:/home/alonso/Development/School/ros_dev/install/autonomous_robot_system_tests/lib/python3.12/site-packages:${PYTHONPATH} /home/alonso/.local/share/mise/installs/python/3.12.11/bin/python3.12 -W ignore:setup.py install is deprecated -W ignore:easy_install command is deprecated setup.py egg_info --egg-base ../../../build/autonomous_robot_system_tests build --build-base /home/alonso/Development/School/ros_dev/build/autonomous_robot_system_tests/build install --record /home/alonso/Development/School/ros_dev/build/autonomous_robot_system_tests/install.log --single-version-externally-managed install_data
[0.691s] DEBUG:colcon.colcon_core.event_handler.log_command:Invoking command in '/home/alonso/Development/School/ros_dev/src/autonomous_robot/autonomous_robot_bringup': CONDA_PROMPT_MODIFIER=(base) DEBUGINFOD_URLS=https://debuginfod.ubuntu.com PYTHONPATH=/home/alonso/Development/School/ros_dev/build/autonomous_robot_bringup/prefix_override:/home/alonso/.local/share/mise/installs/python/3.12.11/lib/python3.12/site-packages/colcon_core/task/python/colcon_distutils_commands:/home/alonso/Development/School/ros_dev/install/autonomous_robot_bringup/lib/python3.12/site-packages:${PYTHONPATH} /home/alonso/.local/share/mise/installs/python/3.12.11/bin/python3.12 -W ignore:setup.py install is deprecated -W ignore:easy_install command is deprecated setup.py egg_info --egg-base ../../../build/autonomous_robot_bringup build --build-base /home/alonso/Development/School/ros_dev/build/autonomous_robot_bringup/build install --record /home/alonso/Development/School/ros_dev/build/autonomous_robot_bringup/install.log --single-version-externally-managed install_data
[0.828s] DEBUG:colcon.colcon_core.event_handler.log_command:Invoked command in '/home/alonso/Development/School/ros_dev/build/ros2_fundamentals_examples' returned '0': CMAKE_PREFIX_PATH=${CMAKE_PREFIX_PATH}:/home/alonso/Development/School/ros_dev/install/autonomous_robot_system_tests:/home/alonso/Development/School/ros_dev/install/autonomous_robot_gazebo:/home/alonso/Development/School/ros_dev/install/autonomous_robot_bringup:/opt/ros/jazzy CONDA_PROMPT_MODIFIER=(base) DEBUGINFOD_URLS=https://debuginfod.ubuntu.com /usr/bin/cmake --build /home/alonso/Development/School/ros_dev/build/ros2_fundamentals_examples -- -j16 -l16
[0.829s] DEBUG:colcon.colcon_core.event_handler.log_command:Invoking command in '/home/alonso/Development/School/ros_dev/build/ros2_fundamentals_examples': CMAKE_PREFIX_PATH=${CMAKE_PREFIX_PATH}:/home/alonso/Development/School/ros_dev/install/autonomous_robot_system_tests:/home/alonso/Development/School/ros_dev/install/autonomous_robot_gazebo:/home/alonso/Development/School/ros_dev/install/autonomous_robot_bringup:/opt/ros/jazzy CONDA_PROMPT_MODIFIER=(base) DEBUGINFOD_URLS=https://debuginfod.ubuntu.com /usr/bin/cmake --install /home/alonso/Development/School/ros_dev/build/ros2_fundamentals_examples
[0.870s] Level 1:colcon.colcon_core.environment:create_environment_scripts_only(ros2_fundamentals_examples)
[0.871s] Level 1:colcon.colcon_core.environment:checking '/home/alonso/Development/School/ros_dev/install/ros2_fundamentals_examples' for CMake module files
[0.871s] DEBUG:colcon.colcon_core.event_handler.log_command:Invoked command in '/home/alonso/Development/School/ros_dev/build/ros2_fundamentals_examples' returned '0': CMAKE_PREFIX_PATH=${CMAKE_PREFIX_PATH}:/home/alonso/Development/School/ros_dev/install/autonomous_robot_system_tests:/home/alonso/Development/School/ros_dev/install/autonomous_robot_gazebo:/home/alonso/Development/School/ros_dev/install/autonomous_robot_bringup:/opt/ros/jazzy CONDA_PROMPT_MODIFIER=(base) DEBUGINFOD_URLS=https://debuginfod.ubuntu.com /usr/bin/cmake --install /home/alonso/Development/School/ros_dev/build/ros2_fundamentals_examples
[0.871s] Level 1:colcon.colcon_core.environment:checking '/home/alonso/Development/School/ros_dev/install/ros2_fundamentals_examples' for CMake config files
[0.872s] Level 1:colcon.colcon_core.shell:create_environment_hook('ros2_fundamentals_examples', 'cmake_prefix_path')
[0.872s] INFO:colcon.colcon_core.shell:Creating environment hook '/home/alonso/Development/School/ros_dev/install/ros2_fundamentals_examples/share/ros2_fundamentals_examples/hook/cmake_prefix_path.ps1'
[0.872s] INFO:colcon.colcon_core.shell:Creating environment descriptor '/home/alonso/Development/School/ros_dev/install/ros2_fundamentals_examples/share/ros2_fundamentals_examples/hook/cmake_prefix_path.dsv'
[0.873s] INFO:colcon.colcon_core.shell:Creating environment hook '/home/alonso/Development/School/ros_dev/install/ros2_fundamentals_examples/share/ros2_fundamentals_examples/hook/cmake_prefix_path.sh'
[0.873s] Level 1:colcon.colcon_core.environment:checking '/home/alonso/Development/School/ros_dev/install/ros2_fundamentals_examples/lib'
[0.874s] Level 1:colcon.colcon_core.environment:checking '/home/alonso/Development/School/ros_dev/install/ros2_fundamentals_examples/bin'
[0.874s] Level 1:colcon.colcon_core.environment:checking '/home/alonso/Development/School/ros_dev/install/ros2_fundamentals_examples/lib/pkgconfig/ros2_fundamentals_examples.pc'
[0.874s] Level 1:colcon.colcon_core.environment:checking '/home/alonso/Development/School/ros_dev/install/ros2_fundamentals_examples/lib/python3.12/site-packages'
[0.874s] Level 1:colcon.colcon_core.environment:checking '/home/alonso/Development/School/ros_dev/install/ros2_fundamentals_examples/bin'
[0.874s] INFO:colcon.colcon_core.shell:Creating package script '/home/alonso/Development/School/ros_dev/install/ros2_fundamentals_examples/share/ros2_fundamentals_examples/package.ps1'
[0.875s] INFO:colcon.colcon_core.shell:Creating package descriptor '/home/alonso/Development/School/ros_dev/install/ros2_fundamentals_examples/share/ros2_fundamentals_examples/package.dsv'
[0.875s] INFO:colcon.colcon_core.shell:Creating package script '/home/alonso/Development/School/ros_dev/install/ros2_fundamentals_examples/share/ros2_fundamentals_examples/package.sh'
[0.876s] INFO:colcon.colcon_core.shell:Creating package script '/home/alonso/Development/School/ros_dev/install/ros2_fundamentals_examples/share/ros2_fundamentals_examples/package.bash'
[0.876s] INFO:colcon.colcon_core.shell:Creating package script '/home/alonso/Development/School/ros_dev/install/ros2_fundamentals_examples/share/ros2_fundamentals_examples/package.zsh'
[0.877s] Level 1:colcon.colcon_core.environment:create_file_with_runtime_dependencies(/home/alonso/Development/School/ros_dev/install/ros2_fundamentals_examples/share/colcon-core/packages/ros2_fundamentals_examples)
[0.877s] Level 1:colcon.colcon_core.environment:create_environment_scripts_only(ros2_fundamentals_examples)
[0.877s] Level 1:colcon.colcon_core.environment:checking '/home/alonso/Development/School/ros_dev/install/ros2_fundamentals_examples' for CMake module files
[0.878s] Level 1:colcon.colcon_core.environment:checking '/home/alonso/Development/School/ros_dev/install/ros2_fundamentals_examples' for CMake config files
[0.878s] Level 1:colcon.colcon_core.shell:create_environment_hook('ros2_fundamentals_examples', 'cmake_prefix_path')
[0.878s] INFO:colcon.colcon_core.shell:Creating environment hook '/home/alonso/Development/School/ros_dev/install/ros2_fundamentals_examples/share/ros2_fundamentals_examples/hook/cmake_prefix_path.ps1'
[0.878s] INFO:colcon.colcon_core.shell:Creating environment descriptor '/home/alonso/Development/School/ros_dev/install/ros2_fundamentals_examples/share/ros2_fundamentals_examples/hook/cmake_prefix_path.dsv'
[0.879s] INFO:colcon.colcon_core.shell:Creating environment hook '/home/alonso/Development/School/ros_dev/install/ros2_fundamentals_examples/share/ros2_fundamentals_examples/hook/cmake_prefix_path.sh'
[0.879s] Level 1:colcon.colcon_core.environment:checking '/home/alonso/Development/School/ros_dev/install/ros2_fundamentals_examples/lib'
[0.880s] Level 1:colcon.colcon_core.environment:checking '/home/alonso/Development/School/ros_dev/install/ros2_fundamentals_examples/bin'
[0.880s] Level 1:colcon.colcon_core.environment:checking '/home/alonso/Development/School/ros_dev/install/ros2_fundamentals_examples/lib/pkgconfig/ros2_fundamentals_examples.pc'
[0.880s] Level 1:colcon.colcon_core.environment:checking '/home/alonso/Development/School/ros_dev/install/ros2_fundamentals_examples/lib/python3.12/site-packages'
[0.880s] Level 1:colcon.colcon_core.environment:checking '/home/alonso/Development/School/ros_dev/install/ros2_fundamentals_examples/bin'
[0.880s] INFO:colcon.colcon_core.shell:Creating package script '/home/alonso/Development/School/ros_dev/install/ros2_fundamentals_examples/share/ros2_fundamentals_examples/package.ps1'
[0.881s] INFO:colcon.colcon_core.shell:Creating package descriptor '/home/alonso/Development/School/ros_dev/install/ros2_fundamentals_examples/share/ros2_fundamentals_examples/package.dsv'
[0.881s] INFO:colcon.colcon_core.shell:Creating package script '/home/alonso/Development/School/ros_dev/install/ros2_fundamentals_examples/share/ros2_fundamentals_examples/package.sh'
[0.882s] INFO:colcon.colcon_core.shell:Creating package script '/home/alonso/Development/School/ros_dev/install/ros2_fundamentals_examples/share/ros2_fundamentals_examples/package.bash'
[0.884s] INFO:colcon.colcon_core.shell:Creating package script '/home/alonso/Development/School/ros_dev/install/ros2_fundamentals_examples/share/ros2_fundamentals_examples/package.zsh'
[0.884s] Level 1:colcon.colcon_core.environment:create_file_with_runtime_dependencies(/home/alonso/Development/School/ros_dev/install/ros2_fundamentals_examples/share/colcon-core/packages/ros2_fundamentals_examples)
[0.898s] Level 1:colcon.colcon_core.environment:checking '/home/alonso/Development/School/ros_dev/install/autonomous_robot_system_tests' for CMake module files
[0.898s] DEBUG:colcon.colcon_core.event_handler.log_command:Invoked command in '/home/alonso/Development/School/ros_dev/src/autonomous_robot/autonomous_robot_system_tests' returned '0': CONDA_PROMPT_MODIFIER=(base) DEBUGINFOD_URLS=https://debuginfod.ubuntu.com PYTHONPATH=/home/alonso/Development/School/ros_dev/build/autonomous_robot_system_tests/prefix_override:/home/alonso/.local/share/mise/installs/python/3.12.11/lib/python3.12/site-packages/colcon_core/task/python/colcon_distutils_commands:/home/alonso/Development/School/ros_dev/install/autonomous_robot_system_tests/lib/python3.12/site-packages:${PYTHONPATH} /home/alonso/.local/share/mise/installs/python/3.12.11/bin/python3.12 -W ignore:setup.py install is deprecated -W ignore:easy_install command is deprecated setup.py egg_info --egg-base ../../../build/autonomous_robot_system_tests build --build-base /home/alonso/Development/School/ros_dev/build/autonomous_robot_system_tests/build install --record /home/alonso/Development/School/ros_dev/build/autonomous_robot_system_tests/install.log --single-version-externally-managed install_data
[0.899s] Level 1:colcon.colcon_core.environment:checking '/home/alonso/Development/School/ros_dev/install/autonomous_robot_system_tests' for CMake config files
[0.899s] Level 1:colcon.colcon_core.environment:checking '/home/alonso/Development/School/ros_dev/install/autonomous_robot_system_tests/lib'
[0.899s] Level 1:colcon.colcon_core.environment:checking '/home/alonso/Development/School/ros_dev/install/autonomous_robot_system_tests/bin'
[0.899s] Level 1:colcon.colcon_core.environment:checking '/home/alonso/Development/School/ros_dev/install/autonomous_robot_system_tests/lib/pkgconfig/autonomous_robot_system_tests.pc'
[0.899s] Level 1:colcon.colcon_core.environment:checking '/home/alonso/Development/School/ros_dev/install/autonomous_robot_system_tests/lib/python3.12/site-packages'
[0.899s] Level 1:colcon.colcon_core.shell:create_environment_hook('autonomous_robot_system_tests', 'pythonpath')
[0.899s] INFO:colcon.colcon_core.shell:Creating environment hook '/home/alonso/Development/School/ros_dev/install/autonomous_robot_system_tests/share/autonomous_robot_system_tests/hook/pythonpath.ps1'
[0.900s] INFO:colcon.colcon_core.shell:Creating environment descriptor '/home/alonso/Development/School/ros_dev/install/autonomous_robot_system_tests/share/autonomous_robot_system_tests/hook/pythonpath.dsv'
[0.900s] INFO:colcon.colcon_core.shell:Creating environment hook '/home/alonso/Development/School/ros_dev/install/autonomous_robot_system_tests/share/autonomous_robot_system_tests/hook/pythonpath.sh'
[0.900s] Level 1:colcon.colcon_core.environment:checking '/home/alonso/Development/School/ros_dev/install/autonomous_robot_system_tests/bin'
[0.901s] Level 1:colcon.colcon_core.environment:create_environment_scripts_only(autonomous_robot_system_tests)
[0.901s] INFO:colcon.colcon_core.shell:Creating package script '/home/alonso/Development/School/ros_dev/install/autonomous_robot_system_tests/share/autonomous_robot_system_tests/package.ps1'
[0.901s] INFO:colcon.colcon_core.shell:Creating package descriptor '/home/alonso/Development/School/ros_dev/install/autonomous_robot_system_tests/share/autonomous_robot_system_tests/package.dsv'
[0.901s] INFO:colcon.colcon_core.shell:Creating package script '/home/alonso/Development/School/ros_dev/install/autonomous_robot_system_tests/share/autonomous_robot_system_tests/package.sh'
[0.902s] INFO:colcon.colcon_core.shell:Creating package script '/home/alonso/Development/School/ros_dev/install/autonomous_robot_system_tests/share/autonomous_robot_system_tests/package.bash'
[0.902s] INFO:colcon.colcon_core.shell:Creating package script '/home/alonso/Development/School/ros_dev/install/autonomous_robot_system_tests/share/autonomous_robot_system_tests/package.zsh'
[0.902s] Level 1:colcon.colcon_core.environment:create_file_with_runtime_dependencies(/home/alonso/Development/School/ros_dev/install/autonomous_robot_system_tests/share/colcon-core/packages/autonomous_robot_system_tests)
[0.914s] Level 1:colcon.colcon_core.environment:checking '/home/alonso/Development/School/ros_dev/install/autonomous_robot_bringup' for CMake module files
[0.915s] DEBUG:colcon.colcon_core.event_handler.log_command:Invoked command in '/home/alonso/Development/School/ros_dev/src/autonomous_robot/autonomous_robot_bringup' returned '0': CONDA_PROMPT_MODIFIER=(base) DEBUGINFOD_URLS=https://debuginfod.ubuntu.com PYTHONPATH=/home/alonso/Development/School/ros_dev/build/autonomous_robot_bringup/prefix_override:/home/alonso/.local/share/mise/installs/python/3.12.11/lib/python3.12/site-packages/colcon_core/task/python/colcon_distutils_commands:/home/alonso/Development/School/ros_dev/install/autonomous_robot_bringup/lib/python3.12/site-packages:${PYTHONPATH} /home/alonso/.local/share/mise/installs/python/3.12.11/bin/python3.12 -W ignore:setup.py install is deprecated -W ignore:easy_install command is deprecated setup.py egg_info --egg-base ../../../build/autonomous_robot_bringup build --build-base /home/alonso/Development/School/ros_dev/build/autonomous_robot_bringup/build install --record /home/alonso/Development/School/ros_dev/build/autonomous_robot_bringup/install.log --single-version-externally-managed install_data
[0.915s] Level 1:colcon.colcon_core.environment:checking '/home/alonso/Development/School/ros_dev/install/autonomous_robot_bringup' for CMake config files
[0.915s] Level 1:colcon.colcon_core.environment:checking '/home/alonso/Development/School/ros_dev/install/autonomous_robot_bringup/lib'
[0.915s] Level 1:colcon.colcon_core.environment:checking '/home/alonso/Development/School/ros_dev/install/autonomous_robot_bringup/bin'
[0.915s] Level 1:colcon.colcon_core.environment:checking '/home/alonso/Development/School/ros_dev/install/autonomous_robot_bringup/lib/pkgconfig/autonomous_robot_bringup.pc'
[0.915s] Level 1:colcon.colcon_core.environment:checking '/home/alonso/Development/School/ros_dev/install/autonomous_robot_bringup/lib/python3.12/site-packages'
[0.915s] Level 1:colcon.colcon_core.shell:create_environment_hook('autonomous_robot_bringup', 'pythonpath')
[0.915s] INFO:colcon.colcon_core.shell:Creating environment hook '/home/alonso/Development/School/ros_dev/install/autonomous_robot_bringup/share/autonomous_robot_bringup/hook/pythonpath.ps1'
[0.916s] INFO:colcon.colcon_core.shell:Creating environment descriptor '/home/alonso/Development/School/ros_dev/install/autonomous_robot_bringup/share/autonomous_robot_bringup/hook/pythonpath.dsv'
[0.916s] INFO:colcon.colcon_core.shell:Creating environment hook '/home/alonso/Development/School/ros_dev/install/autonomous_robot_bringup/share/autonomous_robot_bringup/hook/pythonpath.sh'
[0.917s] Level 1:colcon.colcon_core.environment:checking '/home/alonso/Development/School/ros_dev/install/autonomous_robot_bringup/bin'
[0.917s] Level 1:colcon.colcon_core.environment:create_environment_scripts_only(autonomous_robot_bringup)
[0.917s] INFO:colcon.colcon_core.shell:Creating package script '/home/alonso/Development/School/ros_dev/install/autonomous_robot_bringup/share/autonomous_robot_bringup/package.ps1'
[0.917s] INFO:colcon.colcon_core.shell:Creating package descriptor '/home/alonso/Development/School/ros_dev/install/autonomous_robot_bringup/share/autonomous_robot_bringup/package.dsv'
[0.918s] INFO:colcon.colcon_core.shell:Creating package script '/home/alonso/Development/School/ros_dev/install/autonomous_robot_bringup/share/autonomous_robot_bringup/package.sh'
[0.918s] INFO:colcon.colcon_core.shell:Creating package script '/home/alonso/Development/School/ros_dev/install/autonomous_robot_bringup/share/autonomous_robot_bringup/package.bash'
[0.918s] INFO:colcon.colcon_core.shell:Creating package script '/home/alonso/Development/School/ros_dev/install/autonomous_robot_bringup/share/autonomous_robot_bringup/package.zsh'
[0.918s] Level 1:colcon.colcon_core.environment:create_file_with_runtime_dependencies(/home/alonso/Development/School/ros_dev/install/autonomous_robot_bringup/share/colcon-core/packages/autonomous_robot_bringup)
[0.919s] INFO:colcon.colcon_ros.task.ament_python.build:Building ROS package in '/home/alonso/Development/School/ros_dev/src/autonomous_robot/autonomous_robot_gazebo' with build type 'ament_python'
[0.919s] Level 1:colcon.colcon_core.shell:create_environment_hook('autonomous_robot_gazebo', 'ament_prefix_path')
[0.919s] INFO:colcon.colcon_core.shell:Creating environment hook '/home/alonso/Development/School/ros_dev/install/autonomous_robot_gazebo/share/autonomous_robot_gazebo/hook/ament_prefix_path.ps1'
[0.919s] INFO:colcon.colcon_core.shell:Creating environment descriptor '/home/alonso/Development/School/ros_dev/install/autonomous_robot_gazebo/share/autonomous_robot_gazebo/hook/ament_prefix_path.dsv'
[0.920s] INFO:colcon.colcon_core.shell:Creating environment hook '/home/alonso/Development/School/ros_dev/install/autonomous_robot_gazebo/share/autonomous_robot_gazebo/hook/ament_prefix_path.sh'
[0.920s] INFO:colcon.colcon_core.shell:Skip shell extension 'powershell' for command environment: Not usable outside of PowerShell
[0.920s] DEBUG:colcon.colcon_core.shell:Skip shell extension 'dsv' for command environment
[0.925s] Level 1:colcon.colcon_core.environment:checking '/home/alonso/Development/School/ros_dev/install/minibot' for CMake module files
[0.925s] DEBUG:colcon.colcon_core.event_handler.log_command:Invoked command in '/home/alonso/Development/School/ros_dev/src/minibot' returned '0': CONDA_PROMPT_MODIFIER=(base) DEBUGINFOD_URLS=https://debuginfod.ubuntu.com PYTHONPATH=/home/alonso/Development/School/ros_dev/build/minibot/prefix_override:/home/alonso/.local/share/mise/installs/python/3.12.11/lib/python3.12/site-packages/colcon_core/task/python/colcon_distutils_commands:/home/alonso/Development/School/ros_dev/install/minibot/lib/python3.12/site-packages:${PYTHONPATH} /home/alonso/.local/share/mise/installs/python/3.12.11/bin/python3.12 -W ignore:setup.py install is deprecated -W ignore:easy_install command is deprecated setup.py egg_info --egg-base ../../build/minibot build --build-base /home/alonso/Development/School/ros_dev/build/minibot/build install --record /home/alonso/Development/School/ros_dev/build/minibot/install.log --single-version-externally-managed install_data
[0.926s] Level 1:colcon.colcon_core.environment:checking '/home/alonso/Development/School/ros_dev/install/minibot' for CMake config files
[0.926s] Level 1:colcon.colcon_core.environment:checking '/home/alonso/Development/School/ros_dev/install/minibot/lib'
[0.926s] Level 1:colcon.colcon_core.environment:checking '/home/alonso/Development/School/ros_dev/install/minibot/bin'
[0.927s] Level 1:colcon.colcon_core.environment:checking '/home/alonso/Development/School/ros_dev/install/minibot/lib/pkgconfig/minibot.pc'
[0.927s] Level 1:colcon.colcon_core.environment:checking '/home/alonso/Development/School/ros_dev/install/minibot/lib/python3.12/site-packages'
[0.927s] Level 1:colcon.colcon_core.shell:create_environment_hook('minibot', 'pythonpath')
[0.927s] INFO:colcon.colcon_core.shell:Creating environment hook '/home/alonso/Development/School/ros_dev/install/minibot/share/minibot/hook/pythonpath.ps1'
[0.928s] INFO:colcon.colcon_core.shell:Creating environment descriptor '/home/alonso/Development/School/ros_dev/install/minibot/share/minibot/hook/pythonpath.dsv'
[0.928s] INFO:colcon.colcon_core.shell:Creating environment hook '/home/alonso/Development/School/ros_dev/install/minibot/share/minibot/hook/pythonpath.sh'
[0.928s] Level 1:colcon.colcon_core.environment:checking '/home/alonso/Development/School/ros_dev/install/minibot/bin'
[0.928s] Level 1:colcon.colcon_core.environment:create_environment_scripts_only(minibot)
[0.928s] INFO:colcon.colcon_core.shell:Creating package script '/home/alonso/Development/School/ros_dev/install/minibot/share/minibot/package.ps1'
[0.929s] INFO:colcon.colcon_core.shell:Creating package descriptor '/home/alonso/Development/School/ros_dev/install/minibot/share/minibot/package.dsv'
[0.929s] INFO:colcon.colcon_core.shell:Creating package script '/home/alonso/Development/School/ros_dev/install/minibot/share/minibot/package.sh'
[0.929s] INFO:colcon.colcon_core.shell:Creating package script '/home/alonso/Development/School/ros_dev/install/minibot/share/minibot/package.bash'
[0.930s] INFO:colcon.colcon_core.shell:Creating package script '/home/alonso/Development/School/ros_dev/install/minibot/share/minibot/package.zsh'
[0.930s] Level 1:colcon.colcon_core.environment:create_file_with_runtime_dependencies(/home/alonso/Development/School/ros_dev/install/minibot/share/colcon-core/packages/minibot)
[1.032s] INFO:colcon.colcon_core.task.python.build:Building Python package in '/home/alonso/Development/School/ros_dev/src/autonomous_robot/autonomous_robot_gazebo'
[1.032s] INFO:colcon.colcon_core.shell:Skip shell extension 'powershell' for command environment: Not usable outside of PowerShell
[1.032s] DEBUG:colcon.colcon_core.shell:Skip shell extension 'dsv' for command environment
[1.221s] DEBUG:colcon.colcon_core.event_handler.log_command:Invoking command in '/home/alonso/Development/School/ros_dev/src/autonomous_robot/autonomous_robot_gazebo': AMENT_PREFIX_PATH=/home/alonso/Development/School/ros_dev/install/autonomous_robot_bringup:/home/alonso/Development/School/ros_dev/install/ros2_fundamentals_examples:/home/alonso/Development/School/ros_dev/install/mecanum_drive_controller:/home/alonso/Development/School/ros_dev/install/autonomous_robot:/home/alonso/Development/School/ros_dev/install/autonomous_robot_system_tests:/home/alonso/Development/School/ros_dev/install/autonomous_robot_gazebo:/home/alonso/Development/School/ros_dev/install/autonomous_robot_description:/opt/ros/jazzy CONDA_PROMPT_MODIFIER=(base) DEBUGINFOD_URLS=https://debuginfod.ubuntu.com PYTHONPATH=/home/alonso/Development/School/ros_dev/build/autonomous_robot_gazebo/prefix_override:/home/alonso/.local/share/mise/installs/python/3.12.11/lib/python3.12/site-packages/colcon_core/task/python/colcon_distutils_commands:/home/alonso/Development/School/ros_dev/install/autonomous_robot_gazebo/lib/python3.12/site-packages:/home/alonso/Development/School/ros_dev/install/autonomous_robot_bringup/lib/python3.12/site-packages:/home/alonso/Development/School/ros_dev/install/ros2_fundamentals_examples/lib/python3.12/site-packages:/home/alonso/Development/School/ros_dev/install/autonomous_robot_system_tests/lib/python3.12/site-packages:/home/alonso/Development/School/ros_dev/install/autonomous_robot_gazebo/lib/python3.12/site-packages:/opt/ros/jazzy/lib/python3.12/site-packages /home/alonso/.local/share/mise/installs/python/3.12.11/bin/python3.12 -W ignore:setup.py install is deprecated -W ignore:easy_install command is deprecated setup.py egg_info --egg-base ../../../build/autonomous_robot_gazebo build --build-base /home/alonso/Development/School/ros_dev/build/autonomous_robot_gazebo/build install --record /home/alonso/Development/School/ros_dev/build/autonomous_robot_gazebo/install.log --single-version-externally-managed install_data
[1.703s] Level 1:colcon.colcon_core.environment:checking '/home/alonso/Development/School/ros_dev/install/autonomous_robot_gazebo' for CMake module files
[1.703s] DEBUG:colcon.colcon_core.event_handler.log_command:Invoked command in '/home/alonso/Development/School/ros_dev/src/autonomous_robot/autonomous_robot_gazebo' returned '0': AMENT_PREFIX_PATH=/home/alonso/Development/School/ros_dev/install/autonomous_robot_bringup:/home/alonso/Development/School/ros_dev/install/ros2_fundamentals_examples:/home/alonso/Development/School/ros_dev/install/mecanum_drive_controller:/home/alonso/Development/School/ros_dev/install/autonomous_robot:/home/alonso/Development/School/ros_dev/install/autonomous_robot_system_tests:/home/alonso/Development/School/ros_dev/install/autonomous_robot_gazebo:/home/alonso/Development/School/ros_dev/install/autonomous_robot_description:/opt/ros/jazzy CONDA_PROMPT_MODIFIER=(base) DEBUGINFOD_URLS=https://debuginfod.ubuntu.com PYTHONPATH=/home/alonso/Development/School/ros_dev/build/autonomous_robot_gazebo/prefix_override:/home/alonso/.local/share/mise/installs/python/3.12.11/lib/python3.12/site-packages/colcon_core/task/python/colcon_distutils_commands:/home/alonso/Development/School/ros_dev/install/autonomous_robot_gazebo/lib/python3.12/site-packages:/home/alonso/Development/School/ros_dev/install/autonomous_robot_bringup/lib/python3.12/site-packages:/home/alonso/Development/School/ros_dev/install/ros2_fundamentals_examples/lib/python3.12/site-packages:/home/alonso/Development/School/ros_dev/install/autonomous_robot_system_tests/lib/python3.12/site-packages:/home/alonso/Development/School/ros_dev/install/autonomous_robot_gazebo/lib/python3.12/site-packages:/opt/ros/jazzy/lib/python3.12/site-packages /home/alonso/.local/share/mise/installs/python/3.12.11/bin/python3.12 -W ignore:setup.py install is deprecated -W ignore:easy_install command is deprecated setup.py egg_info --egg-base ../../../build/autonomous_robot_gazebo build --build-base /home/alonso/Development/School/ros_dev/build/autonomous_robot_gazebo/build install --record /home/alonso/Development/School/ros_dev/build/autonomous_robot_gazebo/install.log --single-version-externally-managed install_data
[1.704s] Level 1:colcon.colcon_core.environment:checking '/home/alonso/Development/School/ros_dev/install/autonomous_robot_gazebo' for CMake config files
[1.707s] Level 1:colcon.colcon_core.environment:checking '/home/alonso/Development/School/ros_dev/install/autonomous_robot_gazebo/lib'
[1.707s] Level 1:colcon.colcon_core.environment:checking '/home/alonso/Development/School/ros_dev/install/autonomous_robot_gazebo/bin'
[1.707s] Level 1:colcon.colcon_core.environment:checking '/home/alonso/Development/School/ros_dev/install/autonomous_robot_gazebo/lib/pkgconfig/autonomous_robot_gazebo.pc'
[1.707s] Level 1:colcon.colcon_core.environment:checking '/home/alonso/Development/School/ros_dev/install/autonomous_robot_gazebo/lib/python3.12/site-packages'
[1.707s] Level 1:colcon.colcon_core.shell:create_environment_hook('autonomous_robot_gazebo', 'pythonpath')
[1.707s] INFO:colcon.colcon_core.shell:Creating environment hook '/home/alonso/Development/School/ros_dev/install/autonomous_robot_gazebo/share/autonomous_robot_gazebo/hook/pythonpath.ps1'
[1.708s] INFO:colcon.colcon_core.shell:Creating environment descriptor '/home/alonso/Development/School/ros_dev/install/autonomous_robot_gazebo/share/autonomous_robot_gazebo/hook/pythonpath.dsv'
[1.708s] INFO:colcon.colcon_core.shell:Creating environment hook '/home/alonso/Development/School/ros_dev/install/autonomous_robot_gazebo/share/autonomous_robot_gazebo/hook/pythonpath.sh'
[1.708s] Level 1:colcon.colcon_core.environment:checking '/home/alonso/Development/School/ros_dev/install/autonomous_robot_gazebo/bin'
[1.708s] Level 1:colcon.colcon_core.environment:create_environment_scripts_only(autonomous_robot_gazebo)
[1.708s] INFO:colcon.colcon_core.shell:Creating package script '/home/alonso/Development/School/ros_dev/install/autonomous_robot_gazebo/share/autonomous_robot_gazebo/package.ps1'
[1.709s] INFO:colcon.colcon_core.shell:Creating package descriptor '/home/alonso/Development/School/ros_dev/install/autonomous_robot_gazebo/share/autonomous_robot_gazebo/package.dsv'
[1.709s] INFO:colcon.colcon_core.shell:Creating package script '/home/alonso/Development/School/ros_dev/install/autonomous_robot_gazebo/share/autonomous_robot_gazebo/package.sh'
[1.709s] INFO:colcon.colcon_core.shell:Creating package script '/home/alonso/Development/School/ros_dev/install/autonomous_robot_gazebo/share/autonomous_robot_gazebo/package.bash'
[1.709s] INFO:colcon.colcon_core.shell:Creating package script '/home/alonso/Development/School/ros_dev/install/autonomous_robot_gazebo/share/autonomous_robot_gazebo/package.zsh'
[1.709s] Level 1:colcon.colcon_core.environment:create_file_with_runtime_dependencies(/home/alonso/Development/School/ros_dev/install/autonomous_robot_gazebo/share/colcon-core/packages/autonomous_robot_gazebo)
[1.710s] INFO:colcon.colcon_ros.task.ament_cmake.build:Building ROS package in '/home/alonso/Development/School/ros_dev/src/autonomous_robot/autonomous_robot' with build type 'ament_cmake'
[1.710s] INFO:colcon.colcon_cmake.task.cmake.build:Building CMake package in '/home/alonso/Development/School/ros_dev/src/autonomous_robot/autonomous_robot'
[1.710s] INFO:colcon.colcon_core.shell:Skip shell extension 'powershell' for command environment: Not usable outside of PowerShell
[1.710s] DEBUG:colcon.colcon_core.shell:Skip shell extension 'dsv' for command environment
[1.718s] DEBUG:colcon.colcon_core.event_handler.log_command:Invoking command in '/home/alonso/Development/School/ros_dev/build/autonomous_robot': AMENT_PREFIX_PATH=/home/alonso/Development/School/ros_dev/install/autonomous_robot_gazebo:/home/alonso/Development/School/ros_dev/install/autonomous_robot_system_tests:/home/alonso/Development/School/ros_dev/install/autonomous_robot_bringup:/home/alonso/Development/School/ros_dev/install/ros2_fundamentals_examples:/home/alonso/Development/School/ros_dev/install/mecanum_drive_controller:/home/alonso/Development/School/ros_dev/install/autonomous_robot:/home/alonso/Development/School/ros_dev/install/autonomous_robot_description:/opt/ros/jazzy CMAKE_PREFIX_PATH=/home/alonso/Development/School/ros_dev/install/autonomous_robot_description:/home/alonso/Development/School/ros_dev/install/ros2_fundamentals_examples:/home/alonso/Development/School/ros_dev/install/mecanum_drive_controller:/home/alonso/Development/School/ros_dev/install/autonomous_robot:/opt/ros/jazzy/opt/gz_sim_vendor:/opt/ros/jazzy/opt/gz_sensors_vendor:/opt/ros/jazzy/opt/gz_physics_vendor:/opt/ros/jazzy/opt/sdformat_vendor:/opt/ros/jazzy/opt/gz_gui_vendor:/opt/ros/jazzy/opt/gz_transport_vendor:/opt/ros/jazzy/opt/gz_rendering_vendor:/opt/ros/jazzy/opt/gz_plugin_vendor:/opt/ros/jazzy/opt/gz_fuel_tools_vendor:/opt/ros/jazzy/opt/gz_msgs_vendor:/opt/ros/jazzy/opt/gz_common_vendor:/opt/ros/jazzy/opt/gz_math_vendor:/opt/ros/jazzy/opt/gz_utils_vendor:/opt/ros/jazzy/opt/gz_tools_vendor:/opt/ros/jazzy/opt/gz_ogre_next_vendor:/opt/ros/jazzy/opt/gz_dartsim_vendor:/opt/ros/jazzy/opt/gz_cmake_vendor:/home/alonso/Development/School/ros_dev/install/autonomous_robot_system_tests:/home/alonso/Development/School/ros_dev/install/autonomous_robot_gazebo:/home/alonso/Development/School/ros_dev/install/autonomous_robot_bringup:/opt/ros/jazzy CONDA_PROMPT_MODIFIER=(base) DEBUGINFOD_URLS=https://debuginfod.ubuntu.com PYTHONPATH=/home/alonso/Development/School/ros_dev/install/autonomous_robot_gazebo/lib/python3.12/site-packages:/home/alonso/Development/School/ros_dev/install/autonomous_robot_system_tests/lib/python3.12/site-packages:/home/alonso/Development/School/ros_dev/install/autonomous_robot_bringup/lib/python3.12/site-packages:/home/alonso/Development/School/ros_dev/install/ros2_fundamentals_examples/lib/python3.12/site-packages:/opt/ros/jazzy/lib/python3.12/site-packages /usr/bin/cmake --build /home/alonso/Development/School/ros_dev/build/autonomous_robot -- -j16 -l16
[1.750s] DEBUG:colcon.colcon_core.event_handler.log_command:Invoked command in '/home/alonso/Development/School/ros_dev/build/autonomous_robot' returned '0': AMENT_PREFIX_PATH=/home/alonso/Development/School/ros_dev/install/autonomous_robot_gazebo:/home/alonso/Development/School/ros_dev/install/autonomous_robot_system_tests:/home/alonso/Development/School/ros_dev/install/autonomous_robot_bringup:/home/alonso/Development/School/ros_dev/install/ros2_fundamentals_examples:/home/alonso/Development/School/ros_dev/install/mecanum_drive_controller:/home/alonso/Development/School/ros_dev/install/autonomous_robot:/home/alonso/Development/School/ros_dev/install/autonomous_robot_description:/opt/ros/jazzy CMAKE_PREFIX_PATH=/home/alonso/Development/School/ros_dev/install/autonomous_robot_description:/home/alonso/Development/School/ros_dev/install/ros2_fundamentals_examples:/home/alonso/Development/School/ros_dev/install/mecanum_drive_controller:/home/alonso/Development/School/ros_dev/install/autonomous_robot:/opt/ros/jazzy/opt/gz_sim_vendor:/opt/ros/jazzy/opt/gz_sensors_vendor:/opt/ros/jazzy/opt/gz_physics_vendor:/opt/ros/jazzy/opt/sdformat_vendor:/opt/ros/jazzy/opt/gz_gui_vendor:/opt/ros/jazzy/opt/gz_transport_vendor:/opt/ros/jazzy/opt/gz_rendering_vendor:/opt/ros/jazzy/opt/gz_plugin_vendor:/opt/ros/jazzy/opt/gz_fuel_tools_vendor:/opt/ros/jazzy/opt/gz_msgs_vendor:/opt/ros/jazzy/opt/gz_common_vendor:/opt/ros/jazzy/opt/gz_math_vendor:/opt/ros/jazzy/opt/gz_utils_vendor:/opt/ros/jazzy/opt/gz_tools_vendor:/opt/ros/jazzy/opt/gz_ogre_next_vendor:/opt/ros/jazzy/opt/gz_dartsim_vendor:/opt/ros/jazzy/opt/gz_cmake_vendor:/home/alonso/Development/School/ros_dev/install/autonomous_robot_system_tests:/home/alonso/Development/School/ros_dev/install/autonomous_robot_gazebo:/home/alonso/Development/School/ros_dev/install/autonomous_robot_bringup:/opt/ros/jazzy CONDA_PROMPT_MODIFIER=(base) DEBUGINFOD_URLS=https://debuginfod.ubuntu.com PYTHONPATH=/home/alonso/Development/School/ros_dev/install/autonomous_robot_gazebo/lib/python3.12/site-packages:/home/alonso/Development/School/ros_dev/install/autonomous_robot_system_tests/lib/python3.12/site-packages:/home/alonso/Development/School/ros_dev/install/autonomous_robot_bringup/lib/python3.12/site-packages:/home/alonso/Development/School/ros_dev/install/ros2_fundamentals_examples/lib/python3.12/site-packages:/opt/ros/jazzy/lib/python3.12/site-packages /usr/bin/cmake --build /home/alonso/Development/School/ros_dev/build/autonomous_robot -- -j16 -l16
[1.751s] DEBUG:colcon.colcon_core.event_handler.log_command:Invoking command in '/home/alonso/Development/School/ros_dev/build/autonomous_robot': AMENT_PREFIX_PATH=/home/alonso/Development/School/ros_dev/install/autonomous_robot_gazebo:/home/alonso/Development/School/ros_dev/install/autonomous_robot_system_tests:/home/alonso/Development/School/ros_dev/install/autonomous_robot_bringup:/home/alonso/Development/School/ros_dev/install/ros2_fundamentals_examples:/home/alonso/Development/School/ros_dev/install/mecanum_drive_controller:/home/alonso/Development/School/ros_dev/install/autonomous_robot:/home/alonso/Development/School/ros_dev/install/autonomous_robot_description:/opt/ros/jazzy CMAKE_PREFIX_PATH=/home/alonso/Development/School/ros_dev/install/autonomous_robot_description:/home/alonso/Development/School/ros_dev/install/ros2_fundamentals_examples:/home/alonso/Development/School/ros_dev/install/mecanum_drive_controller:/home/alonso/Development/School/ros_dev/install/autonomous_robot:/opt/ros/jazzy/opt/gz_sim_vendor:/opt/ros/jazzy/opt/gz_sensors_vendor:/opt/ros/jazzy/opt/gz_physics_vendor:/opt/ros/jazzy/opt/sdformat_vendor:/opt/ros/jazzy/opt/gz_gui_vendor:/opt/ros/jazzy/opt/gz_transport_vendor:/opt/ros/jazzy/opt/gz_rendering_vendor:/opt/ros/jazzy/opt/gz_plugin_vendor:/opt/ros/jazzy/opt/gz_fuel_tools_vendor:/opt/ros/jazzy/opt/gz_msgs_vendor:/opt/ros/jazzy/opt/gz_common_vendor:/opt/ros/jazzy/opt/gz_math_vendor:/opt/ros/jazzy/opt/gz_utils_vendor:/opt/ros/jazzy/opt/gz_tools_vendor:/opt/ros/jazzy/opt/gz_ogre_next_vendor:/opt/ros/jazzy/opt/gz_dartsim_vendor:/opt/ros/jazzy/opt/gz_cmake_vendor:/home/alonso/Development/School/ros_dev/install/autonomous_robot_system_tests:/home/alonso/Development/School/ros_dev/install/autonomous_robot_gazebo:/home/alonso/Development/School/ros_dev/install/autonomous_robot_bringup:/opt/ros/jazzy CONDA_PROMPT_MODIFIER=(base) DEBUGINFOD_URLS=https://debuginfod.ubuntu.com PYTHONPATH=/home/alonso/Development/School/ros_dev/install/autonomous_robot_gazebo/lib/python3.12/site-packages:/home/alonso/Development/School/ros_dev/install/autonomous_robot_system_tests/lib/python3.12/site-packages:/home/alonso/Development/School/ros_dev/install/autonomous_robot_bringup/lib/python3.12/site-packages:/home/alonso/Development/School/ros_dev/install/ros2_fundamentals_examples/lib/python3.12/site-packages:/opt/ros/jazzy/lib/python3.12/site-packages /usr/bin/cmake --install /home/alonso/Development/School/ros_dev/build/autonomous_robot
[1.758s] Level 1:colcon.colcon_core.environment:create_environment_scripts_only(autonomous_robot)
[1.758s] Level 1:colcon.colcon_core.environment:checking '/home/alonso/Development/School/ros_dev/install/autonomous_robot' for CMake module files
[1.759s] DEBUG:colcon.colcon_core.event_handler.log_command:Invoked command in '/home/alonso/Development/School/ros_dev/build/autonomous_robot' returned '0': AMENT_PREFIX_PATH=/home/alonso/Development/School/ros_dev/install/autonomous_robot_gazebo:/home/alonso/Development/School/ros_dev/install/autonomous_robot_system_tests:/home/alonso/Development/School/ros_dev/install/autonomous_robot_bringup:/home/alonso/Development/School/ros_dev/install/ros2_fundamentals_examples:/home/alonso/Development/School/ros_dev/install/mecanum_drive_controller:/home/alonso/Development/School/ros_dev/install/autonomous_robot:/home/alonso/Development/School/ros_dev/install/autonomous_robot_description:/opt/ros/jazzy CMAKE_PREFIX_PATH=/home/alonso/Development/School/ros_dev/install/autonomous_robot_description:/home/alonso/Development/School/ros_dev/install/ros2_fundamentals_examples:/home/alonso/Development/School/ros_dev/install/mecanum_drive_controller:/home/alonso/Development/School/ros_dev/install/autonomous_robot:/opt/ros/jazzy/opt/gz_sim_vendor:/opt/ros/jazzy/opt/gz_sensors_vendor:/opt/ros/jazzy/opt/gz_physics_vendor:/opt/ros/jazzy/opt/sdformat_vendor:/opt/ros/jazzy/opt/gz_gui_vendor:/opt/ros/jazzy/opt/gz_transport_vendor:/opt/ros/jazzy/opt/gz_rendering_vendor:/opt/ros/jazzy/opt/gz_plugin_vendor:/opt/ros/jazzy/opt/gz_fuel_tools_vendor:/opt/ros/jazzy/opt/gz_msgs_vendor:/opt/ros/jazzy/opt/gz_common_vendor:/opt/ros/jazzy/opt/gz_math_vendor:/opt/ros/jazzy/opt/gz_utils_vendor:/opt/ros/jazzy/opt/gz_tools_vendor:/opt/ros/jazzy/opt/gz_ogre_next_vendor:/opt/ros/jazzy/opt/gz_dartsim_vendor:/opt/ros/jazzy/opt/gz_cmake_vendor:/home/alonso/Development/School/ros_dev/install/autonomous_robot_system_tests:/home/alonso/Development/School/ros_dev/install/autonomous_robot_gazebo:/home/alonso/Development/School/ros_dev/install/autonomous_robot_bringup:/opt/ros/jazzy CONDA_PROMPT_MODIFIER=(base) DEBUGINFOD_URLS=https://debuginfod.ubuntu.com PYTHONPATH=/home/alonso/Development/School/ros_dev/install/autonomous_robot_gazebo/lib/python3.12/site-packages:/home/alonso/Development/School/ros_dev/install/autonomous_robot_system_tests/lib/python3.12/site-packages:/home/alonso/Development/School/ros_dev/install/autonomous_robot_bringup/lib/python3.12/site-packages:/home/alonso/Development/School/ros_dev/install/ros2_fundamentals_examples/lib/python3.12/site-packages:/opt/ros/jazzy/lib/python3.12/site-packages /usr/bin/cmake --install /home/alonso/Development/School/ros_dev/build/autonomous_robot
[1.759s] Level 1:colcon.colcon_core.environment:checking '/home/alonso/Development/School/ros_dev/install/autonomous_robot' for CMake config files
[1.759s] Level 1:colcon.colcon_core.shell:create_environment_hook('autonomous_robot', 'cmake_prefix_path')
[1.759s] INFO:colcon.colcon_core.shell:Creating environment hook '/home/alonso/Development/School/ros_dev/install/autonomous_robot/share/autonomous_robot/hook/cmake_prefix_path.ps1'
[1.759s] INFO:colcon.colcon_core.shell:Creating environment descriptor '/home/alonso/Development/School/ros_dev/install/autonomous_robot/share/autonomous_robot/hook/cmake_prefix_path.dsv'
[1.760s] INFO:colcon.colcon_core.shell:Creating environment hook '/home/alonso/Development/School/ros_dev/install/autonomous_robot/share/autonomous_robot/hook/cmake_prefix_path.sh'
[1.760s] Level 1:colcon.colcon_core.environment:checking '/home/alonso/Development/School/ros_dev/install/autonomous_robot/bin'
[1.760s] Level 1:colcon.colcon_core.environment:checking '/home/alonso/Development/School/ros_dev/install/autonomous_robot/lib/pkgconfig/autonomous_robot.pc'
[1.760s] Level 1:colcon.colcon_core.environment:checking '/home/alonso/Development/School/ros_dev/install/autonomous_robot/lib/python3.12/site-packages'
[1.760s] Level 1:colcon.colcon_core.environment:checking '/home/alonso/Development/School/ros_dev/install/autonomous_robot/bin'
[1.760s] INFO:colcon.colcon_core.shell:Creating package script '/home/alonso/Development/School/ros_dev/install/autonomous_robot/share/autonomous_robot/package.ps1'
[1.761s] INFO:colcon.colcon_core.shell:Creating package descriptor '/home/alonso/Development/School/ros_dev/install/autonomous_robot/share/autonomous_robot/package.dsv'
[1.761s] INFO:colcon.colcon_core.shell:Creating package script '/home/alonso/Development/School/ros_dev/install/autonomous_robot/share/autonomous_robot/package.sh'
[1.761s] INFO:colcon.colcon_core.shell:Creating package script '/home/alonso/Development/School/ros_dev/install/autonomous_robot/share/autonomous_robot/package.bash'
[1.762s] INFO:colcon.colcon_core.shell:Creating package script '/home/alonso/Development/School/ros_dev/install/autonomous_robot/share/autonomous_robot/package.zsh'
[1.762s] Level 1:colcon.colcon_core.environment:create_file_with_runtime_dependencies(/home/alonso/Development/School/ros_dev/install/autonomous_robot/share/colcon-core/packages/autonomous_robot)
[1.762s] Level 1:colcon.colcon_core.environment:create_environment_scripts_only(autonomous_robot)
[1.762s] Level 1:colcon.colcon_core.environment:checking '/home/alonso/Development/School/ros_dev/install/autonomous_robot' for CMake module files
[1.762s] Level 1:colcon.colcon_core.environment:checking '/home/alonso/Development/School/ros_dev/install/autonomous_robot' for CMake config files
[1.763s] Level 1:colcon.colcon_core.shell:create_environment_hook('autonomous_robot', 'cmake_prefix_path')
[1.763s] INFO:colcon.colcon_core.shell:Creating environment hook '/home/alonso/Development/School/ros_dev/install/autonomous_robot/share/autonomous_robot/hook/cmake_prefix_path.ps1'
[1.763s] INFO:colcon.colcon_core.shell:Creating environment descriptor '/home/alonso/Development/School/ros_dev/install/autonomous_robot/share/autonomous_robot/hook/cmake_prefix_path.dsv'
[1.763s] INFO:colcon.colcon_core.shell:Creating environment hook '/home/alonso/Development/School/ros_dev/install/autonomous_robot/share/autonomous_robot/hook/cmake_prefix_path.sh'
[1.763s] Level 1:colcon.colcon_core.environment:checking '/home/alonso/Development/School/ros_dev/install/autonomous_robot/bin'
[1.763s] Level 1:colcon.colcon_core.environment:checking '/home/alonso/Development/School/ros_dev/install/autonomous_robot/lib/pkgconfig/autonomous_robot.pc'
[1.764s] Level 1:colcon.colcon_core.environment:checking '/home/alonso/Development/School/ros_dev/install/autonomous_robot/lib/python3.12/site-packages'
[1.764s] Level 1:colcon.colcon_core.environment:checking '/home/alonso/Development/School/ros_dev/install/autonomous_robot/bin'
[1.764s] INFO:colcon.colcon_core.shell:Creating package script '/home/alonso/Development/School/ros_dev/install/autonomous_robot/share/autonomous_robot/package.ps1'
[1.764s] INFO:colcon.colcon_core.shell:Creating package descriptor '/home/alonso/Development/School/ros_dev/install/autonomous_robot/share/autonomous_robot/package.dsv'
[1.764s] INFO:colcon.colcon_core.shell:Creating package script '/home/alonso/Development/School/ros_dev/install/autonomous_robot/share/autonomous_robot/package.sh'
[1.765s] INFO:colcon.colcon_core.shell:Creating package script '/home/alonso/Development/School/ros_dev/install/autonomous_robot/share/autonomous_robot/package.bash'
[1.765s] INFO:colcon.colcon_core.shell:Creating package script '/home/alonso/Development/School/ros_dev/install/autonomous_robot/share/autonomous_robot/package.zsh'
[1.765s] Level 1:colcon.colcon_core.environment:create_file_with_runtime_dependencies(/home/alonso/Development/School/ros_dev/install/autonomous_robot/share/colcon-core/packages/autonomous_robot)
[1.765s] DEBUG:colcon.colcon_parallel_executor.executor.parallel:closing loop
[1.765s] DEBUG:colcon.colcon_parallel_executor.executor.parallel:loop closed
[1.765s] DEBUG:colcon.colcon_parallel_executor.executor.parallel:run_until_complete finished with '0'
[1.765s] DEBUG:colcon.colcon_core.event_reactor:joining thread
[1.767s] INFO:colcon.colcon_core.plugin_system:Skipping extension 'colcon_notification.desktop_notification.notify2': 'notify2' not found
[1.767s] INFO:colcon.colcon_core.plugin_system:Skipping extension 'colcon_notification.desktop_notification.terminal_notifier': Not used on non-Darwin systems
[1.767s] INFO:colcon.colcon_core.plugin_system:Skipping extension 'colcon_notification.desktop_notification.win32': Not used on non-Windows systems
[1.767s] INFO:colcon.colcon_notification.desktop_notification:Sending desktop notification using 'notify_send'
[1.780s] DEBUG:colcon.colcon_core.event_reactor:joined thread
[1.780s] INFO:colcon.colcon_core.shell:Creating prefix script '/home/alonso/Development/School/ros_dev/install/local_setup.ps1'
[1.781s] INFO:colcon.colcon_core.shell:Creating prefix util module '/home/alonso/Development/School/ros_dev/install/_local_setup_util_ps1.py'
[1.782s] INFO:colcon.colcon_core.shell:Creating prefix chain script '/home/alonso/Development/School/ros_dev/install/setup.ps1'
[1.783s] INFO:colcon.colcon_core.shell:Creating prefix script '/home/alonso/Development/School/ros_dev/install/local_setup.sh'
[1.783s] INFO:colcon.colcon_core.shell:Creating prefix util module '/home/alonso/Development/School/ros_dev/install/_local_setup_util_sh.py'
[1.783s] INFO:colcon.colcon_core.shell:Creating prefix chain script '/home/alonso/Development/School/ros_dev/install/setup.sh'
[1.784s] INFO:colcon.colcon_core.shell:Creating prefix script '/home/alonso/Development/School/ros_dev/install/local_setup.bash'
[1.784s] INFO:colcon.colcon_core.shell:Creating prefix chain script '/home/alonso/Development/School/ros_dev/install/setup.bash'
[1.785s] INFO:colcon.colcon_core.shell:Creating prefix script '/home/alonso/Development/School/ros_dev/install/local_setup.zsh'
[1.785s] INFO:colcon.colcon_core.shell:Creating prefix chain script '/home/alonso/Development/School/ros_dev/install/setup.zsh'
