[0.113s] Invoking command in '/home/alonso/Development/School/ros_dev/build/autonomous_robot_description': CMAKE_PREFIX_PATH=${CMAKE_PREFIX_PATH}:/home/alonso/Development/School/ros_dev/install/autonomous_robot_system_tests:/home/alonso/Development/School/ros_dev/install/autonomous_robot_gazebo:/home/alonso/Development/School/ros_dev/install/autonomous_robot_bringup:/opt/ros/jazzy CONDA_PROMPT_MODIFIER=(base) DEBUGINFOD_URLS=https://debuginfod.ubuntu.com /usr/bin/cmake /home/alonso/Development/School/ros_dev/src/autonomous_robot/autonomous_robot_description -DCMAKE_INSTALL_PREFIX=/home/alonso/Development/School/ros_dev/install/autonomous_robot_description
[0.315s] -- The C compiler identification is GNU 13.3.0
[0.315s] -- The CXX compiler identification is GNU 13.3.0
[0.333s] -- Detecting C compiler ABI info
[0.424s] -- Detecting C compiler ABI info - done
[0.435s] -- Check for working C compiler: /usr/bin/cc - skipped
[0.435s] -- Detecting C compile features
[0.436s] -- Detecting C compile features - done
[0.446s] -- Detecting CXX compiler ABI info
[0.523s] -- Detecting CXX compiler ABI info - done
[0.534s] -- Check for working CXX compiler: /usr/bin/c++ - skipped
[0.535s] -- Detecting CXX compile features
[0.535s] -- Detecting CXX compile features - done
[0.561s] -- Found ament_cmake: 2.5.4 (/opt/ros/jazzy/share/ament_cmake/cmake)
[0.692s] -- Found Python3: /home/alonso/anaconda3/bin/python3 (found version "3.13.7") found components: Interpreter 
[0.856s] -- Found urdf_tutorial: 1.1.0 (/opt/ros/jazzy/share/urdf_tutorial/cmake)
[0.858s] -- Found ament_lint_auto: 0.17.3 (/opt/ros/jazzy/share/ament_lint_auto/cmake)
[0.958s] -- Added test 'flake8' to check Python code syntax and style conventions
[0.959s] -- Configured 'flake8' exclude dirs and/or files: 
[0.959s] -- Added test 'lint_cmake' to check CMake code style
[0.960s] -- Added test 'pep257' to check Python code against some of the docstring style conventions in PEP 257
[0.962s] -- Added test 'xmllint' to check XML markup files
[0.963s] -- Configuring done (0.8s)
[0.965s] -- Generating done (0.0s)
[0.966s] -- Build files have been written to: /home/alonso/Development/School/ros_dev/build/autonomous_robot_description
[0.971s] Invoked command in '/home/alonso/Development/School/ros_dev/build/autonomous_robot_description' returned '0': CMAKE_PREFIX_PATH=${CMAKE_PREFIX_PATH}:/home/alonso/Development/School/ros_dev/install/autonomous_robot_system_tests:/home/alonso/Development/School/ros_dev/install/autonomous_robot_gazebo:/home/alonso/Development/School/ros_dev/install/autonomous_robot_bringup:/opt/ros/jazzy CONDA_PROMPT_MODIFIER=(base) DEBUGINFOD_URLS=https://debuginfod.ubuntu.com /usr/bin/cmake /home/alonso/Development/School/ros_dev/src/autonomous_robot/autonomous_robot_description -DCMAKE_INSTALL_PREFIX=/home/alonso/Development/School/ros_dev/install/autonomous_robot_description
[0.971s] Invoking command in '/home/alonso/Development/School/ros_dev/build/autonomous_robot_description': CMAKE_PREFIX_PATH=${CMAKE_PREFIX_PATH}:/home/alonso/Development/School/ros_dev/install/autonomous_robot_system_tests:/home/alonso/Development/School/ros_dev/install/autonomous_robot_gazebo:/home/alonso/Development/School/ros_dev/install/autonomous_robot_bringup:/opt/ros/jazzy CONDA_PROMPT_MODIFIER=(base) DEBUGINFOD_URLS=https://debuginfod.ubuntu.com /usr/bin/cmake --build /home/alonso/Development/School/ros_dev/build/autonomous_robot_description -- -j16 -l16
[1.006s] Invoked command in '/home/alonso/Development/School/ros_dev/build/autonomous_robot_description' returned '0': CMAKE_PREFIX_PATH=${CMAKE_PREFIX_PATH}:/home/alonso/Development/School/ros_dev/install/autonomous_robot_system_tests:/home/alonso/Development/School/ros_dev/install/autonomous_robot_gazebo:/home/alonso/Development/School/ros_dev/install/autonomous_robot_bringup:/opt/ros/jazzy CONDA_PROMPT_MODIFIER=(base) DEBUGINFOD_URLS=https://debuginfod.ubuntu.com /usr/bin/cmake --build /home/alonso/Development/School/ros_dev/build/autonomous_robot_description -- -j16 -l16
[1.014s] Invoking command in '/home/alonso/Development/School/ros_dev/build/autonomous_robot_description': CMAKE_PREFIX_PATH=${CMAKE_PREFIX_PATH}:/home/alonso/Development/School/ros_dev/install/autonomous_robot_system_tests:/home/alonso/Development/School/ros_dev/install/autonomous_robot_gazebo:/home/alonso/Development/School/ros_dev/install/autonomous_robot_bringup:/opt/ros/jazzy CONDA_PROMPT_MODIFIER=(base) DEBUGINFOD_URLS=https://debuginfod.ubuntu.com /usr/bin/cmake --install /home/alonso/Development/School/ros_dev/build/autonomous_robot_description
[1.021s] -- Install configuration: ""
[1.021s] -- Installing: /home/alonso/Development/School/ros_dev/install/autonomous_robot_description/share/autonomous_robot_description/config
[1.021s] -- Installing: /home/alonso/Development/School/ros_dev/install/autonomous_robot_description/share/autonomous_robot_description/config/rosmaster_x3
[1.021s] -- Installing: /home/alonso/Development/School/ros_dev/install/autonomous_robot_description/share/autonomous_robot_description/config/rosmaster_x3/ros2_controllers.yaml
[1.021s] -- Installing: /home/alonso/Development/School/ros_dev/install/autonomous_robot_description/share/autonomous_robot_description/config/rosmaster_x3/simple_controllers.yaml
[1.021s] -- Installing: /home/alonso/Development/School/ros_dev/install/autonomous_robot_description/share/autonomous_robot_description/config/rosmaster_x3/ros2_controllers_template.yaml
[1.022s] -- Installing: /home/alonso/Development/School/ros_dev/install/autonomous_robot_description/share/autonomous_robot_description/launch
[1.022s] -- Installing: /home/alonso/Development/School/ros_dev/install/autonomous_robot_description/share/autonomous_robot_description/launch/robot_state_publisher.launch.py
[1.022s] -- Installing: /home/alonso/Development/School/ros_dev/install/autonomous_robot_description/share/autonomous_robot_description/meshes
[1.022s] -- Installing: /home/alonso/Development/School/ros_dev/install/autonomous_robot_description/share/autonomous_robot_description/meshes/rosmaster_x3
[1.022s] -- Installing: /home/alonso/Development/School/ros_dev/install/autonomous_robot_description/share/autonomous_robot_description/meshes/rosmaster_x3/visual
[1.022s] -- Installing: /home/alonso/Development/School/ros_dev/install/autonomous_robot_description/share/autonomous_robot_description/meshes/rosmaster_x3/visual/base_link_X3.STL
[1.027s] -- Installing: /home/alonso/Development/School/ros_dev/install/autonomous_robot_description/share/autonomous_robot_description/meshes/rosmaster_x3/visual/back_left_wheel_X3.STL
[1.030s] -- Installing: /home/alonso/Development/School/ros_dev/install/autonomous_robot_description/share/autonomous_robot_description/meshes/rosmaster_x3/visual/front_left_wheel_X3.STL
[1.034s] -- Installing: /home/alonso/Development/School/ros_dev/install/autonomous_robot_description/share/autonomous_robot_description/meshes/rosmaster_x3/visual/back_right_wheel_X3.STL
[1.037s] -- Installing: /home/alonso/Development/School/ros_dev/install/autonomous_robot_description/share/autonomous_robot_description/meshes/rosmaster_x3/visual/camera_link.STL
[1.038s] -- Installing: /home/alonso/Development/School/ros_dev/install/autonomous_robot_description/share/autonomous_robot_description/meshes/rosmaster_x3/visual/laser_link.STL
[1.048s] -- Installing: /home/alonso/Development/School/ros_dev/install/autonomous_robot_description/share/autonomous_robot_description/meshes/rosmaster_x3/visual/front_right_wheel_X3.STL
[1.051s] -- Installing: /home/alonso/Development/School/ros_dev/install/autonomous_robot_description/share/autonomous_robot_description/meshes/rplidar
[1.051s] -- Installing: /home/alonso/Development/School/ros_dev/install/autonomous_robot_description/share/autonomous_robot_description/meshes/rplidar/rplidar_s2.stl
[1.053s] -- Installing: /home/alonso/Development/School/ros_dev/install/autonomous_robot_description/share/autonomous_robot_description/meshes/intel_realsense
[1.053s] -- Installing: /home/alonso/Development/School/ros_dev/install/autonomous_robot_description/share/autonomous_robot_description/meshes/intel_realsense/visual
[1.053s] -- Installing: /home/alonso/Development/School/ros_dev/install/autonomous_robot_description/share/autonomous_robot_description/meshes/intel_realsense/visual/d435.stl
[1.068s] -- Installing: /home/alonso/Development/School/ros_dev/install/autonomous_robot_description/share/autonomous_robot_description/urdf
[1.068s] -- Installing: /home/alonso/Development/School/ros_dev/install/autonomous_robot_description/share/autonomous_robot_description/urdf/robots
[1.068s] -- Installing: /home/alonso/Development/School/ros_dev/install/autonomous_robot_description/share/autonomous_robot_description/urdf/robots/rosmaster_x3.urdf.xacro
[1.069s] -- Installing: /home/alonso/Development/School/ros_dev/install/autonomous_robot_description/share/autonomous_robot_description/urdf/sensors
[1.069s] -- Installing: /home/alonso/Development/School/ros_dev/install/autonomous_robot_description/share/autonomous_robot_description/urdf/sensors/imu.urdf.xacro
[1.069s] -- Installing: /home/alonso/Development/School/ros_dev/install/autonomous_robot_description/share/autonomous_robot_description/urdf/sensors/rgbd_camera.urdf.xacro
[1.069s] -- Installing: /home/alonso/Development/School/ros_dev/install/autonomous_robot_description/share/autonomous_robot_description/urdf/sensors/lidar.urdf.xacro
[1.069s] -- Installing: /home/alonso/Development/School/ros_dev/install/autonomous_robot_description/share/autonomous_robot_description/urdf/mech
[1.069s] -- Installing: /home/alonso/Development/School/ros_dev/install/autonomous_robot_description/share/autonomous_robot_description/urdf/mech/rosmaster_x3_base.urdf.xacro
[1.070s] -- Installing: /home/alonso/Development/School/ros_dev/install/autonomous_robot_description/share/autonomous_robot_description/urdf/mech/mecanum_wheel.urdf.xacro
[1.070s] -- Installing: /home/alonso/Development/School/ros_dev/install/autonomous_robot_description/share/autonomous_robot_description/urdf/control
[1.070s] -- Installing: /home/alonso/Development/School/ros_dev/install/autonomous_robot_description/share/autonomous_robot_description/rviz
[1.070s] -- Installing: /home/alonso/Development/School/ros_dev/install/autonomous_robot_description/share/autonomous_robot_description/rviz/autonomous_robot_description.rviz
[1.070s] -- Installing: /home/alonso/Development/School/ros_dev/install/autonomous_robot_description/share/ament_index/resource_index/package_run_dependencies/autonomous_robot_description
[1.070s] -- Installing: /home/alonso/Development/School/ros_dev/install/autonomous_robot_description/share/ament_index/resource_index/parent_prefix_path/autonomous_robot_description
[1.070s] -- Installing: /home/alonso/Development/School/ros_dev/install/autonomous_robot_description/share/autonomous_robot_description/environment/ament_prefix_path.sh
[1.070s] -- Installing: /home/alonso/Development/School/ros_dev/install/autonomous_robot_description/share/autonomous_robot_description/environment/ament_prefix_path.dsv
[1.070s] -- Installing: /home/alonso/Development/School/ros_dev/install/autonomous_robot_description/share/autonomous_robot_description/environment/path.sh
[1.071s] -- Installing: /home/alonso/Development/School/ros_dev/install/autonomous_robot_description/share/autonomous_robot_description/environment/path.dsv
[1.071s] -- Installing: /home/alonso/Development/School/ros_dev/install/autonomous_robot_description/share/autonomous_robot_description/local_setup.bash
[1.071s] -- Installing: /home/alonso/Development/School/ros_dev/install/autonomous_robot_description/share/autonomous_robot_description/local_setup.sh
[1.071s] -- Installing: /home/alonso/Development/School/ros_dev/install/autonomous_robot_description/share/autonomous_robot_description/local_setup.zsh
[1.071s] -- Installing: /home/alonso/Development/School/ros_dev/install/autonomous_robot_description/share/autonomous_robot_description/local_setup.dsv
[1.071s] -- Installing: /home/alonso/Development/School/ros_dev/install/autonomous_robot_description/share/autonomous_robot_description/package.dsv
[1.071s] -- Installing: /home/alonso/Development/School/ros_dev/install/autonomous_robot_description/share/ament_index/resource_index/packages/autonomous_robot_description
[1.071s] -- Installing: /home/alonso/Development/School/ros_dev/install/autonomous_robot_description/share/autonomous_robot_description/cmake/autonomous_robot_descriptionConfig.cmake
[1.071s] -- Installing: /home/alonso/Development/School/ros_dev/install/autonomous_robot_description/share/autonomous_robot_description/cmake/autonomous_robot_descriptionConfig-version.cmake
[1.071s] -- Installing: /home/alonso/Development/School/ros_dev/install/autonomous_robot_description/share/autonomous_robot_description/package.xml
[1.073s] Invoked command in '/home/alonso/Development/School/ros_dev/build/autonomous_robot_description' returned '0': CMAKE_PREFIX_PATH=${CMAKE_PREFIX_PATH}:/home/alonso/Development/School/ros_dev/install/autonomous_robot_system_tests:/home/alonso/Development/School/ros_dev/install/autonomous_robot_gazebo:/home/alonso/Development/School/ros_dev/install/autonomous_robot_bringup:/opt/ros/jazzy CONDA_PROMPT_MODIFIER=(base) DEBUGINFOD_URLS=https://debuginfod.ubuntu.com /usr/bin/cmake --install /home/alonso/Development/School/ros_dev/build/autonomous_robot_description
