[0.125s] DEBUG:colcon:Command line arguments: ['/home/alonso/.local/share/mise/installs/python/3.12.11/bin/colcon', 'build']
[0.125s] DEBUG:colcon:Parsed command line arguments: Namespace(log_base=None, log_level=None, verb_name='build', build_base='build', install_base='install', merge_install=False, symlink_install=False, test_result_base=None, continue_on_error=False, executor='parallel', parallel_workers=16, event_handlers=None, ignore_user_meta=False, metas=['./colcon.meta'], base_paths=['.'], packages_ignore=None, packages_ignore_regex=None, paths=None, packages_up_to=None, packages_up_to_regex=None, packages_above=None, packages_above_and_dependencies=None, packages_above_depth=None, packages_select_by_dep=None, packages_skip_by_dep=None, packages_skip_up_to=None, packages_select_build_failed=False, packages_skip_build_finished=False, packages_select_test_failures=False, packages_skip_test_passed=False, packages_select=None, packages_skip=None, packages_select_regex=None, packages_skip_regex=None, packages_start=None, packages_end=None, cmake_args=None, cmake_target=None, cmake_target_skip_unavailable=False, cmake_clean_cache=False, cmake_clean_first=False, cmake_force_configure=False, ament_cmake_args=None, catkin_cmake_args=None, catkin_skip_building_tests=False, verb_parser=<colcon_defaults.argument_parser.defaults.DefaultArgumentsDecorator object at 0x7afd9b82d0d0>, verb_extension=<colcon_core.verb.build.BuildVerb object at 0x7afd9b82d0a0>, main=<bound method BuildVerb.main of <colcon_core.verb.build.BuildVerb object at 0x7afd9b82d0a0>>)
[0.157s] Level 1:colcon.colcon_core.package_discovery:discover_packages(colcon_meta) check parameters
[0.157s] Level 1:colcon.colcon_core.package_discovery:discover_packages(recursive) check parameters
[0.157s] Level 1:colcon.colcon_core.package_discovery:discover_packages(ignore) check parameters
[0.157s] Level 1:colcon.colcon_core.package_discovery:discover_packages(path) check parameters
[0.157s] Level 1:colcon.colcon_core.package_discovery:discover_packages(colcon_meta) discover
[0.157s] Level 1:colcon.colcon_core.package_discovery:discover_packages(recursive) discover
[0.157s] INFO:colcon.colcon_core.package_discovery:Crawling recursively for packages in '/home/alonso/Development/School/ros_dev'
[0.157s] Level 1:colcon.colcon_core.package_identification:_identify(.) by extensions ['ignore', 'ignore_ament_install']
[0.157s] Level 1:colcon.colcon_core.package_identification:_identify(.) by extension 'ignore'
[0.157s] Level 1:colcon.colcon_core.package_identification:_identify(.) by extension 'ignore_ament_install'
[0.157s] Level 1:colcon.colcon_core.package_identification:_identify(.) by extensions ['colcon_pkg']
[0.157s] Level 1:colcon.colcon_core.package_identification:_identify(.) by extension 'colcon_pkg'
[0.157s] Level 1:colcon.colcon_core.package_identification:_identify(.) by extensions ['colcon_meta']
[0.157s] Level 1:colcon.colcon_core.package_identification:_identify(.) by extension 'colcon_meta'
[0.157s] Level 1:colcon.colcon_core.package_identification:_identify(.) by extensions ['ros']
[0.157s] Level 1:colcon.colcon_core.package_identification:_identify(.) by extension 'ros'
[0.176s] Level 1:colcon.colcon_core.package_identification:_identify(.) by extensions ['cmake', 'python']
[0.176s] Level 1:colcon.colcon_core.package_identification:_identify(.) by extension 'cmake'
[0.176s] Level 1:colcon.colcon_core.package_identification:_identify(.) by extension 'python'
[0.176s] Level 1:colcon.colcon_core.package_identification:_identify(.) by extensions ['python_setup_py']
[0.176s] Level 1:colcon.colcon_core.package_identification:_identify(.) by extension 'python_setup_py'
[0.176s] Level 1:colcon.colcon_core.package_identification:_identify(build) by extensions ['ignore', 'ignore_ament_install']
[0.176s] Level 1:colcon.colcon_core.package_identification:_identify(build) by extension 'ignore'
[0.176s] Level 1:colcon.colcon_core.package_identification:_identify(build) ignored
[0.176s] Level 1:colcon.colcon_core.package_identification:_identify(install) by extensions ['ignore', 'ignore_ament_install']
[0.176s] Level 1:colcon.colcon_core.package_identification:_identify(install) by extension 'ignore'
[0.176s] Level 1:colcon.colcon_core.package_identification:_identify(install) ignored
[0.176s] Level 1:colcon.colcon_core.package_identification:_identify(log) by extensions ['ignore', 'ignore_ament_install']
[0.176s] Level 1:colcon.colcon_core.package_identification:_identify(log) by extension 'ignore'
[0.176s] Level 1:colcon.colcon_core.package_identification:_identify(log) ignored
[0.176s] Level 1:colcon.colcon_core.package_identification:_identify(src) by extensions ['ignore', 'ignore_ament_install']
[0.176s] Level 1:colcon.colcon_core.package_identification:_identify(src) by extension 'ignore'
[0.176s] Level 1:colcon.colcon_core.package_identification:_identify(src) by extension 'ignore_ament_install'
[0.176s] Level 1:colcon.colcon_core.package_identification:_identify(src) by extensions ['colcon_pkg']
[0.176s] Level 1:colcon.colcon_core.package_identification:_identify(src) by extension 'colcon_pkg'
[0.176s] Level 1:colcon.colcon_core.package_identification:_identify(src) by extensions ['colcon_meta']
[0.176s] Level 1:colcon.colcon_core.package_identification:_identify(src) by extension 'colcon_meta'
[0.176s] Level 1:colcon.colcon_core.package_identification:_identify(src) by extensions ['ros']
[0.176s] Level 1:colcon.colcon_core.package_identification:_identify(src) by extension 'ros'
[0.176s] Level 1:colcon.colcon_core.package_identification:_identify(src) by extensions ['cmake', 'python']
[0.176s] Level 1:colcon.colcon_core.package_identification:_identify(src) by extension 'cmake'
[0.176s] Level 1:colcon.colcon_core.package_identification:_identify(src) by extension 'python'
[0.176s] Level 1:colcon.colcon_core.package_identification:_identify(src) by extensions ['python_setup_py']
[0.176s] Level 1:colcon.colcon_core.package_identification:_identify(src) by extension 'python_setup_py'
[0.176s] Level 1:colcon.colcon_core.package_identification:_identify(src/autonomous_robot) by extensions ['ignore', 'ignore_ament_install']
[0.176s] Level 1:colcon.colcon_core.package_identification:_identify(src/autonomous_robot) by extension 'ignore'
[0.176s] Level 1:colcon.colcon_core.package_identification:_identify(src/autonomous_robot) by extension 'ignore_ament_install'
[0.176s] Level 1:colcon.colcon_core.package_identification:_identify(src/autonomous_robot) by extensions ['colcon_pkg']
[0.176s] Level 1:colcon.colcon_core.package_identification:_identify(src/autonomous_robot) by extension 'colcon_pkg'
[0.176s] Level 1:colcon.colcon_core.package_identification:_identify(src/autonomous_robot) by extensions ['colcon_meta']
[0.176s] Level 1:colcon.colcon_core.package_identification:_identify(src/autonomous_robot) by extension 'colcon_meta'
[0.176s] Level 1:colcon.colcon_core.package_identification:_identify(src/autonomous_robot) by extensions ['ros']
[0.176s] Level 1:colcon.colcon_core.package_identification:_identify(src/autonomous_robot) by extension 'ros'
[0.176s] Level 1:colcon.colcon_core.package_identification:_identify(src/autonomous_robot) by extensions ['cmake', 'python']
[0.177s] Level 1:colcon.colcon_core.package_identification:_identify(src/autonomous_robot) by extension 'cmake'
[0.177s] Level 1:colcon.colcon_core.package_identification:_identify(src/autonomous_robot) by extension 'python'
[0.177s] Level 1:colcon.colcon_core.package_identification:_identify(src/autonomous_robot) by extensions ['python_setup_py']
[0.177s] Level 1:colcon.colcon_core.package_identification:_identify(src/autonomous_robot) by extension 'python_setup_py'
[0.177s] Level 1:colcon.colcon_core.package_identification:_identify(src/autonomous_robot/autonomous_robot) by extensions ['ignore', 'ignore_ament_install']
[0.177s] Level 1:colcon.colcon_core.package_identification:_identify(src/autonomous_robot/autonomous_robot) by extension 'ignore'
[0.177s] Level 1:colcon.colcon_core.package_identification:_identify(src/autonomous_robot/autonomous_robot) by extension 'ignore_ament_install'
[0.177s] Level 1:colcon.colcon_core.package_identification:_identify(src/autonomous_robot/autonomous_robot) by extensions ['colcon_pkg']
[0.177s] Level 1:colcon.colcon_core.package_identification:_identify(src/autonomous_robot/autonomous_robot) by extension 'colcon_pkg'
[0.177s] Level 1:colcon.colcon_core.package_identification:_identify(src/autonomous_robot/autonomous_robot) by extensions ['colcon_meta']
[0.177s] Level 1:colcon.colcon_core.package_identification:_identify(src/autonomous_robot/autonomous_robot) by extension 'colcon_meta'
[0.177s] Level 1:colcon.colcon_core.package_identification:_identify(src/autonomous_robot/autonomous_robot) by extensions ['ros']
[0.177s] Level 1:colcon.colcon_core.package_identification:_identify(src/autonomous_robot/autonomous_robot) by extension 'ros'
[0.179s] DEBUG:colcon.colcon_core.package_identification:Package 'src/autonomous_robot/autonomous_robot' with type 'ros.ament_cmake' and name 'autonomous_robot'
[0.179s] Level 1:colcon.colcon_core.package_identification:_identify(src/autonomous_robot/autonomous_robot_bringup) by extensions ['ignore', 'ignore_ament_install']
[0.179s] Level 1:colcon.colcon_core.package_identification:_identify(src/autonomous_robot/autonomous_robot_bringup) by extension 'ignore'
[0.179s] Level 1:colcon.colcon_core.package_identification:_identify(src/autonomous_robot/autonomous_robot_bringup) by extension 'ignore_ament_install'
[0.179s] Level 1:colcon.colcon_core.package_identification:_identify(src/autonomous_robot/autonomous_robot_bringup) by extensions ['colcon_pkg']
[0.179s] Level 1:colcon.colcon_core.package_identification:_identify(src/autonomous_robot/autonomous_robot_bringup) by extension 'colcon_pkg'
[0.179s] Level 1:colcon.colcon_core.package_identification:_identify(src/autonomous_robot/autonomous_robot_bringup) by extensions ['colcon_meta']
[0.179s] Level 1:colcon.colcon_core.package_identification:_identify(src/autonomous_robot/autonomous_robot_bringup) by extension 'colcon_meta'
[0.179s] Level 1:colcon.colcon_core.package_identification:_identify(src/autonomous_robot/autonomous_robot_bringup) by extensions ['ros']
[0.179s] Level 1:colcon.colcon_core.package_identification:_identify(src/autonomous_robot/autonomous_robot_bringup) by extension 'ros'
[0.179s] DEBUG:colcon.colcon_core.package_identification:Package 'src/autonomous_robot/autonomous_robot_bringup' with type 'ros.ament_python' and name 'autonomous_robot_bringup'
[0.179s] Level 1:colcon.colcon_core.package_identification:_identify(src/autonomous_robot/autonomous_robot_description) by extensions ['ignore', 'ignore_ament_install']
[0.179s] Level 1:colcon.colcon_core.package_identification:_identify(src/autonomous_robot/autonomous_robot_description) by extension 'ignore'
[0.179s] Level 1:colcon.colcon_core.package_identification:_identify(src/autonomous_robot/autonomous_robot_description) by extension 'ignore_ament_install'
[0.180s] Level 1:colcon.colcon_core.package_identification:_identify(src/autonomous_robot/autonomous_robot_description) by extensions ['colcon_pkg']
[0.180s] Level 1:colcon.colcon_core.package_identification:_identify(src/autonomous_robot/autonomous_robot_description) by extension 'colcon_pkg'
[0.180s] Level 1:colcon.colcon_core.package_identification:_identify(src/autonomous_robot/autonomous_robot_description) by extensions ['colcon_meta']
[0.180s] Level 1:colcon.colcon_core.package_identification:_identify(src/autonomous_robot/autonomous_robot_description) by extension 'colcon_meta'
[0.180s] Level 1:colcon.colcon_core.package_identification:_identify(src/autonomous_robot/autonomous_robot_description) by extensions ['ros']
[0.180s] Level 1:colcon.colcon_core.package_identification:_identify(src/autonomous_robot/autonomous_robot_description) by extension 'ros'
[0.180s] DEBUG:colcon.colcon_core.package_identification:Package 'src/autonomous_robot/autonomous_robot_description' with type 'ros.ament_cmake' and name 'autonomous_robot_description'
[0.180s] Level 1:colcon.colcon_core.package_identification:_identify(src/autonomous_robot/autonomous_robot_gazebo) by extensions ['ignore', 'ignore_ament_install']
[0.180s] Level 1:colcon.colcon_core.package_identification:_identify(src/autonomous_robot/autonomous_robot_gazebo) by extension 'ignore'
[0.180s] Level 1:colcon.colcon_core.package_identification:_identify(src/autonomous_robot/autonomous_robot_gazebo) by extension 'ignore_ament_install'
[0.180s] Level 1:colcon.colcon_core.package_identification:_identify(src/autonomous_robot/autonomous_robot_gazebo) by extensions ['colcon_pkg']
[0.180s] Level 1:colcon.colcon_core.package_identification:_identify(src/autonomous_robot/autonomous_robot_gazebo) by extension 'colcon_pkg'
[0.180s] Level 1:colcon.colcon_core.package_identification:_identify(src/autonomous_robot/autonomous_robot_gazebo) by extensions ['colcon_meta']
[0.180s] Level 1:colcon.colcon_core.package_identification:_identify(src/autonomous_robot/autonomous_robot_gazebo) by extension 'colcon_meta'
[0.180s] Level 1:colcon.colcon_core.package_identification:_identify(src/autonomous_robot/autonomous_robot_gazebo) by extensions ['ros']
[0.180s] Level 1:colcon.colcon_core.package_identification:_identify(src/autonomous_robot/autonomous_robot_gazebo) by extension 'ros'
[0.181s] DEBUG:colcon.colcon_core.package_identification:Package 'src/autonomous_robot/autonomous_robot_gazebo' with type 'ros.ament_python' and name 'autonomous_robot_gazebo'
[0.181s] Level 1:colcon.colcon_core.package_identification:_identify(src/autonomous_robot/autonomous_robot_system_tests) by extensions ['ignore', 'ignore_ament_install']
[0.181s] Level 1:colcon.colcon_core.package_identification:_identify(src/autonomous_robot/autonomous_robot_system_tests) by extension 'ignore'
[0.181s] Level 1:colcon.colcon_core.package_identification:_identify(src/autonomous_robot/autonomous_robot_system_tests) by extension 'ignore_ament_install'
[0.181s] Level 1:colcon.colcon_core.package_identification:_identify(src/autonomous_robot/autonomous_robot_system_tests) by extensions ['colcon_pkg']
[0.181s] Level 1:colcon.colcon_core.package_identification:_identify(src/autonomous_robot/autonomous_robot_system_tests) by extension 'colcon_pkg'
[0.181s] Level 1:colcon.colcon_core.package_identification:_identify(src/autonomous_robot/autonomous_robot_system_tests) by extensions ['colcon_meta']
[0.181s] Level 1:colcon.colcon_core.package_identification:_identify(src/autonomous_robot/autonomous_robot_system_tests) by extension 'colcon_meta'
[0.181s] Level 1:colcon.colcon_core.package_identification:_identify(src/autonomous_robot/autonomous_robot_system_tests) by extensions ['ros']
[0.181s] Level 1:colcon.colcon_core.package_identification:_identify(src/autonomous_robot/autonomous_robot_system_tests) by extension 'ros'
[0.181s] DEBUG:colcon.colcon_core.package_identification:Package 'src/autonomous_robot/autonomous_robot_system_tests' with type 'ros.ament_python' and name 'autonomous_robot_system_tests'
[0.181s] Level 1:colcon.colcon_core.package_identification:_identify(src/ros2_fundamentals_examples) by extensions ['ignore', 'ignore_ament_install']
[0.181s] Level 1:colcon.colcon_core.package_identification:_identify(src/ros2_fundamentals_examples) by extension 'ignore'
[0.181s] Level 1:colcon.colcon_core.package_identification:_identify(src/ros2_fundamentals_examples) by extension 'ignore_ament_install'
[0.181s] Level 1:colcon.colcon_core.package_identification:_identify(src/ros2_fundamentals_examples) by extensions ['colcon_pkg']
[0.181s] Level 1:colcon.colcon_core.package_identification:_identify(src/ros2_fundamentals_examples) by extension 'colcon_pkg'
[0.181s] Level 1:colcon.colcon_core.package_identification:_identify(src/ros2_fundamentals_examples) by extensions ['colcon_meta']
[0.181s] Level 1:colcon.colcon_core.package_identification:_identify(src/ros2_fundamentals_examples) by extension 'colcon_meta'
[0.182s] Level 1:colcon.colcon_core.package_identification:_identify(src/ros2_fundamentals_examples) by extensions ['ros']
[0.182s] Level 1:colcon.colcon_core.package_identification:_identify(src/ros2_fundamentals_examples) by extension 'ros'
[0.182s] DEBUG:colcon.colcon_core.package_identification:Package 'src/ros2_fundamentals_examples' with type 'ros.ament_cmake' and name 'ros2_fundamentals_examples'
[0.182s] Level 1:colcon.colcon_core.package_discovery:discover_packages(recursive) using defaults
[0.182s] Level 1:colcon.colcon_core.package_discovery:discover_packages(ignore) discover
[0.182s] Level 1:colcon.colcon_core.package_discovery:discover_packages(ignore) using defaults
[0.182s] Level 1:colcon.colcon_core.package_discovery:discover_packages(path) discover
[0.182s] Level 1:colcon.colcon_core.package_discovery:discover_packages(path) using defaults
[0.195s] Level 5:colcon.colcon_core.verb:set package 'autonomous_robot_bringup' build argument 'cmake_args' from command line to 'None'
[0.195s] Level 5:colcon.colcon_core.verb:set package 'autonomous_robot_bringup' build argument 'cmake_target' from command line to 'None'
[0.195s] Level 5:colcon.colcon_core.verb:set package 'autonomous_robot_bringup' build argument 'cmake_target_skip_unavailable' from command line to 'False'
[0.195s] Level 5:colcon.colcon_core.verb:set package 'autonomous_robot_bringup' build argument 'cmake_clean_cache' from command line to 'False'
[0.195s] Level 5:colcon.colcon_core.verb:set package 'autonomous_robot_bringup' build argument 'cmake_clean_first' from command line to 'False'
[0.195s] Level 5:colcon.colcon_core.verb:set package 'autonomous_robot_bringup' build argument 'cmake_force_configure' from command line to 'False'
[0.195s] Level 5:colcon.colcon_core.verb:set package 'autonomous_robot_bringup' build argument 'ament_cmake_args' from command line to 'None'
[0.195s] Level 5:colcon.colcon_core.verb:set package 'autonomous_robot_bringup' build argument 'catkin_cmake_args' from command line to 'None'
[0.195s] Level 5:colcon.colcon_core.verb:set package 'autonomous_robot_bringup' build argument 'catkin_skip_building_tests' from command line to 'False'
[0.195s] DEBUG:colcon.colcon_core.verb:Building package 'autonomous_robot_bringup' with the following arguments: {'ament_cmake_args': None, 'build_base': '/home/alonso/Development/School/ros_dev/build/autonomous_robot_bringup', 'catkin_cmake_args': None, 'catkin_skip_building_tests': False, 'cmake_args': None, 'cmake_clean_cache': False, 'cmake_clean_first': False, 'cmake_force_configure': False, 'cmake_target': None, 'cmake_target_skip_unavailable': False, 'install_base': '/home/alonso/Development/School/ros_dev/install/autonomous_robot_bringup', 'merge_install': False, 'path': '/home/alonso/Development/School/ros_dev/src/autonomous_robot/autonomous_robot_bringup', 'symlink_install': False, 'test_result_base': None}
[0.195s] Level 5:colcon.colcon_core.verb:set package 'autonomous_robot_description' build argument 'cmake_args' from command line to 'None'
[0.195s] Level 5:colcon.colcon_core.verb:set package 'autonomous_robot_description' build argument 'cmake_target' from command line to 'None'
[0.195s] Level 5:colcon.colcon_core.verb:set package 'autonomous_robot_description' build argument 'cmake_target_skip_unavailable' from command line to 'False'
[0.195s] Level 5:colcon.colcon_core.verb:set package 'autonomous_robot_description' build argument 'cmake_clean_cache' from command line to 'False'
[0.195s] Level 5:colcon.colcon_core.verb:set package 'autonomous_robot_description' build argument 'cmake_clean_first' from command line to 'False'
[0.195s] Level 5:colcon.colcon_core.verb:set package 'autonomous_robot_description' build argument 'cmake_force_configure' from command line to 'False'
[0.195s] Level 5:colcon.colcon_core.verb:set package 'autonomous_robot_description' build argument 'ament_cmake_args' from command line to 'None'
[0.195s] Level 5:colcon.colcon_core.verb:set package 'autonomous_robot_description' build argument 'catkin_cmake_args' from command line to 'None'
[0.195s] Level 5:colcon.colcon_core.verb:set package 'autonomous_robot_description' build argument 'catkin_skip_building_tests' from command line to 'False'
[0.195s] DEBUG:colcon.colcon_core.verb:Building package 'autonomous_robot_description' with the following arguments: {'ament_cmake_args': None, 'build_base': '/home/alonso/Development/School/ros_dev/build/autonomous_robot_description', 'catkin_cmake_args': None, 'catkin_skip_building_tests': False, 'cmake_args': None, 'cmake_clean_cache': False, 'cmake_clean_first': False, 'cmake_force_configure': False, 'cmake_target': None, 'cmake_target_skip_unavailable': False, 'install_base': '/home/alonso/Development/School/ros_dev/install/autonomous_robot_description', 'merge_install': False, 'path': '/home/alonso/Development/School/ros_dev/src/autonomous_robot/autonomous_robot_description', 'symlink_install': False, 'test_result_base': None}
[0.195s] Level 5:colcon.colcon_core.verb:set package 'autonomous_robot_gazebo' build argument 'cmake_args' from command line to 'None'
[0.195s] Level 5:colcon.colcon_core.verb:set package 'autonomous_robot_gazebo' build argument 'cmake_target' from command line to 'None'
[0.195s] Level 5:colcon.colcon_core.verb:set package 'autonomous_robot_gazebo' build argument 'cmake_target_skip_unavailable' from command line to 'False'
[0.195s] Level 5:colcon.colcon_core.verb:set package 'autonomous_robot_gazebo' build argument 'cmake_clean_cache' from command line to 'False'
[0.195s] Level 5:colcon.colcon_core.verb:set package 'autonomous_robot_gazebo' build argument 'cmake_clean_first' from command line to 'False'
[0.195s] Level 5:colcon.colcon_core.verb:set package 'autonomous_robot_gazebo' build argument 'cmake_force_configure' from command line to 'False'
[0.195s] Level 5:colcon.colcon_core.verb:set package 'autonomous_robot_gazebo' build argument 'ament_cmake_args' from command line to 'None'
[0.195s] Level 5:colcon.colcon_core.verb:set package 'autonomous_robot_gazebo' build argument 'catkin_cmake_args' from command line to 'None'
[0.195s] Level 5:colcon.colcon_core.verb:set package 'autonomous_robot_gazebo' build argument 'catkin_skip_building_tests' from command line to 'False'
[0.195s] DEBUG:colcon.colcon_core.verb:Building package 'autonomous_robot_gazebo' with the following arguments: {'ament_cmake_args': None, 'build_base': '/home/alonso/Development/School/ros_dev/build/autonomous_robot_gazebo', 'catkin_cmake_args': None, 'catkin_skip_building_tests': False, 'cmake_args': None, 'cmake_clean_cache': False, 'cmake_clean_first': False, 'cmake_force_configure': False, 'cmake_target': None, 'cmake_target_skip_unavailable': False, 'install_base': '/home/alonso/Development/School/ros_dev/install/autonomous_robot_gazebo', 'merge_install': False, 'path': '/home/alonso/Development/School/ros_dev/src/autonomous_robot/autonomous_robot_gazebo', 'symlink_install': False, 'test_result_base': None}
[0.195s] Level 5:colcon.colcon_core.verb:set package 'autonomous_robot_system_tests' build argument 'cmake_args' from command line to 'None'
[0.195s] Level 5:colcon.colcon_core.verb:set package 'autonomous_robot_system_tests' build argument 'cmake_target' from command line to 'None'
[0.195s] Level 5:colcon.colcon_core.verb:set package 'autonomous_robot_system_tests' build argument 'cmake_target_skip_unavailable' from command line to 'False'
[0.195s] Level 5:colcon.colcon_core.verb:set package 'autonomous_robot_system_tests' build argument 'cmake_clean_cache' from command line to 'False'
[0.195s] Level 5:colcon.colcon_core.verb:set package 'autonomous_robot_system_tests' build argument 'cmake_clean_first' from command line to 'False'
[0.195s] Level 5:colcon.colcon_core.verb:set package 'autonomous_robot_system_tests' build argument 'cmake_force_configure' from command line to 'False'
[0.195s] Level 5:colcon.colcon_core.verb:set package 'autonomous_robot_system_tests' build argument 'ament_cmake_args' from command line to 'None'
[0.195s] Level 5:colcon.colcon_core.verb:set package 'autonomous_robot_system_tests' build argument 'catkin_cmake_args' from command line to 'None'
[0.195s] Level 5:colcon.colcon_core.verb:set package 'autonomous_robot_system_tests' build argument 'catkin_skip_building_tests' from command line to 'False'
[0.195s] DEBUG:colcon.colcon_core.verb:Building package 'autonomous_robot_system_tests' with the following arguments: {'ament_cmake_args': None, 'build_base': '/home/alonso/Development/School/ros_dev/build/autonomous_robot_system_tests', 'catkin_cmake_args': None, 'catkin_skip_building_tests': False, 'cmake_args': None, 'cmake_clean_cache': False, 'cmake_clean_first': False, 'cmake_force_configure': False, 'cmake_target': None, 'cmake_target_skip_unavailable': False, 'install_base': '/home/alonso/Development/School/ros_dev/install/autonomous_robot_system_tests', 'merge_install': False, 'path': '/home/alonso/Development/School/ros_dev/src/autonomous_robot/autonomous_robot_system_tests', 'symlink_install': False, 'test_result_base': None}
[0.195s] Level 5:colcon.colcon_core.verb:set package 'ros2_fundamentals_examples' build argument 'cmake_args' from command line to 'None'
[0.195s] Level 5:colcon.colcon_core.verb:set package 'ros2_fundamentals_examples' build argument 'cmake_target' from command line to 'None'
[0.195s] Level 5:colcon.colcon_core.verb:set package 'ros2_fundamentals_examples' build argument 'cmake_target_skip_unavailable' from command line to 'False'
[0.195s] Level 5:colcon.colcon_core.verb:set package 'ros2_fundamentals_examples' build argument 'cmake_clean_cache' from command line to 'False'
[0.195s] Level 5:colcon.colcon_core.verb:set package 'ros2_fundamentals_examples' build argument 'cmake_clean_first' from command line to 'False'
[0.195s] Level 5:colcon.colcon_core.verb:set package 'ros2_fundamentals_examples' build argument 'cmake_force_configure' from command line to 'False'
[0.195s] Level 5:colcon.colcon_core.verb:set package 'ros2_fundamentals_examples' build argument 'ament_cmake_args' from command line to 'None'
[0.195s] Level 5:colcon.colcon_core.verb:set package 'ros2_fundamentals_examples' build argument 'catkin_cmake_args' from command line to 'None'
[0.195s] Level 5:colcon.colcon_core.verb:set package 'ros2_fundamentals_examples' build argument 'catkin_skip_building_tests' from command line to 'False'
[0.195s] DEBUG:colcon.colcon_core.verb:Building package 'ros2_fundamentals_examples' with the following arguments: {'ament_cmake_args': None, 'build_base': '/home/alonso/Development/School/ros_dev/build/ros2_fundamentals_examples', 'catkin_cmake_args': None, 'catkin_skip_building_tests': False, 'cmake_args': None, 'cmake_clean_cache': False, 'cmake_clean_first': False, 'cmake_force_configure': False, 'cmake_target': None, 'cmake_target_skip_unavailable': False, 'install_base': '/home/alonso/Development/School/ros_dev/install/ros2_fundamentals_examples', 'merge_install': False, 'path': '/home/alonso/Development/School/ros_dev/src/ros2_fundamentals_examples', 'symlink_install': False, 'test_result_base': None}
[0.196s] Level 5:colcon.colcon_core.verb:set package 'autonomous_robot' build argument 'cmake_args' from command line to 'None'
[0.196s] Level 5:colcon.colcon_core.verb:set package 'autonomous_robot' build argument 'cmake_target' from command line to 'None'
[0.196s] Level 5:colcon.colcon_core.verb:set package 'autonomous_robot' build argument 'cmake_target_skip_unavailable' from command line to 'False'
[0.196s] Level 5:colcon.colcon_core.verb:set package 'autonomous_robot' build argument 'cmake_clean_cache' from command line to 'False'
[0.196s] Level 5:colcon.colcon_core.verb:set package 'autonomous_robot' build argument 'cmake_clean_first' from command line to 'False'
[0.196s] Level 5:colcon.colcon_core.verb:set package 'autonomous_robot' build argument 'cmake_force_configure' from command line to 'False'
[0.196s] Level 5:colcon.colcon_core.verb:set package 'autonomous_robot' build argument 'ament_cmake_args' from command line to 'None'
[0.196s] Level 5:colcon.colcon_core.verb:set package 'autonomous_robot' build argument 'catkin_cmake_args' from command line to 'None'
[0.196s] Level 5:colcon.colcon_core.verb:set package 'autonomous_robot' build argument 'catkin_skip_building_tests' from command line to 'False'
[0.196s] DEBUG:colcon.colcon_core.verb:Building package 'autonomous_robot' with the following arguments: {'ament_cmake_args': None, 'build_base': '/home/alonso/Development/School/ros_dev/build/autonomous_robot', 'catkin_cmake_args': None, 'catkin_skip_building_tests': False, 'cmake_args': None, 'cmake_clean_cache': False, 'cmake_clean_first': False, 'cmake_force_configure': False, 'cmake_target': None, 'cmake_target_skip_unavailable': False, 'install_base': '/home/alonso/Development/School/ros_dev/install/autonomous_robot', 'merge_install': False, 'path': '/home/alonso/Development/School/ros_dev/src/autonomous_robot/autonomous_robot', 'symlink_install': False, 'test_result_base': None}
[0.196s] INFO:colcon.colcon_core.executor:Executing jobs using 'parallel' executor
[0.197s] DEBUG:colcon.colcon_parallel_executor.executor.parallel:run_until_complete
[0.197s] INFO:colcon.colcon_ros.task.ament_python.build:Building ROS package in '/home/alonso/Development/School/ros_dev/src/autonomous_robot/autonomous_robot_bringup' with build type 'ament_python'
[0.197s] Level 1:colcon.colcon_core.shell:create_environment_hook('autonomous_robot_bringup', 'ament_prefix_path')
[0.199s] INFO:colcon.colcon_core.plugin_system:Skipping extension 'colcon_core.shell.bat': Not used on non-Windows systems
[0.199s] INFO:colcon.colcon_core.shell:Creating environment hook '/home/alonso/Development/School/ros_dev/install/autonomous_robot_bringup/share/autonomous_robot_bringup/hook/ament_prefix_path.ps1'
[0.200s] INFO:colcon.colcon_core.shell:Creating environment descriptor '/home/alonso/Development/School/ros_dev/install/autonomous_robot_bringup/share/autonomous_robot_bringup/hook/ament_prefix_path.dsv'
[0.200s] INFO:colcon.colcon_core.shell:Creating environment hook '/home/alonso/Development/School/ros_dev/install/autonomous_robot_bringup/share/autonomous_robot_bringup/hook/ament_prefix_path.sh'
[0.201s] INFO:colcon.colcon_core.shell:Skip shell extension 'powershell' for command environment: Not usable outside of PowerShell
[0.201s] DEBUG:colcon.colcon_core.shell:Skip shell extension 'dsv' for command environment
[0.207s] INFO:colcon.colcon_ros.task.ament_cmake.build:Building ROS package in '/home/alonso/Development/School/ros_dev/src/autonomous_robot/autonomous_robot_description' with build type 'ament_cmake'
[0.207s] INFO:colcon.colcon_cmake.task.cmake.build:Building CMake package in '/home/alonso/Development/School/ros_dev/src/autonomous_robot/autonomous_robot_description'
[0.207s] INFO:colcon.colcon_core.shell:Skip shell extension 'powershell' for command environment: Not usable outside of PowerShell
[0.207s] DEBUG:colcon.colcon_core.shell:Skip shell extension 'dsv' for command environment
[0.209s] INFO:colcon.colcon_ros.task.ament_python.build:Building ROS package in '/home/alonso/Development/School/ros_dev/src/autonomous_robot/autonomous_robot_gazebo' with build type 'ament_python'
[0.209s] Level 1:colcon.colcon_core.shell:create_environment_hook('autonomous_robot_gazebo', 'ament_prefix_path')
[0.209s] INFO:colcon.colcon_core.shell:Creating environment hook '/home/alonso/Development/School/ros_dev/install/autonomous_robot_gazebo/share/autonomous_robot_gazebo/hook/ament_prefix_path.ps1'
[0.209s] INFO:colcon.colcon_core.shell:Creating environment descriptor '/home/alonso/Development/School/ros_dev/install/autonomous_robot_gazebo/share/autonomous_robot_gazebo/hook/ament_prefix_path.dsv'
[0.210s] INFO:colcon.colcon_core.shell:Creating environment hook '/home/alonso/Development/School/ros_dev/install/autonomous_robot_gazebo/share/autonomous_robot_gazebo/hook/ament_prefix_path.sh'
[0.210s] INFO:colcon.colcon_core.shell:Skip shell extension 'powershell' for command environment: Not usable outside of PowerShell
[0.210s] DEBUG:colcon.colcon_core.shell:Skip shell extension 'dsv' for command environment
[0.212s] INFO:colcon.colcon_ros.task.ament_python.build:Building ROS package in '/home/alonso/Development/School/ros_dev/src/autonomous_robot/autonomous_robot_system_tests' with build type 'ament_python'
[0.212s] Level 1:colcon.colcon_core.shell:create_environment_hook('autonomous_robot_system_tests', 'ament_prefix_path')
[0.212s] INFO:colcon.colcon_core.shell:Creating environment hook '/home/alonso/Development/School/ros_dev/install/autonomous_robot_system_tests/share/autonomous_robot_system_tests/hook/ament_prefix_path.ps1'
[0.212s] INFO:colcon.colcon_core.shell:Creating environment descriptor '/home/alonso/Development/School/ros_dev/install/autonomous_robot_system_tests/share/autonomous_robot_system_tests/hook/ament_prefix_path.dsv'
[0.212s] INFO:colcon.colcon_core.shell:Creating environment hook '/home/alonso/Development/School/ros_dev/install/autonomous_robot_system_tests/share/autonomous_robot_system_tests/hook/ament_prefix_path.sh'
[0.213s] INFO:colcon.colcon_core.shell:Skip shell extension 'powershell' for command environment: Not usable outside of PowerShell
[0.213s] DEBUG:colcon.colcon_core.shell:Skip shell extension 'dsv' for command environment
[0.214s] INFO:colcon.colcon_ros.task.ament_cmake.build:Building ROS package in '/home/alonso/Development/School/ros_dev/src/ros2_fundamentals_examples' with build type 'ament_cmake'
[0.215s] INFO:colcon.colcon_cmake.task.cmake.build:Building CMake package in '/home/alonso/Development/School/ros_dev/src/ros2_fundamentals_examples'
[0.215s] INFO:colcon.colcon_core.shell:Skip shell extension 'powershell' for command environment: Not usable outside of PowerShell
[0.215s] DEBUG:colcon.colcon_core.shell:Skip shell extension 'dsv' for command environment
[0.318s] INFO:colcon.colcon_core.task.python.build:Building Python package in '/home/alonso/Development/School/ros_dev/src/autonomous_robot/autonomous_robot_bringup'
[0.318s] INFO:colcon.colcon_core.shell:Skip shell extension 'powershell' for command environment: Not usable outside of PowerShell
[0.318s] DEBUG:colcon.colcon_core.shell:Skip shell extension 'dsv' for command environment
[0.322s] DEBUG:colcon.colcon_core.event_handler.log_command:Invoking command in '/home/alonso/Development/School/ros_dev/build/autonomous_robot_description': CMAKE_PREFIX_PATH=${CMAKE_PREFIX_PATH}:/opt/ros/jazzy CONDA_PROMPT_MODIFIER=(base) DEBUGINFOD_URLS=https://debuginfod.ubuntu.com /usr/bin/cmake --build /home/alonso/Development/School/ros_dev/build/autonomous_robot_description -- -j16 -l16
[0.431s] INFO:colcon.colcon_core.task.python.build:Building Python package in '/home/alonso/Development/School/ros_dev/src/autonomous_robot/autonomous_robot_gazebo'
[0.431s] INFO:colcon.colcon_core.shell:Skip shell extension 'powershell' for command environment: Not usable outside of PowerShell
[0.431s] DEBUG:colcon.colcon_core.shell:Skip shell extension 'dsv' for command environment
[0.534s] INFO:colcon.colcon_core.task.python.build:Building Python package in '/home/alonso/Development/School/ros_dev/src/autonomous_robot/autonomous_robot_system_tests'
[0.534s] INFO:colcon.colcon_core.shell:Skip shell extension 'powershell' for command environment: Not usable outside of PowerShell
[0.534s] DEBUG:colcon.colcon_core.shell:Skip shell extension 'dsv' for command environment
[0.539s] DEBUG:colcon.colcon_core.event_handler.log_command:Invoked command in '/home/alonso/Development/School/ros_dev/build/autonomous_robot_description' returned '0': CMAKE_PREFIX_PATH=${CMAKE_PREFIX_PATH}:/opt/ros/jazzy CONDA_PROMPT_MODIFIER=(base) DEBUGINFOD_URLS=https://debuginfod.ubuntu.com /usr/bin/cmake --build /home/alonso/Development/School/ros_dev/build/autonomous_robot_description -- -j16 -l16
[0.548s] DEBUG:colcon.colcon_core.event_handler.log_command:Invoking command in '/home/alonso/Development/School/ros_dev/build/autonomous_robot_description': CMAKE_PREFIX_PATH=${CMAKE_PREFIX_PATH}:/opt/ros/jazzy CONDA_PROMPT_MODIFIER=(base) DEBUGINFOD_URLS=https://debuginfod.ubuntu.com /usr/bin/cmake --install /home/alonso/Development/School/ros_dev/build/autonomous_robot_description
[0.550s] DEBUG:colcon.colcon_core.event_handler.log_command:Invoking command in '/home/alonso/Development/School/ros_dev/build/ros2_fundamentals_examples': CMAKE_PREFIX_PATH=${CMAKE_PREFIX_PATH}:/opt/ros/jazzy CONDA_PROMPT_MODIFIER=(base) DEBUGINFOD_URLS=https://debuginfod.ubuntu.com /usr/bin/cmake --build /home/alonso/Development/School/ros_dev/build/ros2_fundamentals_examples -- -j16 -l16
[0.561s] Level 1:colcon.colcon_core.environment:create_environment_scripts_only(autonomous_robot_description)
[0.562s] DEBUG:colcon.colcon_core.event_handler.log_command:Invoked command in '/home/alonso/Development/School/ros_dev/build/autonomous_robot_description' returned '0': CMAKE_PREFIX_PATH=${CMAKE_PREFIX_PATH}:/opt/ros/jazzy CONDA_PROMPT_MODIFIER=(base) DEBUGINFOD_URLS=https://debuginfod.ubuntu.com /usr/bin/cmake --install /home/alonso/Development/School/ros_dev/build/autonomous_robot_description
[0.565s] Level 1:colcon.colcon_core.environment:checking '/home/alonso/Development/School/ros_dev/install/autonomous_robot_description' for CMake module files
[0.566s] Level 1:colcon.colcon_core.environment:checking '/home/alonso/Development/School/ros_dev/install/autonomous_robot_description' for CMake config files
[0.567s] Level 1:colcon.colcon_core.shell:create_environment_hook('autonomous_robot_description', 'cmake_prefix_path')
[0.567s] INFO:colcon.colcon_core.shell:Creating environment hook '/home/alonso/Development/School/ros_dev/install/autonomous_robot_description/share/autonomous_robot_description/hook/cmake_prefix_path.ps1'
[0.567s] INFO:colcon.colcon_core.shell:Creating environment descriptor '/home/alonso/Development/School/ros_dev/install/autonomous_robot_description/share/autonomous_robot_description/hook/cmake_prefix_path.dsv'
[0.568s] INFO:colcon.colcon_core.shell:Creating environment hook '/home/alonso/Development/School/ros_dev/install/autonomous_robot_description/share/autonomous_robot_description/hook/cmake_prefix_path.sh'
[0.569s] Level 1:colcon.colcon_core.environment:checking '/home/alonso/Development/School/ros_dev/install/autonomous_robot_description/bin'
[0.569s] Level 1:colcon.colcon_core.environment:checking '/home/alonso/Development/School/ros_dev/install/autonomous_robot_description/lib/pkgconfig/autonomous_robot_description.pc'
[0.569s] Level 1:colcon.colcon_core.environment:checking '/home/alonso/Development/School/ros_dev/install/autonomous_robot_description/lib/python3.12/site-packages'
[0.569s] Level 1:colcon.colcon_core.environment:checking '/home/alonso/Development/School/ros_dev/install/autonomous_robot_description/bin'
[0.570s] INFO:colcon.colcon_core.shell:Creating package script '/home/alonso/Development/School/ros_dev/install/autonomous_robot_description/share/autonomous_robot_description/package.ps1'
[0.570s] INFO:colcon.colcon_core.shell:Creating package descriptor '/home/alonso/Development/School/ros_dev/install/autonomous_robot_description/share/autonomous_robot_description/package.dsv'
[0.571s] INFO:colcon.colcon_core.shell:Creating package script '/home/alonso/Development/School/ros_dev/install/autonomous_robot_description/share/autonomous_robot_description/package.sh'
[0.572s] INFO:colcon.colcon_core.shell:Creating package script '/home/alonso/Development/School/ros_dev/install/autonomous_robot_description/share/autonomous_robot_description/package.bash'
[0.573s] INFO:colcon.colcon_core.shell:Creating package script '/home/alonso/Development/School/ros_dev/install/autonomous_robot_description/share/autonomous_robot_description/package.zsh'
[0.573s] Level 1:colcon.colcon_core.environment:create_file_with_runtime_dependencies(/home/alonso/Development/School/ros_dev/install/autonomous_robot_description/share/colcon-core/packages/autonomous_robot_description)
[0.574s] Level 1:colcon.colcon_core.environment:create_environment_scripts_only(autonomous_robot_description)
[0.574s] Level 1:colcon.colcon_core.environment:checking '/home/alonso/Development/School/ros_dev/install/autonomous_robot_description' for CMake module files
[0.575s] Level 1:colcon.colcon_core.environment:checking '/home/alonso/Development/School/ros_dev/install/autonomous_robot_description' for CMake config files
[0.575s] Level 1:colcon.colcon_core.shell:create_environment_hook('autonomous_robot_description', 'cmake_prefix_path')
[0.575s] INFO:colcon.colcon_core.shell:Creating environment hook '/home/alonso/Development/School/ros_dev/install/autonomous_robot_description/share/autonomous_robot_description/hook/cmake_prefix_path.ps1'
[0.576s] INFO:colcon.colcon_core.shell:Creating environment descriptor '/home/alonso/Development/School/ros_dev/install/autonomous_robot_description/share/autonomous_robot_description/hook/cmake_prefix_path.dsv'
[0.576s] INFO:colcon.colcon_core.shell:Creating environment hook '/home/alonso/Development/School/ros_dev/install/autonomous_robot_description/share/autonomous_robot_description/hook/cmake_prefix_path.sh'
[0.577s] Level 1:colcon.colcon_core.environment:checking '/home/alonso/Development/School/ros_dev/install/autonomous_robot_description/bin'
[0.577s] Level 1:colcon.colcon_core.environment:checking '/home/alonso/Development/School/ros_dev/install/autonomous_robot_description/lib/pkgconfig/autonomous_robot_description.pc'
[0.577s] Level 1:colcon.colcon_core.environment:checking '/home/alonso/Development/School/ros_dev/install/autonomous_robot_description/lib/python3.12/site-packages'
[0.577s] Level 1:colcon.colcon_core.environment:checking '/home/alonso/Development/School/ros_dev/install/autonomous_robot_description/bin'
[0.578s] INFO:colcon.colcon_core.shell:Creating package script '/home/alonso/Development/School/ros_dev/install/autonomous_robot_description/share/autonomous_robot_description/package.ps1'
[0.578s] INFO:colcon.colcon_core.shell:Creating package descriptor '/home/alonso/Development/School/ros_dev/install/autonomous_robot_description/share/autonomous_robot_description/package.dsv'
[0.579s] INFO:colcon.colcon_core.shell:Creating package script '/home/alonso/Development/School/ros_dev/install/autonomous_robot_description/share/autonomous_robot_description/package.sh'
[0.579s] INFO:colcon.colcon_core.shell:Creating package script '/home/alonso/Development/School/ros_dev/install/autonomous_robot_description/share/autonomous_robot_description/package.bash'
[0.580s] INFO:colcon.colcon_core.shell:Creating package script '/home/alonso/Development/School/ros_dev/install/autonomous_robot_description/share/autonomous_robot_description/package.zsh'
[0.580s] Level 1:colcon.colcon_core.environment:create_file_with_runtime_dependencies(/home/alonso/Development/School/ros_dev/install/autonomous_robot_description/share/colcon-core/packages/autonomous_robot_description)
[0.815s] DEBUG:colcon.colcon_core.event_handler.log_command:Invoking command in '/home/alonso/Development/School/ros_dev/src/autonomous_robot/autonomous_robot_bringup': CONDA_PROMPT_MODIFIER=(base) DEBUGINFOD_URLS=https://debuginfod.ubuntu.com PYTHONPATH=/home/alonso/Development/School/ros_dev/build/autonomous_robot_bringup/prefix_override:/home/alonso/.local/share/mise/installs/python/3.12.11/lib/python3.12/site-packages/colcon_core/task/python/colcon_distutils_commands:/home/alonso/Development/School/ros_dev/install/autonomous_robot_bringup/lib/python3.12/site-packages:${PYTHONPATH} /home/alonso/.local/share/mise/installs/python/3.12.11/bin/python3.12 -W ignore:setup.py install is deprecated -W ignore:easy_install command is deprecated setup.py egg_info --egg-base ../../../build/autonomous_robot_bringup build --build-base /home/alonso/Development/School/ros_dev/build/autonomous_robot_bringup/build install --record /home/alonso/Development/School/ros_dev/build/autonomous_robot_bringup/install.log --single-version-externally-managed install_data
[0.816s] DEBUG:colcon.colcon_core.event_handler.log_command:Invoking command in '/home/alonso/Development/School/ros_dev/src/autonomous_robot/autonomous_robot_gazebo': CONDA_PROMPT_MODIFIER=(base) DEBUGINFOD_URLS=https://debuginfod.ubuntu.com PYTHONPATH=/home/alonso/Development/School/ros_dev/build/autonomous_robot_gazebo/prefix_override:/home/alonso/.local/share/mise/installs/python/3.12.11/lib/python3.12/site-packages/colcon_core/task/python/colcon_distutils_commands:/home/alonso/Development/School/ros_dev/install/autonomous_robot_gazebo/lib/python3.12/site-packages:${PYTHONPATH} /home/alonso/.local/share/mise/installs/python/3.12.11/bin/python3.12 -W ignore:setup.py install is deprecated -W ignore:easy_install command is deprecated setup.py egg_info --egg-base ../../../build/autonomous_robot_gazebo build --build-base /home/alonso/Development/School/ros_dev/build/autonomous_robot_gazebo/build install --record /home/alonso/Development/School/ros_dev/build/autonomous_robot_gazebo/install.log --single-version-externally-managed install_data
[0.819s] DEBUG:colcon.colcon_core.event_handler.log_command:Invoking command in '/home/alonso/Development/School/ros_dev/src/autonomous_robot/autonomous_robot_system_tests': CONDA_PROMPT_MODIFIER=(base) DEBUGINFOD_URLS=https://debuginfod.ubuntu.com PYTHONPATH=/home/alonso/Development/School/ros_dev/build/autonomous_robot_system_tests/prefix_override:/home/alonso/.local/share/mise/installs/python/3.12.11/lib/python3.12/site-packages/colcon_core/task/python/colcon_distutils_commands:/home/alonso/Development/School/ros_dev/install/autonomous_robot_system_tests/lib/python3.12/site-packages:${PYTHONPATH} /home/alonso/.local/share/mise/installs/python/3.12.11/bin/python3.12 -W ignore:setup.py install is deprecated -W ignore:easy_install command is deprecated setup.py egg_info --egg-base ../../../build/autonomous_robot_system_tests build --build-base /home/alonso/Development/School/ros_dev/build/autonomous_robot_system_tests/build install --record /home/alonso/Development/School/ros_dev/build/autonomous_robot_system_tests/install.log --single-version-externally-managed install_data
[0.836s] DEBUG:colcon.colcon_core.event_handler.log_command:Invoked command in '/home/alonso/Development/School/ros_dev/build/ros2_fundamentals_examples' returned '0': CMAKE_PREFIX_PATH=${CMAKE_PREFIX_PATH}:/opt/ros/jazzy CONDA_PROMPT_MODIFIER=(base) DEBUGINFOD_URLS=https://debuginfod.ubuntu.com /usr/bin/cmake --build /home/alonso/Development/School/ros_dev/build/ros2_fundamentals_examples -- -j16 -l16
[0.837s] DEBUG:colcon.colcon_core.event_handler.log_command:Invoking command in '/home/alonso/Development/School/ros_dev/build/ros2_fundamentals_examples': CMAKE_PREFIX_PATH=${CMAKE_PREFIX_PATH}:/opt/ros/jazzy CONDA_PROMPT_MODIFIER=(base) DEBUGINFOD_URLS=https://debuginfod.ubuntu.com /usr/bin/cmake --install /home/alonso/Development/School/ros_dev/build/ros2_fundamentals_examples
[0.879s] Level 1:colcon.colcon_core.environment:create_environment_scripts_only(ros2_fundamentals_examples)
[0.880s] Level 1:colcon.colcon_core.environment:checking '/home/alonso/Development/School/ros_dev/install/ros2_fundamentals_examples' for CMake module files
[0.880s] DEBUG:colcon.colcon_core.event_handler.log_command:Invoked command in '/home/alonso/Development/School/ros_dev/build/ros2_fundamentals_examples' returned '0': CMAKE_PREFIX_PATH=${CMAKE_PREFIX_PATH}:/opt/ros/jazzy CONDA_PROMPT_MODIFIER=(base) DEBUGINFOD_URLS=https://debuginfod.ubuntu.com /usr/bin/cmake --install /home/alonso/Development/School/ros_dev/build/ros2_fundamentals_examples
[0.881s] Level 1:colcon.colcon_core.environment:checking '/home/alonso/Development/School/ros_dev/install/ros2_fundamentals_examples' for CMake config files
[0.881s] Level 1:colcon.colcon_core.shell:create_environment_hook('ros2_fundamentals_examples', 'cmake_prefix_path')
[0.881s] INFO:colcon.colcon_core.shell:Creating environment hook '/home/alonso/Development/School/ros_dev/install/ros2_fundamentals_examples/share/ros2_fundamentals_examples/hook/cmake_prefix_path.ps1'
[0.881s] INFO:colcon.colcon_core.shell:Creating environment descriptor '/home/alonso/Development/School/ros_dev/install/ros2_fundamentals_examples/share/ros2_fundamentals_examples/hook/cmake_prefix_path.dsv'
[0.882s] INFO:colcon.colcon_core.shell:Creating environment hook '/home/alonso/Development/School/ros_dev/install/ros2_fundamentals_examples/share/ros2_fundamentals_examples/hook/cmake_prefix_path.sh'
[0.882s] Level 1:colcon.colcon_core.environment:checking '/home/alonso/Development/School/ros_dev/install/ros2_fundamentals_examples/lib'
[0.882s] Level 1:colcon.colcon_core.environment:checking '/home/alonso/Development/School/ros_dev/install/ros2_fundamentals_examples/bin'
[0.882s] Level 1:colcon.colcon_core.environment:checking '/home/alonso/Development/School/ros_dev/install/ros2_fundamentals_examples/lib/pkgconfig/ros2_fundamentals_examples.pc'
[0.882s] Level 1:colcon.colcon_core.environment:checking '/home/alonso/Development/School/ros_dev/install/ros2_fundamentals_examples/lib/python3.12/site-packages'
[0.882s] Level 1:colcon.colcon_core.environment:checking '/home/alonso/Development/School/ros_dev/install/ros2_fundamentals_examples/bin'
[0.883s] INFO:colcon.colcon_core.shell:Creating package script '/home/alonso/Development/School/ros_dev/install/ros2_fundamentals_examples/share/ros2_fundamentals_examples/package.ps1'
[0.883s] INFO:colcon.colcon_core.shell:Creating package descriptor '/home/alonso/Development/School/ros_dev/install/ros2_fundamentals_examples/share/ros2_fundamentals_examples/package.dsv'
[0.883s] INFO:colcon.colcon_core.shell:Creating package script '/home/alonso/Development/School/ros_dev/install/ros2_fundamentals_examples/share/ros2_fundamentals_examples/package.sh'
[0.884s] INFO:colcon.colcon_core.shell:Creating package script '/home/alonso/Development/School/ros_dev/install/ros2_fundamentals_examples/share/ros2_fundamentals_examples/package.bash'
[0.884s] INFO:colcon.colcon_core.shell:Creating package script '/home/alonso/Development/School/ros_dev/install/ros2_fundamentals_examples/share/ros2_fundamentals_examples/package.zsh'
[0.884s] Level 1:colcon.colcon_core.environment:create_file_with_runtime_dependencies(/home/alonso/Development/School/ros_dev/install/ros2_fundamentals_examples/share/colcon-core/packages/ros2_fundamentals_examples)
[0.884s] Level 1:colcon.colcon_core.environment:create_environment_scripts_only(ros2_fundamentals_examples)
[0.885s] Level 1:colcon.colcon_core.environment:checking '/home/alonso/Development/School/ros_dev/install/ros2_fundamentals_examples' for CMake module files
[0.885s] Level 1:colcon.colcon_core.environment:checking '/home/alonso/Development/School/ros_dev/install/ros2_fundamentals_examples' for CMake config files
[0.885s] Level 1:colcon.colcon_core.shell:create_environment_hook('ros2_fundamentals_examples', 'cmake_prefix_path')
[0.885s] INFO:colcon.colcon_core.shell:Creating environment hook '/home/alonso/Development/School/ros_dev/install/ros2_fundamentals_examples/share/ros2_fundamentals_examples/hook/cmake_prefix_path.ps1'
[0.885s] INFO:colcon.colcon_core.shell:Creating environment descriptor '/home/alonso/Development/School/ros_dev/install/ros2_fundamentals_examples/share/ros2_fundamentals_examples/hook/cmake_prefix_path.dsv'
[0.886s] INFO:colcon.colcon_core.shell:Creating environment hook '/home/alonso/Development/School/ros_dev/install/ros2_fundamentals_examples/share/ros2_fundamentals_examples/hook/cmake_prefix_path.sh'
[0.886s] Level 1:colcon.colcon_core.environment:checking '/home/alonso/Development/School/ros_dev/install/ros2_fundamentals_examples/lib'
[0.886s] Level 1:colcon.colcon_core.environment:checking '/home/alonso/Development/School/ros_dev/install/ros2_fundamentals_examples/bin'
[0.886s] Level 1:colcon.colcon_core.environment:checking '/home/alonso/Development/School/ros_dev/install/ros2_fundamentals_examples/lib/pkgconfig/ros2_fundamentals_examples.pc'
[0.886s] Level 1:colcon.colcon_core.environment:checking '/home/alonso/Development/School/ros_dev/install/ros2_fundamentals_examples/lib/python3.12/site-packages'
[0.886s] Level 1:colcon.colcon_core.environment:checking '/home/alonso/Development/School/ros_dev/install/ros2_fundamentals_examples/bin'
[0.886s] INFO:colcon.colcon_core.shell:Creating package script '/home/alonso/Development/School/ros_dev/install/ros2_fundamentals_examples/share/ros2_fundamentals_examples/package.ps1'
[0.887s] INFO:colcon.colcon_core.shell:Creating package descriptor '/home/alonso/Development/School/ros_dev/install/ros2_fundamentals_examples/share/ros2_fundamentals_examples/package.dsv'
[0.887s] INFO:colcon.colcon_core.shell:Creating package script '/home/alonso/Development/School/ros_dev/install/ros2_fundamentals_examples/share/ros2_fundamentals_examples/package.sh'
[0.888s] INFO:colcon.colcon_core.shell:Creating package script '/home/alonso/Development/School/ros_dev/install/ros2_fundamentals_examples/share/ros2_fundamentals_examples/package.bash'
[0.888s] INFO:colcon.colcon_core.shell:Creating package script '/home/alonso/Development/School/ros_dev/install/ros2_fundamentals_examples/share/ros2_fundamentals_examples/package.zsh'
[0.888s] Level 1:colcon.colcon_core.environment:create_file_with_runtime_dependencies(/home/alonso/Development/School/ros_dev/install/ros2_fundamentals_examples/share/colcon-core/packages/ros2_fundamentals_examples)
[1.028s] Level 1:colcon.colcon_core.environment:checking '/home/alonso/Development/School/ros_dev/install/autonomous_robot_system_tests' for CMake module files
[1.029s] DEBUG:colcon.colcon_core.event_handler.log_command:Invoked command in '/home/alonso/Development/School/ros_dev/src/autonomous_robot/autonomous_robot_system_tests' returned '0': CONDA_PROMPT_MODIFIER=(base) DEBUGINFOD_URLS=https://debuginfod.ubuntu.com PYTHONPATH=/home/alonso/Development/School/ros_dev/build/autonomous_robot_system_tests/prefix_override:/home/alonso/.local/share/mise/installs/python/3.12.11/lib/python3.12/site-packages/colcon_core/task/python/colcon_distutils_commands:/home/alonso/Development/School/ros_dev/install/autonomous_robot_system_tests/lib/python3.12/site-packages:${PYTHONPATH} /home/alonso/.local/share/mise/installs/python/3.12.11/bin/python3.12 -W ignore:setup.py install is deprecated -W ignore:easy_install command is deprecated setup.py egg_info --egg-base ../../../build/autonomous_robot_system_tests build --build-base /home/alonso/Development/School/ros_dev/build/autonomous_robot_system_tests/build install --record /home/alonso/Development/School/ros_dev/build/autonomous_robot_system_tests/install.log --single-version-externally-managed install_data
[1.029s] Level 1:colcon.colcon_core.environment:checking '/home/alonso/Development/School/ros_dev/install/autonomous_robot_system_tests' for CMake config files
[1.030s] Level 1:colcon.colcon_core.environment:checking '/home/alonso/Development/School/ros_dev/install/autonomous_robot_system_tests/lib'
[1.030s] Level 1:colcon.colcon_core.environment:checking '/home/alonso/Development/School/ros_dev/install/autonomous_robot_system_tests/bin'
[1.030s] Level 1:colcon.colcon_core.environment:checking '/home/alonso/Development/School/ros_dev/install/autonomous_robot_system_tests/lib/pkgconfig/autonomous_robot_system_tests.pc'
[1.030s] Level 1:colcon.colcon_core.environment:checking '/home/alonso/Development/School/ros_dev/install/autonomous_robot_system_tests/lib/python3.12/site-packages'
[1.030s] Level 1:colcon.colcon_core.shell:create_environment_hook('autonomous_robot_system_tests', 'pythonpath')
[1.030s] INFO:colcon.colcon_core.shell:Creating environment hook '/home/alonso/Development/School/ros_dev/install/autonomous_robot_system_tests/share/autonomous_robot_system_tests/hook/pythonpath.ps1'
[1.031s] INFO:colcon.colcon_core.shell:Creating environment descriptor '/home/alonso/Development/School/ros_dev/install/autonomous_robot_system_tests/share/autonomous_robot_system_tests/hook/pythonpath.dsv'
[1.031s] INFO:colcon.colcon_core.shell:Creating environment hook '/home/alonso/Development/School/ros_dev/install/autonomous_robot_system_tests/share/autonomous_robot_system_tests/hook/pythonpath.sh'
[1.032s] Level 1:colcon.colcon_core.environment:checking '/home/alonso/Development/School/ros_dev/install/autonomous_robot_system_tests/bin'
[1.032s] Level 1:colcon.colcon_core.environment:create_environment_scripts_only(autonomous_robot_system_tests)
[1.032s] INFO:colcon.colcon_core.shell:Creating package script '/home/alonso/Development/School/ros_dev/install/autonomous_robot_system_tests/share/autonomous_robot_system_tests/package.ps1'
[1.032s] INFO:colcon.colcon_core.shell:Creating package descriptor '/home/alonso/Development/School/ros_dev/install/autonomous_robot_system_tests/share/autonomous_robot_system_tests/package.dsv'
[1.033s] INFO:colcon.colcon_core.shell:Creating package script '/home/alonso/Development/School/ros_dev/install/autonomous_robot_system_tests/share/autonomous_robot_system_tests/package.sh'
[1.033s] INFO:colcon.colcon_core.shell:Creating package script '/home/alonso/Development/School/ros_dev/install/autonomous_robot_system_tests/share/autonomous_robot_system_tests/package.bash'
[1.033s] INFO:colcon.colcon_core.shell:Creating package script '/home/alonso/Development/School/ros_dev/install/autonomous_robot_system_tests/share/autonomous_robot_system_tests/package.zsh'
[1.033s] Level 1:colcon.colcon_core.environment:create_file_with_runtime_dependencies(/home/alonso/Development/School/ros_dev/install/autonomous_robot_system_tests/share/colcon-core/packages/autonomous_robot_system_tests)
[1.034s] Level 1:colcon.colcon_core.environment:checking '/home/alonso/Development/School/ros_dev/install/autonomous_robot_gazebo' for CMake module files
[1.034s] DEBUG:colcon.colcon_core.event_handler.log_command:Invoked command in '/home/alonso/Development/School/ros_dev/src/autonomous_robot/autonomous_robot_gazebo' returned '0': CONDA_PROMPT_MODIFIER=(base) DEBUGINFOD_URLS=https://debuginfod.ubuntu.com PYTHONPATH=/home/alonso/Development/School/ros_dev/build/autonomous_robot_gazebo/prefix_override:/home/alonso/.local/share/mise/installs/python/3.12.11/lib/python3.12/site-packages/colcon_core/task/python/colcon_distutils_commands:/home/alonso/Development/School/ros_dev/install/autonomous_robot_gazebo/lib/python3.12/site-packages:${PYTHONPATH} /home/alonso/.local/share/mise/installs/python/3.12.11/bin/python3.12 -W ignore:setup.py install is deprecated -W ignore:easy_install command is deprecated setup.py egg_info --egg-base ../../../build/autonomous_robot_gazebo build --build-base /home/alonso/Development/School/ros_dev/build/autonomous_robot_gazebo/build install --record /home/alonso/Development/School/ros_dev/build/autonomous_robot_gazebo/install.log --single-version-externally-managed install_data
[1.035s] Level 1:colcon.colcon_core.environment:checking '/home/alonso/Development/School/ros_dev/install/autonomous_robot_gazebo' for CMake config files
[1.035s] Level 1:colcon.colcon_core.environment:checking '/home/alonso/Development/School/ros_dev/install/autonomous_robot_gazebo/lib'
[1.035s] Level 1:colcon.colcon_core.environment:checking '/home/alonso/Development/School/ros_dev/install/autonomous_robot_gazebo/bin'
[1.035s] Level 1:colcon.colcon_core.environment:checking '/home/alonso/Development/School/ros_dev/install/autonomous_robot_gazebo/lib/pkgconfig/autonomous_robot_gazebo.pc'
[1.035s] Level 1:colcon.colcon_core.environment:checking '/home/alonso/Development/School/ros_dev/install/autonomous_robot_gazebo/lib/python3.12/site-packages'
[1.036s] Level 1:colcon.colcon_core.shell:create_environment_hook('autonomous_robot_gazebo', 'pythonpath')
[1.036s] INFO:colcon.colcon_core.shell:Creating environment hook '/home/alonso/Development/School/ros_dev/install/autonomous_robot_gazebo/share/autonomous_robot_gazebo/hook/pythonpath.ps1'
[1.036s] INFO:colcon.colcon_core.shell:Creating environment descriptor '/home/alonso/Development/School/ros_dev/install/autonomous_robot_gazebo/share/autonomous_robot_gazebo/hook/pythonpath.dsv'
[1.037s] INFO:colcon.colcon_core.shell:Creating environment hook '/home/alonso/Development/School/ros_dev/install/autonomous_robot_gazebo/share/autonomous_robot_gazebo/hook/pythonpath.sh'
[1.037s] Level 1:colcon.colcon_core.environment:checking '/home/alonso/Development/School/ros_dev/install/autonomous_robot_gazebo/bin'
[1.037s] Level 1:colcon.colcon_core.environment:create_environment_scripts_only(autonomous_robot_gazebo)
[1.038s] INFO:colcon.colcon_core.shell:Creating package script '/home/alonso/Development/School/ros_dev/install/autonomous_robot_gazebo/share/autonomous_robot_gazebo/package.ps1'
[1.038s] INFO:colcon.colcon_core.shell:Creating package descriptor '/home/alonso/Development/School/ros_dev/install/autonomous_robot_gazebo/share/autonomous_robot_gazebo/package.dsv'
[1.039s] INFO:colcon.colcon_core.shell:Creating package script '/home/alonso/Development/School/ros_dev/install/autonomous_robot_gazebo/share/autonomous_robot_gazebo/package.sh'
[1.039s] INFO:colcon.colcon_core.shell:Creating package script '/home/alonso/Development/School/ros_dev/install/autonomous_robot_gazebo/share/autonomous_robot_gazebo/package.bash'
[1.040s] INFO:colcon.colcon_core.shell:Creating package script '/home/alonso/Development/School/ros_dev/install/autonomous_robot_gazebo/share/autonomous_robot_gazebo/package.zsh'
[1.040s] Level 1:colcon.colcon_core.environment:create_file_with_runtime_dependencies(/home/alonso/Development/School/ros_dev/install/autonomous_robot_gazebo/share/colcon-core/packages/autonomous_robot_gazebo)
[1.041s] Level 1:colcon.colcon_core.environment:checking '/home/alonso/Development/School/ros_dev/install/autonomous_robot_bringup' for CMake module files
[1.041s] DEBUG:colcon.colcon_core.event_handler.log_command:Invoked command in '/home/alonso/Development/School/ros_dev/src/autonomous_robot/autonomous_robot_bringup' returned '0': CONDA_PROMPT_MODIFIER=(base) DEBUGINFOD_URLS=https://debuginfod.ubuntu.com PYTHONPATH=/home/alonso/Development/School/ros_dev/build/autonomous_robot_bringup/prefix_override:/home/alonso/.local/share/mise/installs/python/3.12.11/lib/python3.12/site-packages/colcon_core/task/python/colcon_distutils_commands:/home/alonso/Development/School/ros_dev/install/autonomous_robot_bringup/lib/python3.12/site-packages:${PYTHONPATH} /home/alonso/.local/share/mise/installs/python/3.12.11/bin/python3.12 -W ignore:setup.py install is deprecated -W ignore:easy_install command is deprecated setup.py egg_info --egg-base ../../../build/autonomous_robot_bringup build --build-base /home/alonso/Development/School/ros_dev/build/autonomous_robot_bringup/build install --record /home/alonso/Development/School/ros_dev/build/autonomous_robot_bringup/install.log --single-version-externally-managed install_data
[1.041s] Level 1:colcon.colcon_core.environment:checking '/home/alonso/Development/School/ros_dev/install/autonomous_robot_bringup' for CMake config files
[1.042s] Level 1:colcon.colcon_core.environment:checking '/home/alonso/Development/School/ros_dev/install/autonomous_robot_bringup/lib'
[1.042s] Level 1:colcon.colcon_core.environment:checking '/home/alonso/Development/School/ros_dev/install/autonomous_robot_bringup/bin'
[1.042s] Level 1:colcon.colcon_core.environment:checking '/home/alonso/Development/School/ros_dev/install/autonomous_robot_bringup/lib/pkgconfig/autonomous_robot_bringup.pc'
[1.042s] Level 1:colcon.colcon_core.environment:checking '/home/alonso/Development/School/ros_dev/install/autonomous_robot_bringup/lib/python3.12/site-packages'
[1.042s] Level 1:colcon.colcon_core.shell:create_environment_hook('autonomous_robot_bringup', 'pythonpath')
[1.043s] INFO:colcon.colcon_core.shell:Creating environment hook '/home/alonso/Development/School/ros_dev/install/autonomous_robot_bringup/share/autonomous_robot_bringup/hook/pythonpath.ps1'
[1.043s] INFO:colcon.colcon_core.shell:Creating environment descriptor '/home/alonso/Development/School/ros_dev/install/autonomous_robot_bringup/share/autonomous_robot_bringup/hook/pythonpath.dsv'
[1.043s] INFO:colcon.colcon_core.shell:Creating environment hook '/home/alonso/Development/School/ros_dev/install/autonomous_robot_bringup/share/autonomous_robot_bringup/hook/pythonpath.sh'
[1.044s] Level 1:colcon.colcon_core.environment:checking '/home/alonso/Development/School/ros_dev/install/autonomous_robot_bringup/bin'
[1.044s] Level 1:colcon.colcon_core.environment:create_environment_scripts_only(autonomous_robot_bringup)
[1.044s] INFO:colcon.colcon_core.shell:Creating package script '/home/alonso/Development/School/ros_dev/install/autonomous_robot_bringup/share/autonomous_robot_bringup/package.ps1'
[1.045s] INFO:colcon.colcon_core.shell:Creating package descriptor '/home/alonso/Development/School/ros_dev/install/autonomous_robot_bringup/share/autonomous_robot_bringup/package.dsv'
[1.045s] INFO:colcon.colcon_core.shell:Creating package script '/home/alonso/Development/School/ros_dev/install/autonomous_robot_bringup/share/autonomous_robot_bringup/package.sh'
[1.045s] INFO:colcon.colcon_core.shell:Creating package script '/home/alonso/Development/School/ros_dev/install/autonomous_robot_bringup/share/autonomous_robot_bringup/package.bash'
[1.045s] INFO:colcon.colcon_core.shell:Creating package script '/home/alonso/Development/School/ros_dev/install/autonomous_robot_bringup/share/autonomous_robot_bringup/package.zsh'
[1.046s] Level 1:colcon.colcon_core.environment:create_file_with_runtime_dependencies(/home/alonso/Development/School/ros_dev/install/autonomous_robot_bringup/share/colcon-core/packages/autonomous_robot_bringup)
[1.046s] INFO:colcon.colcon_ros.task.ament_cmake.build:Building ROS package in '/home/alonso/Development/School/ros_dev/src/autonomous_robot/autonomous_robot' with build type 'ament_cmake'
[1.046s] INFO:colcon.colcon_cmake.task.cmake.build:Building CMake package in '/home/alonso/Development/School/ros_dev/src/autonomous_robot/autonomous_robot'
[1.046s] INFO:colcon.colcon_core.shell:Skip shell extension 'powershell' for command environment: Not usable outside of PowerShell
[1.046s] DEBUG:colcon.colcon_core.shell:Skip shell extension 'dsv' for command environment
[1.055s] DEBUG:colcon.colcon_core.event_handler.log_command:Invoking command in '/home/alonso/Development/School/ros_dev/build/autonomous_robot': AMENT_PREFIX_PATH=/home/alonso/Development/School/ros_dev/install/autonomous_robot_system_tests:/home/alonso/Development/School/ros_dev/install/autonomous_robot_gazebo:/home/alonso/Development/School/ros_dev/install/autonomous_robot_bringup:${AMENT_PREFIX_PATH} CMAKE_PREFIX_PATH=/home/alonso/Development/School/ros_dev/install/autonomous_robot_description:/home/alonso/Development/School/ros_dev/install/ros2_fundamentals_examples:/home/alonso/Development/School/ros_dev/install/autonomous_robot:/opt/ros/jazzy/opt/gz_sim_vendor:/opt/ros/jazzy/opt/gz_sensors_vendor:/opt/ros/jazzy/opt/gz_physics_vendor:/opt/ros/jazzy/opt/sdformat_vendor:/opt/ros/jazzy/opt/gz_gui_vendor:/opt/ros/jazzy/opt/gz_transport_vendor:/opt/ros/jazzy/opt/gz_rendering_vendor:/opt/ros/jazzy/opt/gz_plugin_vendor:/opt/ros/jazzy/opt/gz_fuel_tools_vendor:/opt/ros/jazzy/opt/gz_msgs_vendor:/opt/ros/jazzy/opt/gz_common_vendor:/opt/ros/jazzy/opt/gz_math_vendor:/opt/ros/jazzy/opt/gz_utils_vendor:/opt/ros/jazzy/opt/gz_tools_vendor:/opt/ros/jazzy/opt/gz_ogre_next_vendor:/opt/ros/jazzy/opt/gz_dartsim_vendor:/opt/ros/jazzy/opt/gz_cmake_vendor:/opt/ros/jazzy CONDA_PROMPT_MODIFIER=(base) DEBUGINFOD_URLS=https://debuginfod.ubuntu.com PYTHONPATH=/home/alonso/Development/School/ros_dev/install/autonomous_robot_system_tests/lib/python3.12/site-packages:/home/alonso/Development/School/ros_dev/install/autonomous_robot_gazebo/lib/python3.12/site-packages:/home/alonso/Development/School/ros_dev/install/autonomous_robot_bringup/lib/python3.12/site-packages:${PYTHONPATH} /usr/bin/cmake --build /home/alonso/Development/School/ros_dev/build/autonomous_robot -- -j16 -l16
[1.394s] DEBUG:colcon.colcon_core.event_handler.log_command:Invoked command in '/home/alonso/Development/School/ros_dev/build/autonomous_robot' returned '0': AMENT_PREFIX_PATH=/home/alonso/Development/School/ros_dev/install/autonomous_robot_system_tests:/home/alonso/Development/School/ros_dev/install/autonomous_robot_gazebo:/home/alonso/Development/School/ros_dev/install/autonomous_robot_bringup:${AMENT_PREFIX_PATH} CMAKE_PREFIX_PATH=/home/alonso/Development/School/ros_dev/install/autonomous_robot_description:/home/alonso/Development/School/ros_dev/install/ros2_fundamentals_examples:/home/alonso/Development/School/ros_dev/install/autonomous_robot:/opt/ros/jazzy/opt/gz_sim_vendor:/opt/ros/jazzy/opt/gz_sensors_vendor:/opt/ros/jazzy/opt/gz_physics_vendor:/opt/ros/jazzy/opt/sdformat_vendor:/opt/ros/jazzy/opt/gz_gui_vendor:/opt/ros/jazzy/opt/gz_transport_vendor:/opt/ros/jazzy/opt/gz_rendering_vendor:/opt/ros/jazzy/opt/gz_plugin_vendor:/opt/ros/jazzy/opt/gz_fuel_tools_vendor:/opt/ros/jazzy/opt/gz_msgs_vendor:/opt/ros/jazzy/opt/gz_common_vendor:/opt/ros/jazzy/opt/gz_math_vendor:/opt/ros/jazzy/opt/gz_utils_vendor:/opt/ros/jazzy/opt/gz_tools_vendor:/opt/ros/jazzy/opt/gz_ogre_next_vendor:/opt/ros/jazzy/opt/gz_dartsim_vendor:/opt/ros/jazzy/opt/gz_cmake_vendor:/opt/ros/jazzy CONDA_PROMPT_MODIFIER=(base) DEBUGINFOD_URLS=https://debuginfod.ubuntu.com PYTHONPATH=/home/alonso/Development/School/ros_dev/install/autonomous_robot_system_tests/lib/python3.12/site-packages:/home/alonso/Development/School/ros_dev/install/autonomous_robot_gazebo/lib/python3.12/site-packages:/home/alonso/Development/School/ros_dev/install/autonomous_robot_bringup/lib/python3.12/site-packages:${PYTHONPATH} /usr/bin/cmake --build /home/alonso/Development/School/ros_dev/build/autonomous_robot -- -j16 -l16
[1.395s] DEBUG:colcon.colcon_core.event_handler.log_command:Invoking command in '/home/alonso/Development/School/ros_dev/build/autonomous_robot': AMENT_PREFIX_PATH=/home/alonso/Development/School/ros_dev/install/autonomous_robot_system_tests:/home/alonso/Development/School/ros_dev/install/autonomous_robot_gazebo:/home/alonso/Development/School/ros_dev/install/autonomous_robot_bringup:${AMENT_PREFIX_PATH} CMAKE_PREFIX_PATH=/home/alonso/Development/School/ros_dev/install/autonomous_robot_description:/home/alonso/Development/School/ros_dev/install/ros2_fundamentals_examples:/home/alonso/Development/School/ros_dev/install/autonomous_robot:/opt/ros/jazzy/opt/gz_sim_vendor:/opt/ros/jazzy/opt/gz_sensors_vendor:/opt/ros/jazzy/opt/gz_physics_vendor:/opt/ros/jazzy/opt/sdformat_vendor:/opt/ros/jazzy/opt/gz_gui_vendor:/opt/ros/jazzy/opt/gz_transport_vendor:/opt/ros/jazzy/opt/gz_rendering_vendor:/opt/ros/jazzy/opt/gz_plugin_vendor:/opt/ros/jazzy/opt/gz_fuel_tools_vendor:/opt/ros/jazzy/opt/gz_msgs_vendor:/opt/ros/jazzy/opt/gz_common_vendor:/opt/ros/jazzy/opt/gz_math_vendor:/opt/ros/jazzy/opt/gz_utils_vendor:/opt/ros/jazzy/opt/gz_tools_vendor:/opt/ros/jazzy/opt/gz_ogre_next_vendor:/opt/ros/jazzy/opt/gz_dartsim_vendor:/opt/ros/jazzy/opt/gz_cmake_vendor:/opt/ros/jazzy CONDA_PROMPT_MODIFIER=(base) DEBUGINFOD_URLS=https://debuginfod.ubuntu.com PYTHONPATH=/home/alonso/Development/School/ros_dev/install/autonomous_robot_system_tests/lib/python3.12/site-packages:/home/alonso/Development/School/ros_dev/install/autonomous_robot_gazebo/lib/python3.12/site-packages:/home/alonso/Development/School/ros_dev/install/autonomous_robot_bringup/lib/python3.12/site-packages:${PYTHONPATH} /usr/bin/cmake --install /home/alonso/Development/School/ros_dev/build/autonomous_robot
[1.405s] Level 1:colcon.colcon_core.environment:create_environment_scripts_only(autonomous_robot)
[1.405s] Level 1:colcon.colcon_core.environment:checking '/home/alonso/Development/School/ros_dev/install/autonomous_robot' for CMake module files
[1.405s] DEBUG:colcon.colcon_core.event_handler.log_command:Invoked command in '/home/alonso/Development/School/ros_dev/build/autonomous_robot' returned '0': AMENT_PREFIX_PATH=/home/alonso/Development/School/ros_dev/install/autonomous_robot_system_tests:/home/alonso/Development/School/ros_dev/install/autonomous_robot_gazebo:/home/alonso/Development/School/ros_dev/install/autonomous_robot_bringup:${AMENT_PREFIX_PATH} CMAKE_PREFIX_PATH=/home/alonso/Development/School/ros_dev/install/autonomous_robot_description:/home/alonso/Development/School/ros_dev/install/ros2_fundamentals_examples:/home/alonso/Development/School/ros_dev/install/autonomous_robot:/opt/ros/jazzy/opt/gz_sim_vendor:/opt/ros/jazzy/opt/gz_sensors_vendor:/opt/ros/jazzy/opt/gz_physics_vendor:/opt/ros/jazzy/opt/sdformat_vendor:/opt/ros/jazzy/opt/gz_gui_vendor:/opt/ros/jazzy/opt/gz_transport_vendor:/opt/ros/jazzy/opt/gz_rendering_vendor:/opt/ros/jazzy/opt/gz_plugin_vendor:/opt/ros/jazzy/opt/gz_fuel_tools_vendor:/opt/ros/jazzy/opt/gz_msgs_vendor:/opt/ros/jazzy/opt/gz_common_vendor:/opt/ros/jazzy/opt/gz_math_vendor:/opt/ros/jazzy/opt/gz_utils_vendor:/opt/ros/jazzy/opt/gz_tools_vendor:/opt/ros/jazzy/opt/gz_ogre_next_vendor:/opt/ros/jazzy/opt/gz_dartsim_vendor:/opt/ros/jazzy/opt/gz_cmake_vendor:/opt/ros/jazzy CONDA_PROMPT_MODIFIER=(base) DEBUGINFOD_URLS=https://debuginfod.ubuntu.com PYTHONPATH=/home/alonso/Development/School/ros_dev/install/autonomous_robot_system_tests/lib/python3.12/site-packages:/home/alonso/Development/School/ros_dev/install/autonomous_robot_gazebo/lib/python3.12/site-packages:/home/alonso/Development/School/ros_dev/install/autonomous_robot_bringup/lib/python3.12/site-packages:${PYTHONPATH} /usr/bin/cmake --install /home/alonso/Development/School/ros_dev/build/autonomous_robot
[1.406s] Level 1:colcon.colcon_core.environment:checking '/home/alonso/Development/School/ros_dev/install/autonomous_robot' for CMake config files
[1.406s] Level 1:colcon.colcon_core.shell:create_environment_hook('autonomous_robot', 'cmake_prefix_path')
[1.406s] INFO:colcon.colcon_core.shell:Creating environment hook '/home/alonso/Development/School/ros_dev/install/autonomous_robot/share/autonomous_robot/hook/cmake_prefix_path.ps1'
[1.407s] INFO:colcon.colcon_core.shell:Creating environment descriptor '/home/alonso/Development/School/ros_dev/install/autonomous_robot/share/autonomous_robot/hook/cmake_prefix_path.dsv'
[1.407s] INFO:colcon.colcon_core.shell:Creating environment hook '/home/alonso/Development/School/ros_dev/install/autonomous_robot/share/autonomous_robot/hook/cmake_prefix_path.sh'
[1.408s] Level 1:colcon.colcon_core.environment:checking '/home/alonso/Development/School/ros_dev/install/autonomous_robot/bin'
[1.408s] Level 1:colcon.colcon_core.environment:checking '/home/alonso/Development/School/ros_dev/install/autonomous_robot/lib/pkgconfig/autonomous_robot.pc'
[1.408s] Level 1:colcon.colcon_core.environment:checking '/home/alonso/Development/School/ros_dev/install/autonomous_robot/lib/python3.12/site-packages'
[1.408s] Level 1:colcon.colcon_core.environment:checking '/home/alonso/Development/School/ros_dev/install/autonomous_robot/bin'
[1.408s] INFO:colcon.colcon_core.shell:Creating package script '/home/alonso/Development/School/ros_dev/install/autonomous_robot/share/autonomous_robot/package.ps1'
[1.409s] INFO:colcon.colcon_core.shell:Creating package descriptor '/home/alonso/Development/School/ros_dev/install/autonomous_robot/share/autonomous_robot/package.dsv'
[1.409s] INFO:colcon.colcon_core.shell:Creating package script '/home/alonso/Development/School/ros_dev/install/autonomous_robot/share/autonomous_robot/package.sh'
[1.409s] INFO:colcon.colcon_core.shell:Creating package script '/home/alonso/Development/School/ros_dev/install/autonomous_robot/share/autonomous_robot/package.bash'
[1.410s] INFO:colcon.colcon_core.shell:Creating package script '/home/alonso/Development/School/ros_dev/install/autonomous_robot/share/autonomous_robot/package.zsh'
[1.410s] Level 1:colcon.colcon_core.environment:create_file_with_runtime_dependencies(/home/alonso/Development/School/ros_dev/install/autonomous_robot/share/colcon-core/packages/autonomous_robot)
[1.410s] Level 1:colcon.colcon_core.environment:create_environment_scripts_only(autonomous_robot)
[1.410s] Level 1:colcon.colcon_core.environment:checking '/home/alonso/Development/School/ros_dev/install/autonomous_robot' for CMake module files
[1.410s] Level 1:colcon.colcon_core.environment:checking '/home/alonso/Development/School/ros_dev/install/autonomous_robot' for CMake config files
[1.411s] Level 1:colcon.colcon_core.shell:create_environment_hook('autonomous_robot', 'cmake_prefix_path')
[1.411s] INFO:colcon.colcon_core.shell:Creating environment hook '/home/alonso/Development/School/ros_dev/install/autonomous_robot/share/autonomous_robot/hook/cmake_prefix_path.ps1'
[1.411s] INFO:colcon.colcon_core.shell:Creating environment descriptor '/home/alonso/Development/School/ros_dev/install/autonomous_robot/share/autonomous_robot/hook/cmake_prefix_path.dsv'
[1.411s] INFO:colcon.colcon_core.shell:Creating environment hook '/home/alonso/Development/School/ros_dev/install/autonomous_robot/share/autonomous_robot/hook/cmake_prefix_path.sh'
[1.411s] Level 1:colcon.colcon_core.environment:checking '/home/alonso/Development/School/ros_dev/install/autonomous_robot/bin'
[1.411s] Level 1:colcon.colcon_core.environment:checking '/home/alonso/Development/School/ros_dev/install/autonomous_robot/lib/pkgconfig/autonomous_robot.pc'
[1.412s] Level 1:colcon.colcon_core.environment:checking '/home/alonso/Development/School/ros_dev/install/autonomous_robot/lib/python3.12/site-packages'
[1.412s] Level 1:colcon.colcon_core.environment:checking '/home/alonso/Development/School/ros_dev/install/autonomous_robot/bin'
[1.412s] INFO:colcon.colcon_core.shell:Creating package script '/home/alonso/Development/School/ros_dev/install/autonomous_robot/share/autonomous_robot/package.ps1'
[1.412s] INFO:colcon.colcon_core.shell:Creating package descriptor '/home/alonso/Development/School/ros_dev/install/autonomous_robot/share/autonomous_robot/package.dsv'
[1.412s] INFO:colcon.colcon_core.shell:Creating package script '/home/alonso/Development/School/ros_dev/install/autonomous_robot/share/autonomous_robot/package.sh'
[1.413s] INFO:colcon.colcon_core.shell:Creating package script '/home/alonso/Development/School/ros_dev/install/autonomous_robot/share/autonomous_robot/package.bash'
[1.413s] INFO:colcon.colcon_core.shell:Creating package script '/home/alonso/Development/School/ros_dev/install/autonomous_robot/share/autonomous_robot/package.zsh'
[1.413s] Level 1:colcon.colcon_core.environment:create_file_with_runtime_dependencies(/home/alonso/Development/School/ros_dev/install/autonomous_robot/share/colcon-core/packages/autonomous_robot)
[1.413s] DEBUG:colcon.colcon_parallel_executor.executor.parallel:closing loop
[1.413s] DEBUG:colcon.colcon_parallel_executor.executor.parallel:loop closed
[1.413s] DEBUG:colcon.colcon_parallel_executor.executor.parallel:run_until_complete finished with '0'
[1.413s] DEBUG:colcon.colcon_core.event_reactor:joining thread
[1.416s] INFO:colcon.colcon_core.plugin_system:Skipping extension 'colcon_notification.desktop_notification.notify2': 'notify2' not found
[1.417s] INFO:colcon.colcon_core.plugin_system:Skipping extension 'colcon_notification.desktop_notification.terminal_notifier': Not used on non-Darwin systems
[1.417s] INFO:colcon.colcon_core.plugin_system:Skipping extension 'colcon_notification.desktop_notification.win32': Not used on non-Windows systems
[1.417s] INFO:colcon.colcon_notification.desktop_notification:Sending desktop notification using 'notify_send'
[1.434s] DEBUG:colcon.colcon_core.event_reactor:joined thread
[1.434s] INFO:colcon.colcon_core.shell:Creating prefix script '/home/alonso/Development/School/ros_dev/install/local_setup.ps1'
[1.436s] INFO:colcon.colcon_core.shell:Creating prefix util module '/home/alonso/Development/School/ros_dev/install/_local_setup_util_ps1.py'
[1.437s] INFO:colcon.colcon_core.shell:Creating prefix chain script '/home/alonso/Development/School/ros_dev/install/setup.ps1'
[1.438s] INFO:colcon.colcon_core.shell:Creating prefix script '/home/alonso/Development/School/ros_dev/install/local_setup.sh'
[1.439s] INFO:colcon.colcon_core.shell:Creating prefix util module '/home/alonso/Development/School/ros_dev/install/_local_setup_util_sh.py'
[1.439s] INFO:colcon.colcon_core.shell:Creating prefix chain script '/home/alonso/Development/School/ros_dev/install/setup.sh'
[1.440s] INFO:colcon.colcon_core.shell:Creating prefix script '/home/alonso/Development/School/ros_dev/install/local_setup.bash'
[1.441s] INFO:colcon.colcon_core.shell:Creating prefix chain script '/home/alonso/Development/School/ros_dev/install/setup.bash'
[1.442s] INFO:colcon.colcon_core.shell:Creating prefix script '/home/alonso/Development/School/ros_dev/install/local_setup.zsh'
[1.442s] INFO:colcon.colcon_core.shell:Creating prefix chain script '/home/alonso/Development/School/ros_dev/install/setup.zsh'
