[0.008s] Invoking command in '/home/alonso/Development/School/ros_dev/build/autonomous_robot_description': CMAKE_PREFIX_PATH=${CMAKE_PREFIX_PATH}:/opt/ros/jazzy DEBUGINFOD_URLS=https://debuginfod.ubuntu.com /usr/bin/cmake /home/alonso/Development/School/ros_dev/src/autonomous_robot/autonomous_robot_description -DCMAKE_INSTALL_PREFIX=/home/alonso/Development/School/ros_dev/install/autonomous_robot_description
[0.019s] -- Found ament_cmake: 2.5.4 (/opt/ros/jazzy/share/ament_cmake/cmake)
[0.143s] -- Found ament_lint_auto: 0.17.3 (/opt/ros/jazzy/share/ament_lint_auto/cmake)
[0.254s] -- Added test 'lint_cmake' to check CMake code style
[0.256s] -- Added test 'xmllint' to check XML markup files
[0.258s] -- Configuring done (0.2s)
[0.261s] -- Generating done (0.0s)
[0.266s] -- Build files have been written to: /home/alonso/Development/School/ros_dev/build/autonomous_robot_description
[0.269s] Invoked command in '/home/alonso/Development/School/ros_dev/build/autonomous_robot_description' returned '0': CMAKE_PREFIX_PATH=${CMAKE_PREFIX_PATH}:/opt/ros/jazzy DEBUGINFOD_URLS=https://debuginfod.ubuntu.com /usr/bin/cmake /home/alonso/Development/School/ros_dev/src/autonomous_robot/autonomous_robot_description -DCMAKE_INSTALL_PREFIX=/home/alonso/Development/School/ros_dev/install/autonomous_robot_description
[0.270s] Invoking command in '/home/alonso/Development/School/ros_dev/build/autonomous_robot_description': CMAKE_PREFIX_PATH=${CMAKE_PREFIX_PATH}:/opt/ros/jazzy DEBUGINFOD_URLS=https://debuginfod.ubuntu.com /usr/bin/cmake --build /home/alonso/Development/School/ros_dev/build/autonomous_robot_description -- -j16 -l16
[0.310s] Invoked command in '/home/alonso/Development/School/ros_dev/build/autonomous_robot_description' returned '0': CMAKE_PREFIX_PATH=${CMAKE_PREFIX_PATH}:/opt/ros/jazzy DEBUGINFOD_URLS=https://debuginfod.ubuntu.com /usr/bin/cmake --build /home/alonso/Development/School/ros_dev/build/autonomous_robot_description -- -j16 -l16
[0.311s] Invoking command in '/home/alonso/Development/School/ros_dev/build/autonomous_robot_description': CMAKE_PREFIX_PATH=${CMAKE_PREFIX_PATH}:/opt/ros/jazzy DEBUGINFOD_URLS=https://debuginfod.ubuntu.com /usr/bin/cmake --install /home/alonso/Development/School/ros_dev/build/autonomous_robot_description
[0.318s] -- Install configuration: ""
[0.318s] -- Installing: /home/alonso/Development/School/ros_dev/install/autonomous_robot_description/share/ament_index/resource_index/package_run_dependencies/autonomous_robot_description
[0.318s] -- Installing: /home/alonso/Development/School/ros_dev/install/autonomous_robot_description/share/ament_index/resource_index/parent_prefix_path/autonomous_robot_description
[0.318s] -- Installing: /home/alonso/Development/School/ros_dev/install/autonomous_robot_description/share/autonomous_robot_description/environment/ament_prefix_path.sh
[0.318s] -- Installing: /home/alonso/Development/School/ros_dev/install/autonomous_robot_description/share/autonomous_robot_description/environment/ament_prefix_path.dsv
[0.318s] -- Installing: /home/alonso/Development/School/ros_dev/install/autonomous_robot_description/share/autonomous_robot_description/environment/path.sh
[0.318s] -- Installing: /home/alonso/Development/School/ros_dev/install/autonomous_robot_description/share/autonomous_robot_description/environment/path.dsv
[0.318s] -- Installing: /home/alonso/Development/School/ros_dev/install/autonomous_robot_description/share/autonomous_robot_description/local_setup.bash
[0.318s] -- Installing: /home/alonso/Development/School/ros_dev/install/autonomous_robot_description/share/autonomous_robot_description/local_setup.sh
[0.318s] -- Installing: /home/alonso/Development/School/ros_dev/install/autonomous_robot_description/share/autonomous_robot_description/local_setup.zsh
[0.318s] -- Installing: /home/alonso/Development/School/ros_dev/install/autonomous_robot_description/share/autonomous_robot_description/local_setup.dsv
[0.318s] -- Installing: /home/alonso/Development/School/ros_dev/install/autonomous_robot_description/share/autonomous_robot_description/package.dsv
[0.318s] -- Installing: /home/alonso/Development/School/ros_dev/install/autonomous_robot_description/share/ament_index/resource_index/packages/autonomous_robot_description
[0.318s] -- Installing: /home/alonso/Development/School/ros_dev/install/autonomous_robot_description/share/autonomous_robot_description/cmake/autonomous_robot_descriptionConfig.cmake
[0.318s] -- Installing: /home/alonso/Development/School/ros_dev/install/autonomous_robot_description/share/autonomous_robot_description/cmake/autonomous_robot_descriptionConfig-version.cmake
[0.318s] -- Installing: /home/alonso/Development/School/ros_dev/install/autonomous_robot_description/share/autonomous_robot_description/package.xml
[0.320s] Invoked command in '/home/alonso/Development/School/ros_dev/build/autonomous_robot_description' returned '0': CMAKE_PREFIX_PATH=${CMAKE_PREFIX_PATH}:/opt/ros/jazzy DEBUGINFOD_URLS=https://debuginfod.ubuntu.com /usr/bin/cmake --install /home/alonso/Development/School/ros_dev/build/autonomous_robot_description
