[0.369s] Invoking command in '/home/alonso/Development/School/ros_dev/build/ros2_fundamentals_examples': CMAKE_PREFIX_PATH=${CMAKE_PREFIX_PATH}:/home/alonso/Development/School/ros_dev/install/autonomous_robot_system_tests:/home/alonso/Development/School/ros_dev/install/autonomous_robot_gazebo:/home/alonso/Development/School/ros_dev/install/autonomous_robot_bringup:/opt/ros/jazzy CONDA_PROMPT_MODIFIER=(base) DEBUGINFOD_URLS=https://debuginfod.ubuntu.com /usr/bin/cmake --build /home/alonso/Development/School/ros_dev/build/ros2_fundamentals_examples -- -j16 -l16
[0.395s] -- Found ament_cmake: 2.5.4 (/opt/ros/jazzy/share/ament_cmake/cmake)
[0.611s] -- Found rclcpp: 28.1.12 (/opt/ros/jazzy/share/rclcpp/cmake)
[0.656s] -- Found rosidl_generator_c: 4.6.6 (/opt/ros/jazzy/share/rosidl_generator_c/cmake)
[0.666s] -- Found rosidl_generator_cpp: 4.6.6 (/opt/ros/jazzy/share/rosidl_generator_cpp/cmake)
[0.681s] -- Using all available rosidl_typesupport_c: rosidl_typesupport_fastrtps_c;rosidl_typesupport_introspection_c
[0.696s] -- Using all available rosidl_typesupport_cpp: rosidl_typesupport_fastrtps_cpp;rosidl_typesupport_introspection_cpp
[0.753s] -- Found rmw_implementation_cmake: 7.3.2 (/opt/ros/jazzy/share/rmw_implementation_cmake/cmake)
[0.755s] -- Found rmw_fastrtps_cpp: 8.4.3 (/opt/ros/jazzy/share/rmw_fastrtps_cpp/cmake)
[0.815s] -- Using RMW implementation 'rmw_fastrtps_cpp' as default
[0.869s] -- Found rclpy: 7.1.5 (/opt/ros/jazzy/share/rclpy/cmake)
[0.870s] -- Found std_msgs: 5.3.6 (/opt/ros/jazzy/share/std_msgs/cmake)
[0.963s] [31mCMake Error at CMakeLists.txt:62 (find_package):
[0.963s]   By not providing "Findament_lint_auto.cmake" in CMAKE_MODULE_PATH this
[0.963s]   project has asked CMake to find a package configuration file provided by
[0.963s]   "ament_lint_auto", but CMake did not find one.
[0.963s] 
[0.963s]   Could not find a package configuration file provided by "ament_lint_auto"
[0.963s]   with any of the following names:
[0.963s] 
[0.963s]     ament_lint_autoConfig.cmake
[0.963s]     ament_lint_auto-config.cmake
[0.963s] 
[0.963s]   Add the installation prefix of "ament_lint_auto" to CMAKE_PREFIX_PATH or
[0.964s]   set "ament_lint_auto_DIR" to a directory containing one of the above files.
[0.964s]   If "ament_lint_auto" provides a separate development package or SDK, be
[0.964s]   sure it has been installed.
[0.964s] 
[0.964s] [0m
[0.964s] -- Configuring incomplete, errors occurred!
[0.968s] gmake: *** [Makefile:336: cmake_check_build_system] Error 1
