[0.009s] Invoking command in '/home/alonso/Development/School/ros_dev/build/autonomous_robot_description': CMAKE_PREFIX_PATH=${CMAKE_PREFIX_PATH}:/opt/ros/jazzy DEBUGINFOD_URLS=https://debuginfod.ubuntu.com /usr/bin/cmake --build /home/alonso/Development/School/ros_dev/build/autonomous_robot_description -- -j16 -l16
[0.037s] -- Found ament_cmake: 2.5.4 (/opt/ros/jazzy/share/ament_cmake/cmake)
[0.181s] -- Found urdf_tutorial: 1.1.0 (/opt/ros/jazzy/share/urdf_tutorial/cmake)
[0.182s] -- Found ament_lint_auto: 0.17.3 (/opt/ros/jazzy/share/ament_lint_auto/cmake)
[0.243s] -- Added test 'lint_cmake' to check CMake code style
[0.245s] -- Added test 'xmllint' to check XML markup files
[0.245s] -- Configuring done (0.2s)
[0.250s] -- Generating done (0.0s)
[0.251s] -- Build files have been written to: /home/alonso/Development/School/ros_dev/build/autonomous_robot_description
[0.268s] Invoked command in '/home/alonso/Development/School/ros_dev/build/autonomous_robot_description' returned '0': CMAKE_PREFIX_PATH=${CMAKE_PREFIX_PATH}:/opt/ros/jazzy DEBUGINFOD_URLS=https://debuginfod.ubuntu.com /usr/bin/cmake --build /home/alonso/Development/School/ros_dev/build/autonomous_robot_description -- -j16 -l16
[0.277s] Invoking command in '/home/alonso/Development/School/ros_dev/build/autonomous_robot_description': CMAKE_PREFIX_PATH=${CMAKE_PREFIX_PATH}:/opt/ros/jazzy DEBUGINFOD_URLS=https://debuginfod.ubuntu.com /usr/bin/cmake --install /home/alonso/Development/School/ros_dev/build/autonomous_robot_description
[0.282s] -- Install configuration: ""
[0.282s] -- Up-to-date: /home/alonso/Development/School/ros_dev/install/autonomous_robot_description/share/autonomous_robot_description/config
[0.282s] -- Up-to-date: /home/alonso/Development/School/ros_dev/install/autonomous_robot_description/share/autonomous_robot_description/launch
[0.282s] -- Up-to-date: /home/alonso/Development/School/ros_dev/install/autonomous_robot_description/share/autonomous_robot_description/meshes
[0.282s] -- Up-to-date: /home/alonso/Development/School/ros_dev/install/autonomous_robot_description/share/autonomous_robot_description/meshes/rosmaster_x3
[0.282s] -- Up-to-date: /home/alonso/Development/School/ros_dev/install/autonomous_robot_description/share/autonomous_robot_description/meshes/rosmaster_x3/visual
[0.282s] -- Up-to-date: /home/alonso/Development/School/ros_dev/install/autonomous_robot_description/share/autonomous_robot_description/meshes/rosmaster_x3/visual/base_link_X3.STL
[0.282s] -- Up-to-date: /home/alonso/Development/School/ros_dev/install/autonomous_robot_description/share/autonomous_robot_description/meshes/rosmaster_x3/visual/back_left_wheel_X3.STL
[0.282s] -- Up-to-date: /home/alonso/Development/School/ros_dev/install/autonomous_robot_description/share/autonomous_robot_description/meshes/rosmaster_x3/visual/front_left_wheel_X3.STL
[0.282s] -- Up-to-date: /home/alonso/Development/School/ros_dev/install/autonomous_robot_description/share/autonomous_robot_description/meshes/rosmaster_x3/visual/back_right_wheel_X3.STL
[0.282s] -- Up-to-date: /home/alonso/Development/School/ros_dev/install/autonomous_robot_description/share/autonomous_robot_description/meshes/rosmaster_x3/visual/camera_link.STL
[0.282s] -- Up-to-date: /home/alonso/Development/School/ros_dev/install/autonomous_robot_description/share/autonomous_robot_description/meshes/rosmaster_x3/visual/laser_link.STL
[0.283s] -- Up-to-date: /home/alonso/Development/School/ros_dev/install/autonomous_robot_description/share/autonomous_robot_description/meshes/rosmaster_x3/visual/front_right_wheel_X3.STL
[0.283s] -- Up-to-date: /home/alonso/Development/School/ros_dev/install/autonomous_robot_description/share/autonomous_robot_description/meshes/rplidar
[0.283s] -- Up-to-date: /home/alonso/Development/School/ros_dev/install/autonomous_robot_description/share/autonomous_robot_description/meshes/rplidar/rplidar_s2.stl
[0.283s] -- Up-to-date: /home/alonso/Development/School/ros_dev/install/autonomous_robot_description/share/autonomous_robot_description/meshes/intel_realsense
[0.283s] -- Up-to-date: /home/alonso/Development/School/ros_dev/install/autonomous_robot_description/share/autonomous_robot_description/meshes/intel_realsense/visual
[0.283s] -- Up-to-date: /home/alonso/Development/School/ros_dev/install/autonomous_robot_description/share/autonomous_robot_description/meshes/intel_realsense/visual/d435.stl
[0.283s] -- Up-to-date: /home/alonso/Development/School/ros_dev/install/autonomous_robot_description/share/autonomous_robot_description/urdf
[0.283s] -- Up-to-date: /home/alonso/Development/School/ros_dev/install/autonomous_robot_description/share/autonomous_robot_description/urdf/robots
[0.283s] -- Installing: /home/alonso/Development/School/ros_dev/install/autonomous_robot_description/share/autonomous_robot_description/urdf/robots/rosmaster_x3.urdf.xacro
[0.283s] -- Up-to-date: /home/alonso/Development/School/ros_dev/install/autonomous_robot_description/share/autonomous_robot_description/urdf/sensors
[0.283s] -- Installing: /home/alonso/Development/School/ros_dev/install/autonomous_robot_description/share/autonomous_robot_description/urdf/sensors/imu.urdf.xacro
[0.283s] -- Installing: /home/alonso/Development/School/ros_dev/install/autonomous_robot_description/share/autonomous_robot_description/urdf/sensors/rgbd_camera.urdf.xacro
[0.283s] -- Installing: /home/alonso/Development/School/ros_dev/install/autonomous_robot_description/share/autonomous_robot_description/urdf/sensors/lidar.urdf.xacro
[0.283s] -- Up-to-date: /home/alonso/Development/School/ros_dev/install/autonomous_robot_description/share/autonomous_robot_description/urdf/mech
[0.283s] -- Installing: /home/alonso/Development/School/ros_dev/install/autonomous_robot_description/share/autonomous_robot_description/urdf/mech/rosmaster_x3_base.urdf.xacro
[0.283s] -- Installing: /home/alonso/Development/School/ros_dev/install/autonomous_robot_description/share/autonomous_robot_description/urdf/mech/mecanum_wheel.urdf.xacro
[0.283s] -- Up-to-date: /home/alonso/Development/School/ros_dev/install/autonomous_robot_description/share/autonomous_robot_description/urdf/control
[0.283s] -- Up-to-date: /home/alonso/Development/School/ros_dev/install/autonomous_robot_description/share/autonomous_robot_description/rviz
[0.283s] -- Up-to-date: /home/alonso/Development/School/ros_dev/install/autonomous_robot_description/share/ament_index/resource_index/package_run_dependencies/autonomous_robot_description
[0.283s] -- Up-to-date: /home/alonso/Development/School/ros_dev/install/autonomous_robot_description/share/ament_index/resource_index/parent_prefix_path/autonomous_robot_description
[0.283s] -- Up-to-date: /home/alonso/Development/School/ros_dev/install/autonomous_robot_description/share/autonomous_robot_description/environment/ament_prefix_path.sh
[0.283s] -- Up-to-date: /home/alonso/Development/School/ros_dev/install/autonomous_robot_description/share/autonomous_robot_description/environment/ament_prefix_path.dsv
[0.283s] -- Up-to-date: /home/alonso/Development/School/ros_dev/install/autonomous_robot_description/share/autonomous_robot_description/environment/path.sh
[0.283s] -- Up-to-date: /home/alonso/Development/School/ros_dev/install/autonomous_robot_description/share/autonomous_robot_description/environment/path.dsv
[0.283s] -- Up-to-date: /home/alonso/Development/School/ros_dev/install/autonomous_robot_description/share/autonomous_robot_description/local_setup.bash
[0.283s] -- Up-to-date: /home/alonso/Development/School/ros_dev/install/autonomous_robot_description/share/autonomous_robot_description/local_setup.sh
[0.283s] -- Up-to-date: /home/alonso/Development/School/ros_dev/install/autonomous_robot_description/share/autonomous_robot_description/local_setup.zsh
[0.283s] -- Up-to-date: /home/alonso/Development/School/ros_dev/install/autonomous_robot_description/share/autonomous_robot_description/local_setup.dsv
[0.283s] -- Installing: /home/alonso/Development/School/ros_dev/install/autonomous_robot_description/share/autonomous_robot_description/package.dsv
[0.283s] -- Up-to-date: /home/alonso/Development/School/ros_dev/install/autonomous_robot_description/share/ament_index/resource_index/packages/autonomous_robot_description
[0.283s] -- Up-to-date: /home/alonso/Development/School/ros_dev/install/autonomous_robot_description/share/autonomous_robot_description/cmake/autonomous_robot_descriptionConfig.cmake
[0.283s] -- Up-to-date: /home/alonso/Development/School/ros_dev/install/autonomous_robot_description/share/autonomous_robot_description/cmake/autonomous_robot_descriptionConfig-version.cmake
[0.284s] -- Installing: /home/alonso/Development/School/ros_dev/install/autonomous_robot_description/share/autonomous_robot_description/package.xml
[0.284s] Invoked command in '/home/alonso/Development/School/ros_dev/build/autonomous_robot_description' returned '0': CMAKE_PREFIX_PATH=${CMAKE_PREFIX_PATH}:/opt/ros/jazzy DEBUGINFOD_URLS=https://debuginfod.ubuntu.com /usr/bin/cmake --install /home/alonso/Development/School/ros_dev/build/autonomous_robot_description
