[0.009s] Invoking command in '/home/alonso/Development/School/ros_dev/build/autonomous_robot_description': CMAKE_PREFIX_PATH=${CMAKE_PREFIX_PATH}:/opt/ros/jazzy DEBUGINFOD_URLS=https://debuginfod.ubuntu.com /usr/bin/cmake --build /home/alonso/Development/School/ros_dev/build/autonomous_robot_description -- -j16 -l16
[0.036s] -- Found ament_cmake: 2.5.4 (/opt/ros/jazzy/share/ament_cmake/cmake)
[0.188s] -- Found urdf_tutorial: 1.1.0 (/opt/ros/jazzy/share/urdf_tutorial/cmake)
[0.189s] -- Found ament_lint_auto: 0.17.3 (/opt/ros/jazzy/share/ament_lint_auto/cmake)
[0.252s] -- Added test 'lint_cmake' to check CMake code style
[0.253s] -- Added test 'xmllint' to check XML markup files
[0.254s] -- Configuring done (0.2s)
[0.258s] -- Generating done (0.0s)
[0.259s] -- Build files have been written to: /home/alonso/Development/School/ros_dev/build/autonomous_robot_description
[0.280s] Invoked command in '/home/alonso/Development/School/ros_dev/build/autonomous_robot_description' returned '0': CMAKE_PREFIX_PATH=${CMAKE_PREFIX_PATH}:/opt/ros/jazzy DEBUGINFOD_URLS=https://debuginfod.ubuntu.com /usr/bin/cmake --build /home/alonso/Development/School/ros_dev/build/autonomous_robot_description -- -j16 -l16
[0.281s] Invoking command in '/home/alonso/Development/School/ros_dev/build/autonomous_robot_description': CMAKE_PREFIX_PATH=${CMAKE_PREFIX_PATH}:/opt/ros/jazzy DEBUGINFOD_URLS=https://debuginfod.ubuntu.com /usr/bin/cmake --install /home/alonso/Development/School/ros_dev/build/autonomous_robot_description
[0.287s] -- Install configuration: ""
[0.287s] -- Installing: /home/alonso/Development/School/ros_dev/install/autonomous_robot_description/share/autonomous_robot_description/config
[0.287s] -- Installing: /home/alonso/Development/School/ros_dev/install/autonomous_robot_description/share/autonomous_robot_description/launch
[0.287s] -- Installing: /home/alonso/Development/School/ros_dev/install/autonomous_robot_description/share/autonomous_robot_description/meshes
[0.287s] -- Installing: /home/alonso/Development/School/ros_dev/install/autonomous_robot_description/share/autonomous_robot_description/meshes/rosmaster_x3
[0.287s] -- Installing: /home/alonso/Development/School/ros_dev/install/autonomous_robot_description/share/autonomous_robot_description/meshes/rosmaster_x3/visual
[0.288s] -- Installing: /home/alonso/Development/School/ros_dev/install/autonomous_robot_description/share/autonomous_robot_description/meshes/rosmaster_x3/visual/base_link_X3.STL
[0.290s] -- Installing: /home/alonso/Development/School/ros_dev/install/autonomous_robot_description/share/autonomous_robot_description/meshes/rosmaster_x3/visual/back_left_wheel_X3.STL
[0.292s] -- Installing: /home/alonso/Development/School/ros_dev/install/autonomous_robot_description/share/autonomous_robot_description/meshes/rosmaster_x3/visual/front_left_wheel_X3.STL
[0.294s] -- Installing: /home/alonso/Development/School/ros_dev/install/autonomous_robot_description/share/autonomous_robot_description/meshes/rosmaster_x3/visual/back_right_wheel_X3.STL
[0.295s] -- Installing: /home/alonso/Development/School/ros_dev/install/autonomous_robot_description/share/autonomous_robot_description/meshes/rosmaster_x3/visual/camera_link.STL
[0.296s] -- Installing: /home/alonso/Development/School/ros_dev/install/autonomous_robot_description/share/autonomous_robot_description/meshes/rosmaster_x3/visual/laser_link.STL
[0.302s] -- Installing: /home/alonso/Development/School/ros_dev/install/autonomous_robot_description/share/autonomous_robot_description/meshes/rosmaster_x3/visual/front_right_wheel_X3.STL
[0.304s] -- Installing: /home/alonso/Development/School/ros_dev/install/autonomous_robot_description/share/autonomous_robot_description/meshes/rplidar
[0.304s] -- Installing: /home/alonso/Development/School/ros_dev/install/autonomous_robot_description/share/autonomous_robot_description/meshes/rplidar/rplidar_s2.stl
[0.305s] -- Installing: /home/alonso/Development/School/ros_dev/install/autonomous_robot_description/share/autonomous_robot_description/meshes/intel_realsense
[0.305s] -- Installing: /home/alonso/Development/School/ros_dev/install/autonomous_robot_description/share/autonomous_robot_description/meshes/intel_realsense/visual
[0.305s] -- Installing: /home/alonso/Development/School/ros_dev/install/autonomous_robot_description/share/autonomous_robot_description/meshes/intel_realsense/visual/d435.stl
[0.316s] -- Installing: /home/alonso/Development/School/ros_dev/install/autonomous_robot_description/share/autonomous_robot_description/urdf
[0.316s] -- Installing: /home/alonso/Development/School/ros_dev/install/autonomous_robot_description/share/autonomous_robot_description/urdf/robots
[0.317s] -- Installing: /home/alonso/Development/School/ros_dev/install/autonomous_robot_description/share/autonomous_robot_description/urdf/sensors
[0.317s] -- Installing: /home/alonso/Development/School/ros_dev/install/autonomous_robot_description/share/autonomous_robot_description/urdf/mech
[0.317s] -- Installing: /home/alonso/Development/School/ros_dev/install/autonomous_robot_description/share/autonomous_robot_description/urdf/control
[0.317s] -- Installing: /home/alonso/Development/School/ros_dev/install/autonomous_robot_description/share/autonomous_robot_description/rviz
[0.317s] -- Up-to-date: /home/alonso/Development/School/ros_dev/install/autonomous_robot_description/share/ament_index/resource_index/package_run_dependencies/autonomous_robot_description
[0.317s] -- Up-to-date: /home/alonso/Development/School/ros_dev/install/autonomous_robot_description/share/ament_index/resource_index/parent_prefix_path/autonomous_robot_description
[0.317s] -- Up-to-date: /home/alonso/Development/School/ros_dev/install/autonomous_robot_description/share/autonomous_robot_description/environment/ament_prefix_path.sh
[0.317s] -- Up-to-date: /home/alonso/Development/School/ros_dev/install/autonomous_robot_description/share/autonomous_robot_description/environment/ament_prefix_path.dsv
[0.317s] -- Up-to-date: /home/alonso/Development/School/ros_dev/install/autonomous_robot_description/share/autonomous_robot_description/environment/path.sh
[0.318s] -- Up-to-date: /home/alonso/Development/School/ros_dev/install/autonomous_robot_description/share/autonomous_robot_description/environment/path.dsv
[0.318s] -- Up-to-date: /home/alonso/Development/School/ros_dev/install/autonomous_robot_description/share/autonomous_robot_description/local_setup.bash
[0.318s] -- Up-to-date: /home/alonso/Development/School/ros_dev/install/autonomous_robot_description/share/autonomous_robot_description/local_setup.sh
[0.318s] -- Up-to-date: /home/alonso/Development/School/ros_dev/install/autonomous_robot_description/share/autonomous_robot_description/local_setup.zsh
[0.318s] -- Up-to-date: /home/alonso/Development/School/ros_dev/install/autonomous_robot_description/share/autonomous_robot_description/local_setup.dsv
[0.318s] -- Installing: /home/alonso/Development/School/ros_dev/install/autonomous_robot_description/share/autonomous_robot_description/package.dsv
[0.318s] -- Up-to-date: /home/alonso/Development/School/ros_dev/install/autonomous_robot_description/share/ament_index/resource_index/packages/autonomous_robot_description
[0.318s] -- Up-to-date: /home/alonso/Development/School/ros_dev/install/autonomous_robot_description/share/autonomous_robot_description/cmake/autonomous_robot_descriptionConfig.cmake
[0.318s] -- Up-to-date: /home/alonso/Development/School/ros_dev/install/autonomous_robot_description/share/autonomous_robot_description/cmake/autonomous_robot_descriptionConfig-version.cmake
[0.319s] -- Installing: /home/alonso/Development/School/ros_dev/install/autonomous_robot_description/share/autonomous_robot_description/package.xml
[0.331s] Invoked command in '/home/alonso/Development/School/ros_dev/build/autonomous_robot_description' returned '0': CMAKE_PREFIX_PATH=${CMAKE_PREFIX_PATH}:/opt/ros/jazzy DEBUGINFOD_URLS=https://debuginfod.ubuntu.com /usr/bin/cmake --install /home/alonso/Development/School/ros_dev/build/autonomous_robot_description
