[ 75%] Built target ament_cmake_python_copy_ros2_fundamentals_examples
[ 75%] Built target minimal_cpp_subscriber
[100%] Built target minimal_cpp_publisher
running egg_info
writing ros2_fundamentals_examples.egg-info/PKG-INFO
writing dependency_links to ros2_fundamentals_examples.egg-info/dependency_links.txt
writing top-level names to ros2_fundamentals_examples.egg-info/top_level.txt
reading manifest file 'ros2_fundamentals_examples.egg-info/SOURCES.txt'
writing manifest file 'ros2_fundamentals_examples.egg-info/SOURCES.txt'
[100%] Built target ament_cmake_python_build_ros2_fundamentals_examples_egg
-- Install configuration: ""
-- Up-to-date: /home/alonso/Development/School/ros_dev/install/ros2_fundamentals_examples/share/ros2_fundamentals_examples/ros2_fundamentals_examples
-- Up-to-date: /home/alonso/Development/School/ros_dev/install/ros2_fundamentals_examples/share/ros2_fundamentals_examples/ros2_fundamentals_examples/py_minimal_publisher.py
-- Up-to-date: /home/alonso/Development/School/ros_dev/install/ros2_fundamentals_examples/share/ros2_fundamentals_examples/ros2_fundamentals_examples/py_minimal_subscriber.py
-- Up-to-date: /home/alonso/Development/School/ros_dev/install/ros2_fundamentals_examples/share/ros2_fundamentals_examples/ros2_fundamentals_examples/__init__.py
-- Up-to-date: /home/alonso/Development/School/ros_dev/install/ros2_fundamentals_examples/include
-- Up-to-date: /home/alonso/Development/School/ros_dev/install/ros2_fundamentals_examples/include/ros2_fundamentals_examples
-- Up-to-date: /home/alonso/Development/School/ros_dev/install/ros2_fundamentals_examples/lib/ros2_fundamentals_examples/minimal_cpp_publisher
-- Up-to-date: /home/alonso/Development/School/ros_dev/install/ros2_fundamentals_examples/lib/ros2_fundamentals_examples/minimal_cpp_subscriber
-- Up-to-date: /home/alonso/Development/School/ros_dev/install/ros2_fundamentals_examples/share/ros2_fundamentals_examples/environment/pythonpath.sh
-- Up-to-date: /home/alonso/Development/School/ros_dev/install/ros2_fundamentals_examples/share/ros2_fundamentals_examples/environment/pythonpath.dsv
-- Up-to-date: /home/alonso/Development/School/ros_dev/install/ros2_fundamentals_examples/lib/python3.13/site-packages/ros2_fundamentals_examples-0.0.0-py3.13.egg-info
-- Installing: /home/alonso/Development/School/ros_dev/install/ros2_fundamentals_examples/lib/python3.13/site-packages/ros2_fundamentals_examples-0.0.0-py3.13.egg-info/dependency_links.txt
-- Installing: /home/alonso/Development/School/ros_dev/install/ros2_fundamentals_examples/lib/python3.13/site-packages/ros2_fundamentals_examples-0.0.0-py3.13.egg-info/SOURCES.txt
-- Installing: /home/alonso/Development/School/ros_dev/install/ros2_fundamentals_examples/lib/python3.13/site-packages/ros2_fundamentals_examples-0.0.0-py3.13.egg-info/top_level.txt
-- Installing: /home/alonso/Development/School/ros_dev/install/ros2_fundamentals_examples/lib/python3.13/site-packages/ros2_fundamentals_examples-0.0.0-py3.13.egg-info/PKG-INFO
-- Up-to-date: /home/alonso/Development/School/ros_dev/install/ros2_fundamentals_examples/lib/python3.13/site-packages/ros2_fundamentals_examples
-- Up-to-date: /home/alonso/Development/School/ros_dev/install/ros2_fundamentals_examples/lib/python3.13/site-packages/ros2_fundamentals_examples/py_minimal_publisher.py
-- Up-to-date: /home/alonso/Development/School/ros_dev/install/ros2_fundamentals_examples/lib/python3.13/site-packages/ros2_fundamentals_examples/py_minimal_subscriber.py
-- Up-to-date: /home/alonso/Development/School/ros_dev/install/ros2_fundamentals_examples/lib/python3.13/site-packages/ros2_fundamentals_examples/__init__.py
Listing '/home/alonso/Development/School/ros_dev/install/ros2_fundamentals_examples/lib/python3.13/site-packages/ros2_fundamentals_examples'...
-- Up-to-date: /home/alonso/Development/School/ros_dev/install/ros2_fundamentals_examples/lib/ros2_fundamentals_examples/py_minimal_publisher.py
-- Up-to-date: /home/alonso/Development/School/ros_dev/install/ros2_fundamentals_examples/lib/ros2_fundamentals_examples/py_minimal_subscriber.py
-- Up-to-date: /home/alonso/Development/School/ros_dev/install/ros2_fundamentals_examples/share/ament_index/resource_index/package_run_dependencies/ros2_fundamentals_examples
-- Up-to-date: /home/alonso/Development/School/ros_dev/install/ros2_fundamentals_examples/share/ament_index/resource_index/parent_prefix_path/ros2_fundamentals_examples
-- Up-to-date: /home/alonso/Development/School/ros_dev/install/ros2_fundamentals_examples/share/ros2_fundamentals_examples/environment/ament_prefix_path.sh
-- Up-to-date: /home/alonso/Development/School/ros_dev/install/ros2_fundamentals_examples/share/ros2_fundamentals_examples/environment/ament_prefix_path.dsv
-- Up-to-date: /home/alonso/Development/School/ros_dev/install/ros2_fundamentals_examples/share/ros2_fundamentals_examples/environment/path.sh
-- Up-to-date: /home/alonso/Development/School/ros_dev/install/ros2_fundamentals_examples/share/ros2_fundamentals_examples/environment/path.dsv
-- Up-to-date: /home/alonso/Development/School/ros_dev/install/ros2_fundamentals_examples/share/ros2_fundamentals_examples/local_setup.bash
-- Up-to-date: /home/alonso/Development/School/ros_dev/install/ros2_fundamentals_examples/share/ros2_fundamentals_examples/local_setup.sh
-- Up-to-date: /home/alonso/Development/School/ros_dev/install/ros2_fundamentals_examples/share/ros2_fundamentals_examples/local_setup.zsh
-- Up-to-date: /home/alonso/Development/School/ros_dev/install/ros2_fundamentals_examples/share/ros2_fundamentals_examples/local_setup.dsv
-- Installing: /home/alonso/Development/School/ros_dev/install/ros2_fundamentals_examples/share/ros2_fundamentals_examples/package.dsv
-- Up-to-date: /home/alonso/Development/School/ros_dev/install/ros2_fundamentals_examples/share/ament_index/resource_index/packages/ros2_fundamentals_examples
-- Up-to-date: /home/alonso/Development/School/ros_dev/install/ros2_fundamentals_examples/share/ros2_fundamentals_examples/cmake/ament_cmake_export_include_directories-extras.cmake
-- Up-to-date: /home/alonso/Development/School/ros_dev/install/ros2_fundamentals_examples/share/ros2_fundamentals_examples/cmake/ros2_fundamentals_examplesConfig.cmake
-- Up-to-date: /home/alonso/Development/School/ros_dev/install/ros2_fundamentals_examples/share/ros2_fundamentals_examples/cmake/ros2_fundamentals_examplesConfig-version.cmake
-- Up-to-date: /home/alonso/Development/School/ros_dev/install/ros2_fundamentals_examples/share/ros2_fundamentals_examples/package.xml
