[0.007s] Invoking command in '/home/alonso/Development/School/ros_dev/build/ros2_fundamentals_examples': CMAKE_PREFIX_PATH=${CMAKE_PREFIX_PATH}:/opt/ros/jazzy DEBUGINFOD_URLS=https://debuginfod.ubuntu.com /usr/bin/cmake --build /home/alonso/Development/School/ros_dev/build/ros2_fundamentals_examples -- -j16 -l16
[0.061s] [ 75%] Built target ament_cmake_python_copy_ros2_fundamentals_examples
[0.061s] [ 75%] Built target minimal_cpp_subscriber
[0.061s] [100%] Built target minimal_cpp_publisher
[0.219s] running egg_info
[0.227s] writing ros2_fundamentals_examples.egg-info/PKG-INFO
[0.227s] writing dependency_links to ros2_fundamentals_examples.egg-info/dependency_links.txt
[0.228s] writing top-level names to ros2_fundamentals_examples.egg-info/top_level.txt
[0.244s] reading manifest file 'ros2_fundamentals_examples.egg-info/SOURCES.txt'
[0.245s] writing manifest file 'ros2_fundamentals_examples.egg-info/SOURCES.txt'
[0.266s] [100%] Built target ament_cmake_python_build_ros2_fundamentals_examples_egg
[0.275s] Invoked command in '/home/alonso/Development/School/ros_dev/build/ros2_fundamentals_examples' returned '0': CMAKE_PREFIX_PATH=${CMAKE_PREFIX_PATH}:/opt/ros/jazzy DEBUGINFOD_URLS=https://debuginfod.ubuntu.com /usr/bin/cmake --build /home/alonso/Development/School/ros_dev/build/ros2_fundamentals_examples -- -j16 -l16
[0.276s] Invoking command in '/home/alonso/Development/School/ros_dev/build/ros2_fundamentals_examples': CMAKE_PREFIX_PATH=${CMAKE_PREFIX_PATH}:/opt/ros/jazzy DEBUGINFOD_URLS=https://debuginfod.ubuntu.com /usr/bin/cmake --install /home/alonso/Development/School/ros_dev/build/ros2_fundamentals_examples
[0.284s] -- Install configuration: ""
[0.284s] -- Up-to-date: /home/alonso/Development/School/ros_dev/install/ros2_fundamentals_examples/share/ros2_fundamentals_examples/ros2_fundamentals_examples
[0.284s] -- Up-to-date: /home/alonso/Development/School/ros_dev/install/ros2_fundamentals_examples/share/ros2_fundamentals_examples/ros2_fundamentals_examples/py_minimal_publisher.py
[0.284s] -- Up-to-date: /home/alonso/Development/School/ros_dev/install/ros2_fundamentals_examples/share/ros2_fundamentals_examples/ros2_fundamentals_examples/py_minimal_subscriber.py
[0.284s] -- Up-to-date: /home/alonso/Development/School/ros_dev/install/ros2_fundamentals_examples/share/ros2_fundamentals_examples/ros2_fundamentals_examples/__init__.py
[0.284s] -- Up-to-date: /home/alonso/Development/School/ros_dev/install/ros2_fundamentals_examples/include
[0.284s] -- Up-to-date: /home/alonso/Development/School/ros_dev/install/ros2_fundamentals_examples/include/ros2_fundamentals_examples
[0.285s] -- Up-to-date: /home/alonso/Development/School/ros_dev/install/ros2_fundamentals_examples/lib/ros2_fundamentals_examples/minimal_cpp_publisher
[0.285s] -- Up-to-date: /home/alonso/Development/School/ros_dev/install/ros2_fundamentals_examples/lib/ros2_fundamentals_examples/minimal_cpp_subscriber
[0.285s] -- Up-to-date: /home/alonso/Development/School/ros_dev/install/ros2_fundamentals_examples/share/ros2_fundamentals_examples/environment/pythonpath.sh
[0.285s] -- Up-to-date: /home/alonso/Development/School/ros_dev/install/ros2_fundamentals_examples/share/ros2_fundamentals_examples/environment/pythonpath.dsv
[0.286s] -- Up-to-date: /home/alonso/Development/School/ros_dev/install/ros2_fundamentals_examples/lib/python3.13/site-packages/ros2_fundamentals_examples-0.0.0-py3.13.egg-info
[0.286s] -- Installing: /home/alonso/Development/School/ros_dev/install/ros2_fundamentals_examples/lib/python3.13/site-packages/ros2_fundamentals_examples-0.0.0-py3.13.egg-info/dependency_links.txt
[0.286s] -- Installing: /home/alonso/Development/School/ros_dev/install/ros2_fundamentals_examples/lib/python3.13/site-packages/ros2_fundamentals_examples-0.0.0-py3.13.egg-info/SOURCES.txt
[0.286s] -- Installing: /home/alonso/Development/School/ros_dev/install/ros2_fundamentals_examples/lib/python3.13/site-packages/ros2_fundamentals_examples-0.0.0-py3.13.egg-info/top_level.txt
[0.287s] -- Installing: /home/alonso/Development/School/ros_dev/install/ros2_fundamentals_examples/lib/python3.13/site-packages/ros2_fundamentals_examples-0.0.0-py3.13.egg-info/PKG-INFO
[0.288s] -- Up-to-date: /home/alonso/Development/School/ros_dev/install/ros2_fundamentals_examples/lib/python3.13/site-packages/ros2_fundamentals_examples
[0.288s] -- Up-to-date: /home/alonso/Development/School/ros_dev/install/ros2_fundamentals_examples/lib/python3.13/site-packages/ros2_fundamentals_examples/py_minimal_publisher.py
[0.289s] -- Up-to-date: /home/alonso/Development/School/ros_dev/install/ros2_fundamentals_examples/lib/python3.13/site-packages/ros2_fundamentals_examples/py_minimal_subscriber.py
[0.289s] -- Up-to-date: /home/alonso/Development/School/ros_dev/install/ros2_fundamentals_examples/lib/python3.13/site-packages/ros2_fundamentals_examples/__init__.py
[0.308s] Listing '/home/alonso/Development/School/ros_dev/install/ros2_fundamentals_examples/lib/python3.13/site-packages/ros2_fundamentals_examples'...
[0.311s] -- Up-to-date: /home/alonso/Development/School/ros_dev/install/ros2_fundamentals_examples/lib/ros2_fundamentals_examples/py_minimal_publisher.py
[0.311s] -- Up-to-date: /home/alonso/Development/School/ros_dev/install/ros2_fundamentals_examples/lib/ros2_fundamentals_examples/py_minimal_subscriber.py
[0.312s] -- Up-to-date: /home/alonso/Development/School/ros_dev/install/ros2_fundamentals_examples/share/ament_index/resource_index/package_run_dependencies/ros2_fundamentals_examples
[0.312s] -- Up-to-date: /home/alonso/Development/School/ros_dev/install/ros2_fundamentals_examples/share/ament_index/resource_index/parent_prefix_path/ros2_fundamentals_examples
[0.312s] -- Up-to-date: /home/alonso/Development/School/ros_dev/install/ros2_fundamentals_examples/share/ros2_fundamentals_examples/environment/ament_prefix_path.sh
[0.312s] -- Up-to-date: /home/alonso/Development/School/ros_dev/install/ros2_fundamentals_examples/share/ros2_fundamentals_examples/environment/ament_prefix_path.dsv
[0.312s] -- Up-to-date: /home/alonso/Development/School/ros_dev/install/ros2_fundamentals_examples/share/ros2_fundamentals_examples/environment/path.sh
[0.312s] -- Up-to-date: /home/alonso/Development/School/ros_dev/install/ros2_fundamentals_examples/share/ros2_fundamentals_examples/environment/path.dsv
[0.312s] -- Up-to-date: /home/alonso/Development/School/ros_dev/install/ros2_fundamentals_examples/share/ros2_fundamentals_examples/local_setup.bash
[0.312s] -- Up-to-date: /home/alonso/Development/School/ros_dev/install/ros2_fundamentals_examples/share/ros2_fundamentals_examples/local_setup.sh
[0.312s] -- Up-to-date: /home/alonso/Development/School/ros_dev/install/ros2_fundamentals_examples/share/ros2_fundamentals_examples/local_setup.zsh
[0.312s] -- Up-to-date: /home/alonso/Development/School/ros_dev/install/ros2_fundamentals_examples/share/ros2_fundamentals_examples/local_setup.dsv
[0.312s] -- Installing: /home/alonso/Development/School/ros_dev/install/ros2_fundamentals_examples/share/ros2_fundamentals_examples/package.dsv
[0.312s] -- Up-to-date: /home/alonso/Development/School/ros_dev/install/ros2_fundamentals_examples/share/ament_index/resource_index/packages/ros2_fundamentals_examples
[0.312s] -- Up-to-date: /home/alonso/Development/School/ros_dev/install/ros2_fundamentals_examples/share/ros2_fundamentals_examples/cmake/ament_cmake_export_include_directories-extras.cmake
[0.312s] -- Up-to-date: /home/alonso/Development/School/ros_dev/install/ros2_fundamentals_examples/share/ros2_fundamentals_examples/cmake/ros2_fundamentals_examplesConfig.cmake
[0.313s] -- Up-to-date: /home/alonso/Development/School/ros_dev/install/ros2_fundamentals_examples/share/ros2_fundamentals_examples/cmake/ros2_fundamentals_examplesConfig-version.cmake
[0.313s] -- Up-to-date: /home/alonso/Development/School/ros_dev/install/ros2_fundamentals_examples/share/ros2_fundamentals_examples/package.xml
[0.314s] Invoked command in '/home/alonso/Development/School/ros_dev/build/ros2_fundamentals_examples' returned '0': CMAKE_PREFIX_PATH=${CMAKE_PREFIX_PATH}:/opt/ros/jazzy DEBUGINFOD_URLS=https://debuginfod.ubuntu.com /usr/bin/cmake --install /home/alonso/Development/School/ros_dev/build/ros2_fundamentals_examples
