[0.680s] Invoking command in '/home/alonso/Development/School/ros_dev/src/autonomous_robot/autonomous_robot_gazebo': CONDA_PROMPT_MODIFIER=(base) DEBUGINFOD_URLS=https://debuginfod.ubuntu.com PYTHONPATH=/home/alonso/Development/School/ros_dev/build/autonomous_robot_gazebo/prefix_override:/usr/lib/python3/dist-packages/colcon_core/task/python/colcon_distutils_commands:/home/alonso/Development/School/ros_dev/install/autonomous_robot_gazebo/lib/python3.12/site-packages:${PYTHONPATH} /usr/bin/python3 -W ignore:setup.py install is deprecated -W ignore:easy_install command is deprecated setup.py egg_info --egg-base ../../../build/autonomous_robot_gazebo build --build-base /home/alonso/Development/School/ros_dev/build/autonomous_robot_gazebo/build install --record /home/alonso/Development/School/ros_dev/build/autonomous_robot_gazebo/install.log --single-version-externally-managed install_data
[0.829s] running egg_info
[0.837s] writing ../../../build/autonomous_robot_gazebo/autonomous_robot_gazebo.egg-info/PKG-INFO
[0.837s] writing dependency_links to ../../../build/autonomous_robot_gazebo/autonomous_robot_gazebo.egg-info/dependency_links.txt
[0.837s] writing requirements to ../../../build/autonomous_robot_gazebo/autonomous_robot_gazebo.egg-info/requires.txt
[0.837s] writing top-level names to ../../../build/autonomous_robot_gazebo/autonomous_robot_gazebo.egg-info/top_level.txt
[0.856s] reading manifest file '../../../build/autonomous_robot_gazebo/autonomous_robot_gazebo.egg-info/SOURCES.txt'
[0.856s] adding license file 'LICENSE'
[0.856s] writing manifest file '../../../build/autonomous_robot_gazebo/autonomous_robot_gazebo.egg-info/SOURCES.txt'
[0.857s] running build
[0.857s] running build_py
[0.857s] running install
[0.861s] running install_lib
[0.870s] running install_data
[0.870s] running install_egg_info
[0.880s] removing '/home/alonso/Development/School/ros_dev/install/autonomous_robot_gazebo/lib/python3.12/site-packages/autonomous_robot_gazebo-0.0.0-py3.12.egg-info' (and everything under it)
[0.880s] Copying ../../../build/autonomous_robot_gazebo/autonomous_robot_gazebo.egg-info to /home/alonso/Development/School/ros_dev/install/autonomous_robot_gazebo/lib/python3.12/site-packages/autonomous_robot_gazebo-0.0.0-py3.12.egg-info
[0.881s] running install_scripts
[0.976s] writing list of installed files to '/home/alonso/Development/School/ros_dev/build/autonomous_robot_gazebo/install.log'
[0.998s] Invoked command in '/home/alonso/Development/School/ros_dev/src/autonomous_robot/autonomous_robot_gazebo' returned '0': CONDA_PROMPT_MODIFIER=(base) DEBUGINFOD_URLS=https://debuginfod.ubuntu.com PYTHONPATH=/home/alonso/Development/School/ros_dev/build/autonomous_robot_gazebo/prefix_override:/usr/lib/python3/dist-packages/colcon_core/task/python/colcon_distutils_commands:/home/alonso/Development/School/ros_dev/install/autonomous_robot_gazebo/lib/python3.12/site-packages:${PYTHONPATH} /usr/bin/python3 -W ignore:setup.py install is deprecated -W ignore:easy_install command is deprecated setup.py egg_info --egg-base ../../../build/autonomous_robot_gazebo build --build-base /home/alonso/Development/School/ros_dev/build/autonomous_robot_gazebo/build install --record /home/alonso/Development/School/ros_dev/build/autonomous_robot_gazebo/install.log --single-version-externally-managed install_data
