[0.143s] DEBUG:colcon:Command line arguments: ['/usr/bin/colcon', 'build', '--packages-select', 'minibot']
[0.143s] DEBUG:colcon:Parsed command line arguments: Namespace(log_base=None, log_level=None, verb_name='build', build_base='build', install_base='install', merge_install=False, symlink_install=False, test_result_base=None, continue_on_error=False, executor='parallel', parallel_workers=16, event_handlers=None, ignore_user_meta=False, metas=['./colcon.meta'], base_paths=['.'], packages_ignore=None, packages_ignore_regex=None, paths=None, packages_up_to=None, packages_up_to_regex=None, packages_above=None, packages_above_and_dependencies=None, packages_above_depth=None, packages_select_by_dep=None, packages_skip_by_dep=None, packages_skip_up_to=None, packages_select_build_failed=False, packages_skip_build_finished=False, packages_select_test_failures=False, packages_skip_test_passed=False, packages_select=['minibot'], packages_skip=None, packages_select_regex=None, packages_skip_regex=None, packages_start=None, packages_end=None, allow_overriding=[], cmake_args=None, cmake_target=None, cmake_target_skip_unavailable=False, cmake_clean_cache=False, cmake_clean_first=False, cmake_force_configure=False, ament_cmake_args=None, catkin_cmake_args=None, catkin_skip_building_tests=False, mixin_files=None, mixin=None, verb_parser=<colcon_mixin.mixin.mixin_argument.MixinArgumentDecorator object at 0x728d1b2ad310>, verb_extension=<colcon_core.verb.build.BuildVerb object at 0x728d1b347830>, main=<bound method BuildVerb.main of <colcon_core.verb.build.BuildVerb object at 0x728d1b347830>>, mixin_verb=('build',))
[0.190s] Level 1:colcon.colcon_core.package_discovery:discover_packages(colcon_meta) check parameters
[0.190s] Level 1:colcon.colcon_core.package_discovery:discover_packages(recursive) check parameters
[0.190s] Level 1:colcon.colcon_core.package_discovery:discover_packages(ignore) check parameters
[0.190s] Level 1:colcon.colcon_core.package_discovery:discover_packages(path) check parameters
[0.190s] Level 1:colcon.colcon_core.package_discovery:discover_packages(colcon_meta) discover
[0.190s] Level 1:colcon.colcon_core.package_discovery:discover_packages(recursive) discover
[0.190s] INFO:colcon.colcon_core.package_discovery:Crawling recursively for packages in '/home/alonso/Development/School/ros_dev'
[0.190s] Level 1:colcon.colcon_core.package_identification:_identify(.) by extensions ['ignore', 'ignore_ament_install']
[0.190s] Level 1:colcon.colcon_core.package_identification:_identify(.) by extension 'ignore'
[0.190s] Level 1:colcon.colcon_core.package_identification:_identify(.) by extension 'ignore_ament_install'
[0.190s] Level 1:colcon.colcon_core.package_identification:_identify(.) by extensions ['colcon_pkg']
[0.190s] Level 1:colcon.colcon_core.package_identification:_identify(.) by extension 'colcon_pkg'
[0.190s] Level 1:colcon.colcon_core.package_identification:_identify(.) by extensions ['colcon_meta']
[0.190s] Level 1:colcon.colcon_core.package_identification:_identify(.) by extension 'colcon_meta'
[0.190s] Level 1:colcon.colcon_core.package_identification:_identify(.) by extensions ['ros']
[0.190s] Level 1:colcon.colcon_core.package_identification:_identify(.) by extension 'ros'
[0.215s] Level 1:colcon.colcon_core.package_identification:_identify(.) by extensions ['cmake', 'python']
[0.216s] Level 1:colcon.colcon_core.package_identification:_identify(.) by extension 'cmake'
[0.216s] Level 1:colcon.colcon_core.package_identification:_identify(.) by extension 'python'
[0.216s] Level 1:colcon.colcon_core.package_identification:_identify(.) by extensions ['python_setup_py']
[0.216s] Level 1:colcon.colcon_core.package_identification:_identify(.) by extension 'python_setup_py'
[0.216s] Level 1:colcon.colcon_core.package_identification:_identify(build) by extensions ['ignore', 'ignore_ament_install']
[0.216s] Level 1:colcon.colcon_core.package_identification:_identify(build) by extension 'ignore'
[0.216s] Level 1:colcon.colcon_core.package_identification:_identify(build) ignored
[0.216s] Level 1:colcon.colcon_core.package_identification:_identify(install) by extensions ['ignore', 'ignore_ament_install']
[0.216s] Level 1:colcon.colcon_core.package_identification:_identify(install) by extension 'ignore'
[0.216s] Level 1:colcon.colcon_core.package_identification:_identify(install) ignored
[0.216s] Level 1:colcon.colcon_core.package_identification:_identify(log) by extensions ['ignore', 'ignore_ament_install']
[0.216s] Level 1:colcon.colcon_core.package_identification:_identify(log) by extension 'ignore'
[0.216s] Level 1:colcon.colcon_core.package_identification:_identify(log) ignored
[0.216s] Level 1:colcon.colcon_core.package_identification:_identify(src) by extensions ['ignore', 'ignore_ament_install']
[0.216s] Level 1:colcon.colcon_core.package_identification:_identify(src) by extension 'ignore'
[0.216s] Level 1:colcon.colcon_core.package_identification:_identify(src) by extension 'ignore_ament_install'
[0.216s] Level 1:colcon.colcon_core.package_identification:_identify(src) by extensions ['colcon_pkg']
[0.216s] Level 1:colcon.colcon_core.package_identification:_identify(src) by extension 'colcon_pkg'
[0.216s] Level 1:colcon.colcon_core.package_identification:_identify(src) by extensions ['colcon_meta']
[0.216s] Level 1:colcon.colcon_core.package_identification:_identify(src) by extension 'colcon_meta'
[0.216s] Level 1:colcon.colcon_core.package_identification:_identify(src) by extensions ['ros']
[0.216s] Level 1:colcon.colcon_core.package_identification:_identify(src) by extension 'ros'
[0.216s] Level 1:colcon.colcon_core.package_identification:_identify(src) by extensions ['cmake', 'python']
[0.216s] Level 1:colcon.colcon_core.package_identification:_identify(src) by extension 'cmake'
[0.216s] Level 1:colcon.colcon_core.package_identification:_identify(src) by extension 'python'
[0.216s] Level 1:colcon.colcon_core.package_identification:_identify(src) by extensions ['python_setup_py']
[0.216s] Level 1:colcon.colcon_core.package_identification:_identify(src) by extension 'python_setup_py'
[0.217s] Level 1:colcon.colcon_core.package_identification:_identify(src/autonomous_robot) by extensions ['ignore', 'ignore_ament_install']
[0.217s] Level 1:colcon.colcon_core.package_identification:_identify(src/autonomous_robot) by extension 'ignore'
[0.217s] Level 1:colcon.colcon_core.package_identification:_identify(src/autonomous_robot) by extension 'ignore_ament_install'
[0.217s] Level 1:colcon.colcon_core.package_identification:_identify(src/autonomous_robot) by extensions ['colcon_pkg']
[0.217s] Level 1:colcon.colcon_core.package_identification:_identify(src/autonomous_robot) by extension 'colcon_pkg'
[0.217s] Level 1:colcon.colcon_core.package_identification:_identify(src/autonomous_robot) by extensions ['colcon_meta']
[0.217s] Level 1:colcon.colcon_core.package_identification:_identify(src/autonomous_robot) by extension 'colcon_meta'
[0.217s] Level 1:colcon.colcon_core.package_identification:_identify(src/autonomous_robot) by extensions ['ros']
[0.217s] Level 1:colcon.colcon_core.package_identification:_identify(src/autonomous_robot) by extension 'ros'
[0.217s] Level 1:colcon.colcon_core.package_identification:_identify(src/autonomous_robot) by extensions ['cmake', 'python']
[0.217s] Level 1:colcon.colcon_core.package_identification:_identify(src/autonomous_robot) by extension 'cmake'
[0.217s] Level 1:colcon.colcon_core.package_identification:_identify(src/autonomous_robot) by extension 'python'
[0.217s] Level 1:colcon.colcon_core.package_identification:_identify(src/autonomous_robot) by extensions ['python_setup_py']
[0.217s] Level 1:colcon.colcon_core.package_identification:_identify(src/autonomous_robot) by extension 'python_setup_py'
[0.217s] Level 1:colcon.colcon_core.package_identification:_identify(src/autonomous_robot/autonomous_robot) by extensions ['ignore', 'ignore_ament_install']
[0.217s] Level 1:colcon.colcon_core.package_identification:_identify(src/autonomous_robot/autonomous_robot) by extension 'ignore'
[0.217s] Level 1:colcon.colcon_core.package_identification:_identify(src/autonomous_robot/autonomous_robot) by extension 'ignore_ament_install'
[0.217s] Level 1:colcon.colcon_core.package_identification:_identify(src/autonomous_robot/autonomous_robot) by extensions ['colcon_pkg']
[0.217s] Level 1:colcon.colcon_core.package_identification:_identify(src/autonomous_robot/autonomous_robot) by extension 'colcon_pkg'
[0.217s] Level 1:colcon.colcon_core.package_identification:_identify(src/autonomous_robot/autonomous_robot) by extensions ['colcon_meta']
[0.217s] Level 1:colcon.colcon_core.package_identification:_identify(src/autonomous_robot/autonomous_robot) by extension 'colcon_meta'
[0.217s] Level 1:colcon.colcon_core.package_identification:_identify(src/autonomous_robot/autonomous_robot) by extensions ['ros']
[0.217s] Level 1:colcon.colcon_core.package_identification:_identify(src/autonomous_robot/autonomous_robot) by extension 'ros'
[0.223s] DEBUG:colcon.colcon_core.package_identification:Package 'src/autonomous_robot/autonomous_robot' with type 'ros.ament_cmake' and name 'autonomous_robot'
[0.223s] Level 1:colcon.colcon_core.package_identification:_identify(src/autonomous_robot/autonomous_robot_bringup) by extensions ['ignore', 'ignore_ament_install']
[0.223s] Level 1:colcon.colcon_core.package_identification:_identify(src/autonomous_robot/autonomous_robot_bringup) by extension 'ignore'
[0.223s] Level 1:colcon.colcon_core.package_identification:_identify(src/autonomous_robot/autonomous_robot_bringup) by extension 'ignore_ament_install'
[0.223s] Level 1:colcon.colcon_core.package_identification:_identify(src/autonomous_robot/autonomous_robot_bringup) by extensions ['colcon_pkg']
[0.224s] Level 1:colcon.colcon_core.package_identification:_identify(src/autonomous_robot/autonomous_robot_bringup) by extension 'colcon_pkg'
[0.224s] Level 1:colcon.colcon_core.package_identification:_identify(src/autonomous_robot/autonomous_robot_bringup) by extensions ['colcon_meta']
[0.224s] Level 1:colcon.colcon_core.package_identification:_identify(src/autonomous_robot/autonomous_robot_bringup) by extension 'colcon_meta'
[0.224s] Level 1:colcon.colcon_core.package_identification:_identify(src/autonomous_robot/autonomous_robot_bringup) by extensions ['ros']
[0.224s] Level 1:colcon.colcon_core.package_identification:_identify(src/autonomous_robot/autonomous_robot_bringup) by extension 'ros'
[0.225s] DEBUG:colcon.colcon_core.package_identification:Package 'src/autonomous_robot/autonomous_robot_bringup' with type 'ros.ament_python' and name 'autonomous_robot_bringup'
[0.225s] Level 1:colcon.colcon_core.package_identification:_identify(src/autonomous_robot/autonomous_robot_description) by extensions ['ignore', 'ignore_ament_install']
[0.225s] Level 1:colcon.colcon_core.package_identification:_identify(src/autonomous_robot/autonomous_robot_description) by extension 'ignore'
[0.225s] Level 1:colcon.colcon_core.package_identification:_identify(src/autonomous_robot/autonomous_robot_description) by extension 'ignore_ament_install'
[0.225s] Level 1:colcon.colcon_core.package_identification:_identify(src/autonomous_robot/autonomous_robot_description) by extensions ['colcon_pkg']
[0.225s] Level 1:colcon.colcon_core.package_identification:_identify(src/autonomous_robot/autonomous_robot_description) by extension 'colcon_pkg'
[0.225s] Level 1:colcon.colcon_core.package_identification:_identify(src/autonomous_robot/autonomous_robot_description) by extensions ['colcon_meta']
[0.225s] Level 1:colcon.colcon_core.package_identification:_identify(src/autonomous_robot/autonomous_robot_description) by extension 'colcon_meta'
[0.225s] Level 1:colcon.colcon_core.package_identification:_identify(src/autonomous_robot/autonomous_robot_description) by extensions ['ros']
[0.225s] Level 1:colcon.colcon_core.package_identification:_identify(src/autonomous_robot/autonomous_robot_description) by extension 'ros'
[0.226s] DEBUG:colcon.colcon_core.package_identification:Package 'src/autonomous_robot/autonomous_robot_description' with type 'ros.ament_cmake' and name 'autonomous_robot_description'
[0.226s] Level 1:colcon.colcon_core.package_identification:_identify(src/autonomous_robot/autonomous_robot_gazebo) by extensions ['ignore', 'ignore_ament_install']
[0.226s] Level 1:colcon.colcon_core.package_identification:_identify(src/autonomous_robot/autonomous_robot_gazebo) by extension 'ignore'
[0.226s] Level 1:colcon.colcon_core.package_identification:_identify(src/autonomous_robot/autonomous_robot_gazebo) by extension 'ignore_ament_install'
[0.226s] Level 1:colcon.colcon_core.package_identification:_identify(src/autonomous_robot/autonomous_robot_gazebo) by extensions ['colcon_pkg']
[0.226s] Level 1:colcon.colcon_core.package_identification:_identify(src/autonomous_robot/autonomous_robot_gazebo) by extension 'colcon_pkg'
[0.226s] Level 1:colcon.colcon_core.package_identification:_identify(src/autonomous_robot/autonomous_robot_gazebo) by extensions ['colcon_meta']
[0.226s] Level 1:colcon.colcon_core.package_identification:_identify(src/autonomous_robot/autonomous_robot_gazebo) by extension 'colcon_meta'
[0.226s] Level 1:colcon.colcon_core.package_identification:_identify(src/autonomous_robot/autonomous_robot_gazebo) by extensions ['ros']
[0.226s] Level 1:colcon.colcon_core.package_identification:_identify(src/autonomous_robot/autonomous_robot_gazebo) by extension 'ros'
[0.228s] DEBUG:colcon.colcon_core.package_identification:Package 'src/autonomous_robot/autonomous_robot_gazebo' with type 'ros.ament_python' and name 'autonomous_robot_gazebo'
[0.228s] Level 1:colcon.colcon_core.package_identification:_identify(src/autonomous_robot/autonomous_robot_system_tests) by extensions ['ignore', 'ignore_ament_install']
[0.228s] Level 1:colcon.colcon_core.package_identification:_identify(src/autonomous_robot/autonomous_robot_system_tests) by extension 'ignore'
[0.228s] Level 1:colcon.colcon_core.package_identification:_identify(src/autonomous_robot/autonomous_robot_system_tests) by extension 'ignore_ament_install'
[0.228s] Level 1:colcon.colcon_core.package_identification:_identify(src/autonomous_robot/autonomous_robot_system_tests) by extensions ['colcon_pkg']
[0.228s] Level 1:colcon.colcon_core.package_identification:_identify(src/autonomous_robot/autonomous_robot_system_tests) by extension 'colcon_pkg'
[0.228s] Level 1:colcon.colcon_core.package_identification:_identify(src/autonomous_robot/autonomous_robot_system_tests) by extensions ['colcon_meta']
[0.228s] Level 1:colcon.colcon_core.package_identification:_identify(src/autonomous_robot/autonomous_robot_system_tests) by extension 'colcon_meta'
[0.228s] Level 1:colcon.colcon_core.package_identification:_identify(src/autonomous_robot/autonomous_robot_system_tests) by extensions ['ros']
[0.228s] Level 1:colcon.colcon_core.package_identification:_identify(src/autonomous_robot/autonomous_robot_system_tests) by extension 'ros'
[0.229s] DEBUG:colcon.colcon_core.package_identification:Package 'src/autonomous_robot/autonomous_robot_system_tests' with type 'ros.ament_python' and name 'autonomous_robot_system_tests'
[0.229s] Level 1:colcon.colcon_core.package_identification:_identify(src/minibot) by extensions ['ignore', 'ignore_ament_install']
[0.229s] Level 1:colcon.colcon_core.package_identification:_identify(src/minibot) by extension 'ignore'
[0.229s] Level 1:colcon.colcon_core.package_identification:_identify(src/minibot) by extension 'ignore_ament_install'
[0.230s] Level 1:colcon.colcon_core.package_identification:_identify(src/minibot) by extensions ['colcon_pkg']
[0.230s] Level 1:colcon.colcon_core.package_identification:_identify(src/minibot) by extension 'colcon_pkg'
[0.230s] Level 1:colcon.colcon_core.package_identification:_identify(src/minibot) by extensions ['colcon_meta']
[0.230s] Level 1:colcon.colcon_core.package_identification:_identify(src/minibot) by extension 'colcon_meta'
[0.230s] Level 1:colcon.colcon_core.package_identification:_identify(src/minibot) by extensions ['ros']
[0.230s] Level 1:colcon.colcon_core.package_identification:_identify(src/minibot) by extension 'ros'
[0.230s] DEBUG:colcon.colcon_core.package_identification:Package 'src/minibot' with type 'ros.ament_python' and name 'minibot'
[0.230s] Level 1:colcon.colcon_core.package_identification:_identify(src/ros2_fundamentals_examples) by extensions ['ignore', 'ignore_ament_install']
[0.231s] Level 1:colcon.colcon_core.package_identification:_identify(src/ros2_fundamentals_examples) by extension 'ignore'
[0.231s] Level 1:colcon.colcon_core.package_identification:_identify(src/ros2_fundamentals_examples) by extension 'ignore_ament_install'
[0.231s] Level 1:colcon.colcon_core.package_identification:_identify(src/ros2_fundamentals_examples) by extensions ['colcon_pkg']
[0.231s] Level 1:colcon.colcon_core.package_identification:_identify(src/ros2_fundamentals_examples) by extension 'colcon_pkg'
[0.231s] Level 1:colcon.colcon_core.package_identification:_identify(src/ros2_fundamentals_examples) by extensions ['colcon_meta']
[0.231s] Level 1:colcon.colcon_core.package_identification:_identify(src/ros2_fundamentals_examples) by extension 'colcon_meta'
[0.231s] Level 1:colcon.colcon_core.package_identification:_identify(src/ros2_fundamentals_examples) by extensions ['ros']
[0.231s] Level 1:colcon.colcon_core.package_identification:_identify(src/ros2_fundamentals_examples) by extension 'ros'
[0.232s] DEBUG:colcon.colcon_core.package_identification:Package 'src/ros2_fundamentals_examples' with type 'ros.ament_cmake' and name 'ros2_fundamentals_examples'
[0.232s] Level 1:colcon.colcon_core.package_discovery:discover_packages(recursive) using defaults
[0.232s] Level 1:colcon.colcon_core.package_discovery:discover_packages(ignore) discover
[0.232s] Level 1:colcon.colcon_core.package_discovery:discover_packages(ignore) using defaults
[0.232s] Level 1:colcon.colcon_core.package_discovery:discover_packages(path) discover
[0.232s] Level 1:colcon.colcon_core.package_discovery:discover_packages(path) using defaults
[0.254s] INFO:colcon.colcon_core.package_selection:Skipping not selected package 'autonomous_robot_bringup' in 'src/autonomous_robot/autonomous_robot_bringup'
[0.254s] INFO:colcon.colcon_core.package_selection:Skipping not selected package 'autonomous_robot_description' in 'src/autonomous_robot/autonomous_robot_description'
[0.254s] INFO:colcon.colcon_core.package_selection:Skipping not selected package 'autonomous_robot_system_tests' in 'src/autonomous_robot/autonomous_robot_system_tests'
[0.254s] INFO:colcon.colcon_core.package_selection:Skipping not selected package 'ros2_fundamentals_examples' in 'src/ros2_fundamentals_examples'
[0.254s] INFO:colcon.colcon_core.package_selection:Skipping not selected package 'autonomous_robot_gazebo' in 'src/autonomous_robot/autonomous_robot_gazebo'
[0.254s] INFO:colcon.colcon_core.package_selection:Skipping not selected package 'autonomous_robot' in 'src/autonomous_robot/autonomous_robot'
[0.255s] Level 1:colcon.colcon_core.package_discovery:discover_packages(prefix_path) check parameters
[0.255s] Level 1:colcon.colcon_core.package_discovery:discover_packages(prefix_path) discover
[0.256s] WARNING:colcon.colcon_ros.prefix_path.ament:The path '/home/alonso/Development/School/ros_dev/install/mecanum_drive_controller' in the environment variable AMENT_PREFIX_PATH doesn't exist
[0.256s] WARNING:colcon.colcon_ros.prefix_path.catkin:The path '/home/alonso/Development/School/ros_dev/install/mecanum_drive_controller' in the environment variable CMAKE_PREFIX_PATH doesn't exist
[0.257s] DEBUG:colcon.colcon_installed_package_information.package_discovery:Found 7 installed packages in /home/alonso/Development/School/ros_dev/install
[0.258s] DEBUG:colcon.colcon_installed_package_information.package_discovery:Found 314 installed packages in /opt/ros/jazzy
[0.259s] Level 1:colcon.colcon_core.package_discovery:discover_packages(prefix_path) using defaults
[0.282s] Level 5:colcon.colcon_core.verb:set package 'minibot' build argument 'cmake_args' from command line to 'None'
[0.283s] Level 5:colcon.colcon_core.verb:set package 'minibot' build argument 'cmake_target' from command line to 'None'
[0.283s] Level 5:colcon.colcon_core.verb:set package 'minibot' build argument 'cmake_target_skip_unavailable' from command line to 'False'
[0.283s] Level 5:colcon.colcon_core.verb:set package 'minibot' build argument 'cmake_clean_cache' from command line to 'False'
[0.283s] Level 5:colcon.colcon_core.verb:set package 'minibot' build argument 'cmake_clean_first' from command line to 'False'
[0.283s] Level 5:colcon.colcon_core.verb:set package 'minibot' build argument 'cmake_force_configure' from command line to 'False'
[0.283s] Level 5:colcon.colcon_core.verb:set package 'minibot' build argument 'ament_cmake_args' from command line to 'None'
[0.283s] Level 5:colcon.colcon_core.verb:set package 'minibot' build argument 'catkin_cmake_args' from command line to 'None'
[0.283s] Level 5:colcon.colcon_core.verb:set package 'minibot' build argument 'catkin_skip_building_tests' from command line to 'False'
[0.283s] DEBUG:colcon.colcon_core.verb:Building package 'minibot' with the following arguments: {'ament_cmake_args': None, 'build_base': '/home/alonso/Development/School/ros_dev/build/minibot', 'catkin_cmake_args': None, 'catkin_skip_building_tests': False, 'cmake_args': None, 'cmake_clean_cache': False, 'cmake_clean_first': False, 'cmake_force_configure': False, 'cmake_target': None, 'cmake_target_skip_unavailable': False, 'install_base': '/home/alonso/Development/School/ros_dev/install/minibot', 'merge_install': False, 'path': '/home/alonso/Development/School/ros_dev/src/minibot', 'symlink_install': False, 'test_result_base': None}
[0.283s] INFO:colcon.colcon_core.executor:Executing jobs using 'parallel' executor
[0.284s] DEBUG:colcon.colcon_parallel_executor.executor.parallel:run_until_complete
[0.284s] INFO:colcon.colcon_ros.task.ament_python.build:Building ROS package in '/home/alonso/Development/School/ros_dev/src/minibot' with build type 'ament_python'
[0.284s] Level 1:colcon.colcon_core.shell:create_environment_hook('minibot', 'ament_prefix_path')
[0.287s] INFO:colcon.colcon_core.plugin_system:Skipping extension 'colcon_core.shell.bat': Not used on non-Windows systems
[0.288s] INFO:colcon.colcon_core.shell:Creating environment hook '/home/alonso/Development/School/ros_dev/install/minibot/share/minibot/hook/ament_prefix_path.ps1'
[0.288s] INFO:colcon.colcon_core.shell:Creating environment descriptor '/home/alonso/Development/School/ros_dev/install/minibot/share/minibot/hook/ament_prefix_path.dsv'
[0.289s] INFO:colcon.colcon_core.shell:Creating environment hook '/home/alonso/Development/School/ros_dev/install/minibot/share/minibot/hook/ament_prefix_path.sh'
[0.290s] INFO:colcon.colcon_core.shell:Skip shell extension 'powershell' for command environment: Not usable outside of PowerShell
[0.290s] DEBUG:colcon.colcon_core.shell:Skip shell extension 'dsv' for command environment
[0.434s] INFO:colcon.colcon_core.task.python.build:Building Python package in '/home/alonso/Development/School/ros_dev/src/minibot'
[0.434s] INFO:colcon.colcon_core.shell:Skip shell extension 'powershell' for command environment: Not usable outside of PowerShell
[0.435s] DEBUG:colcon.colcon_core.shell:Skip shell extension 'dsv' for command environment
[0.959s] DEBUG:colcon.colcon_core.event_handler.log_command:Invoking command in '/home/alonso/Development/School/ros_dev/src/minibot': CONDA_PROMPT_MODIFIER=(base) DEBUGINFOD_URLS=https://debuginfod.ubuntu.com PYTHONPATH=/home/alonso/Development/School/ros_dev/build/minibot/prefix_override:/usr/lib/python3/dist-packages/colcon_core/task/python/colcon_distutils_commands:/home/alonso/Development/School/ros_dev/install/minibot/lib/python3.12/site-packages:${PYTHONPATH} /usr/bin/python3 -W ignore:setup.py install is deprecated -W ignore:easy_install command is deprecated setup.py egg_info --egg-base ../../build/minibot build --build-base /home/alonso/Development/School/ros_dev/build/minibot/build install --record /home/alonso/Development/School/ros_dev/build/minibot/install.log --single-version-externally-managed install_data
[1.271s] DEBUG:colcon.colcon_core.event_handler.log_command:Invoked command in '/home/alonso/Development/School/ros_dev/src/minibot' returned '0': CONDA_PROMPT_MODIFIER=(base) DEBUGINFOD_URLS=https://debuginfod.ubuntu.com PYTHONPATH=/home/alonso/Development/School/ros_dev/build/minibot/prefix_override:/usr/lib/python3/dist-packages/colcon_core/task/python/colcon_distutils_commands:/home/alonso/Development/School/ros_dev/install/minibot/lib/python3.12/site-packages:${PYTHONPATH} /usr/bin/python3 -W ignore:setup.py install is deprecated -W ignore:easy_install command is deprecated setup.py egg_info --egg-base ../../build/minibot build --build-base /home/alonso/Development/School/ros_dev/build/minibot/build install --record /home/alonso/Development/School/ros_dev/build/minibot/install.log --single-version-externally-managed install_data
[1.277s] Level 1:colcon.colcon_core.environment:checking '/home/alonso/Development/School/ros_dev/install/minibot' for CMake module files
[1.278s] Level 1:colcon.colcon_core.environment:checking '/home/alonso/Development/School/ros_dev/install/minibot' for CMake config files
[1.279s] Level 1:colcon.colcon_core.environment:checking '/home/alonso/Development/School/ros_dev/install/minibot/lib'
[1.279s] Level 1:colcon.colcon_core.environment:checking '/home/alonso/Development/School/ros_dev/install/minibot/bin'
[1.279s] Level 1:colcon.colcon_core.environment:checking '/home/alonso/Development/School/ros_dev/install/minibot/lib/pkgconfig/minibot.pc'
[1.279s] Level 1:colcon.colcon_core.environment:checking '/home/alonso/Development/School/ros_dev/install/minibot/lib/python3.12/site-packages'
[1.279s] Level 1:colcon.colcon_core.shell:create_environment_hook('minibot', 'pythonpath')
[1.279s] INFO:colcon.colcon_core.shell:Creating environment hook '/home/alonso/Development/School/ros_dev/install/minibot/share/minibot/hook/pythonpath.ps1'
[1.280s] INFO:colcon.colcon_core.shell:Creating environment descriptor '/home/alonso/Development/School/ros_dev/install/minibot/share/minibot/hook/pythonpath.dsv'
[1.280s] INFO:colcon.colcon_core.shell:Creating environment hook '/home/alonso/Development/School/ros_dev/install/minibot/share/minibot/hook/pythonpath.sh'
[1.281s] Level 1:colcon.colcon_core.environment:checking '/home/alonso/Development/School/ros_dev/install/minibot/bin'
[1.281s] Level 1:colcon.colcon_core.environment:create_environment_scripts_only(minibot)
[1.281s] INFO:colcon.colcon_core.shell:Creating package script '/home/alonso/Development/School/ros_dev/install/minibot/share/minibot/package.ps1'
[1.283s] INFO:colcon.colcon_core.shell:Creating package descriptor '/home/alonso/Development/School/ros_dev/install/minibot/share/minibot/package.dsv'
[1.283s] INFO:colcon.colcon_core.shell:Creating package script '/home/alonso/Development/School/ros_dev/install/minibot/share/minibot/package.sh'
[1.285s] INFO:colcon.colcon_core.shell:Creating package script '/home/alonso/Development/School/ros_dev/install/minibot/share/minibot/package.bash'
[1.286s] INFO:colcon.colcon_core.shell:Creating package script '/home/alonso/Development/School/ros_dev/install/minibot/share/minibot/package.zsh'
[1.287s] Level 1:colcon.colcon_core.environment:create_file_with_runtime_dependencies(/home/alonso/Development/School/ros_dev/install/minibot/share/colcon-core/packages/minibot)
[1.287s] DEBUG:colcon.colcon_parallel_executor.executor.parallel:closing loop
[1.288s] DEBUG:colcon.colcon_parallel_executor.executor.parallel:loop closed
[1.288s] DEBUG:colcon.colcon_parallel_executor.executor.parallel:run_until_complete finished with '0'
[1.288s] DEBUG:colcon.colcon_core.event_reactor:joining thread
[1.295s] INFO:colcon.colcon_core.plugin_system:Skipping extension 'colcon_notification.desktop_notification.terminal_notifier': Not used on non-Darwin systems
[1.295s] INFO:colcon.colcon_core.plugin_system:Skipping extension 'colcon_notification.desktop_notification.win32': Not used on non-Windows systems
[1.295s] INFO:colcon.colcon_notification.desktop_notification:Sending desktop notification using 'notify2'
[1.304s] DEBUG:colcon.colcon_core.event_reactor:joined thread
[1.305s] INFO:colcon.colcon_core.shell:Creating prefix script '/home/alonso/Development/School/ros_dev/install/local_setup.ps1'
[1.305s] INFO:colcon.colcon_core.shell:Creating prefix util module '/home/alonso/Development/School/ros_dev/install/_local_setup_util_ps1.py'
[1.307s] INFO:colcon.colcon_core.shell:Creating prefix chain script '/home/alonso/Development/School/ros_dev/install/setup.ps1'
[1.309s] INFO:colcon.colcon_core.shell:Creating prefix script '/home/alonso/Development/School/ros_dev/install/local_setup.sh'
[1.310s] INFO:colcon.colcon_core.shell:Creating prefix util module '/home/alonso/Development/School/ros_dev/install/_local_setup_util_sh.py'
[1.310s] INFO:colcon.colcon_core.shell:Creating prefix chain script '/home/alonso/Development/School/ros_dev/install/setup.sh'
[1.311s] INFO:colcon.colcon_core.shell:Creating prefix script '/home/alonso/Development/School/ros_dev/install/local_setup.bash'
[1.312s] INFO:colcon.colcon_core.shell:Creating prefix chain script '/home/alonso/Development/School/ros_dev/install/setup.bash'
[1.313s] INFO:colcon.colcon_core.shell:Creating prefix script '/home/alonso/Development/School/ros_dev/install/local_setup.zsh'
[1.314s] INFO:colcon.colcon_core.shell:Creating prefix chain script '/home/alonso/Development/School/ros_dev/install/setup.zsh'
